[ 2014-02-28T13:39:54+08:00 ] 127.0.0.1 /
INFO: [ app_begin ] --START--
INFO: ReadHtmlCache Behavior ::run [ RunTime:0.001102s ]
INFO: [ app_begin ] --END-- [ RunTime:0.001295s ]
INFO: [ view_parse ] --START--
SQL: SHOW COLUMNS FROM `sun_news` [ RunTime:0.030369s ]
SQL: SHOW COLUMNS FROM `sun_news_attr` [ RunTime:0.010839s ]
SQL: SHOW COLUMNS FROM `sun_attr` [ RunTime:0.019861s ]
SQL: SELECT news.id AS id,news.title AS title,news.images AS images,news.description AS description,attr.id AS a_id FROM sun_news news LEFT JOIN sun_news_attr news_attr ON news.id = news_attr.nid RIGHT JOIN sun_attr attr ON news_attr.aid = attr.id WHERE ( `del` = 0 ) AND ( news.cid = 23 ) AND ( attr.id = 2 ) ORDER BY news.id DESC LIMIT 0,1   [ RunTime:0.064736s ]
SQL: SELECT news.id AS id,news.title AS title,news.images AS images,news.description AS description,attr.id AS a_id FROM sun_news news LEFT JOIN sun_news_attr news_attr ON news.id = news_attr.nid RIGHT JOIN sun_attr attr ON news_attr.aid = attr.id WHERE ( `del` = 0 ) AND ( news.cid = 23 ) AND ( attr.id = 2 ) ORDER BY news.id DESC LIMIT 0,1   [ RunTime:0.001412s ]
SQL: SELECT news.id AS id,news.title AS title,news.images AS images,news.description AS description,attr.id AS a_id FROM sun_news news LEFT JOIN sun_news_attr news_attr ON news.id = news_attr.nid RIGHT JOIN sun_attr attr ON news_attr.aid = attr.id WHERE ( `del` = 0 ) AND ( news.cid = 23 ) AND ( attr.id = 2 ) ORDER BY news.id DESC LIMIT 0,1   [ RunTime:0.000940s ]
NOTIC: [8] Use of undefined constant images - assumed 'images' D:\wamp5.3\www\Cache\Cache\Index\8ed2c844f6ed837cbecd724df679eeb0.php 第 1 行.
SQL: SELECT `id`,`title` FROM `sun_news` WHERE ( `del` = 0 ) AND ( `cid` = 23 ) ORDER BY id DESC LIMIT 0,9   [ RunTime:0.000722s ]
NOTIC: [8] Undefined index: cid D:\wamp5.3\www\Index\Modules\Index\Widget\HotWidget.class.php 第 11 行.
SQL: SELECT news.id AS id,news.title AS title,news.images AS images,news.description AS description,attr.id AS a_id FROM sun_news news LEFT JOIN sun_news_attr news_attr ON news.id = news_attr.nid RIGHT JOIN sun_attr attr ON news_attr.aid = attr.id WHERE ( `del` = 0 ) AND ( attr.id = 1 ) ORDER BY news.id DESC LIMIT 0,1   [ RunTime:0.017963s ]
NOTIC: [8] Undefined index: cid D:\wamp5.3\www\Index\Modules\Index\Widget\NewWidget.class.php 第 10 行.
SQL: SELECT `id`,`title` FROM `sun_news` WHERE ( `del` = 0 ) ORDER BY id DESC LIMIT 0,6   [ RunTime:0.000732s ]
NOTIC: [8] Undefined index: cid D:\wamp5.3\www\Index\Modules\Index\Widget\HotWidget.class.php 第 11 行.
SQL: SELECT news.id AS id,news.title AS title,news.images AS images,news.description AS description,attr.id AS a_id FROM sun_news news LEFT JOIN sun_news_attr news_attr ON news.id = news_attr.nid RIGHT JOIN sun_attr attr ON news_attr.aid = attr.id WHERE ( `del` = 0 ) AND ( attr.id = 1 ) ORDER BY news.id DESC LIMIT 1,1   [ RunTime:0.001004s ]
NOTIC: [8] Undefined index: cid D:\wamp5.3\www\Index\Modules\Index\Widget\NewWidget.class.php 第 10 行.
SQL: SELECT `id`,`title` FROM `sun_news` WHERE ( `del` = 0 ) ORDER BY id DESC LIMIT 6,6   [ RunTime:0.000647s ]
SQL: SELECT news.id AS id,news.title AS title,news.images AS images,news.description AS description,attr.id AS a_id FROM sun_news news LEFT JOIN sun_news_attr news_attr ON news.id = news_attr.nid RIGHT JOIN sun_attr attr ON news_attr.aid = attr.id WHERE ( `del` = 0 ) AND ( news.cid = 4 ) AND ( attr.id = 2 ) ORDER BY news.id DESC LIMIT 0,1   [ RunTime:0.001073s ]
NOTIC: [8] Use of undefined constant images - assumed 'images' D:\wamp5.3\www\Cache\Cache\Index\8ed2c844f6ed837cbecd724df679eeb0.php 第 1 行.
SQL: SELECT news.id AS id,news.title AS title,news.images AS images,news.description AS description,attr.id AS a_id FROM sun_news news LEFT JOIN sun_news_attr news_attr ON news.id = news_attr.nid RIGHT JOIN sun_attr attr ON news_attr.aid = attr.id WHERE ( `del` = 0 ) AND ( news.cid = 4 ) AND ( attr.id = 2 ) ORDER BY news.id DESC LIMIT 0,1   [ RunTime:0.001071s ]
SQL: SELECT `id`,`title` FROM `sun_news` WHERE ( `del` = 0 ) AND ( `cid` = 4 ) ORDER BY id DESC LIMIT 0,3   [ RunTime:0.000932s ]
SQL: SELECT news.id AS id,news.title AS title,news.images AS images,news.description AS description,attr.id AS a_id FROM sun_news news LEFT JOIN sun_news_attr news_attr ON news.id = news_attr.nid RIGHT JOIN sun_attr attr ON news_attr.aid = attr.id WHERE ( `del` = 0 ) AND ( news.cid = 3 ) AND ( attr.id = 2 ) ORDER BY news.id DESC LIMIT 0,1   [ RunTime:0.031946s ]
NOTIC: [8] Use of undefined constant images - assumed 'images' D:\wamp5.3\www\Cache\Cache\Index\8ed2c844f6ed837cbecd724df679eeb0.php 第 1 行.
SQL: SELECT news.id AS id,news.title AS title,news.images AS images,news.description AS description,attr.id AS a_id FROM sun_news news LEFT JOIN sun_news_attr news_attr ON news.id = news_attr.nid RIGHT JOIN sun_attr attr ON news_attr.aid = attr.id WHERE ( `del` = 0 ) AND ( news.cid = 3 ) AND ( attr.id = 2 ) ORDER BY news.id DESC LIMIT 0,1   [ RunTime:0.001648s ]
SQL: SELECT news.id AS id,news.title AS title,news.images AS images,news.description AS description,attr.id AS a_id FROM sun_news news LEFT JOIN sun_news_attr news_attr ON news.id = news_attr.nid RIGHT JOIN sun_attr attr ON news_attr.aid = attr.id WHERE ( `del` = 0 ) AND ( news.cid = 3 ) AND ( attr.id = 2 ) ORDER BY news.id DESC LIMIT 0,1   [ RunTime:0.001784s ]
SQL: SELECT `id`,`title` FROM `sun_news` WHERE ( `del` = 0 ) AND ( `cid` = 3 ) ORDER BY id DESC LIMIT 0,4   [ RunTime:0.042056s ]
SQL: SELECT news.id AS id,news.title AS title,news.images AS images,news.description AS description,attr.id AS a_id FROM sun_news news LEFT JOIN sun_news_attr news_attr ON news.id = news_attr.nid RIGHT JOIN sun_attr attr ON news_attr.aid = attr.id WHERE ( `del` = 0 ) AND ( news.cid = 12 ) AND ( attr.id = 2 ) ORDER BY news.id DESC LIMIT 0,1   [ RunTime:0.001061s ]
NOTIC: [8] Use of undefined constant images - assumed 'images' D:\wamp5.3\www\Cache\Cache\Index\8ed2c844f6ed837cbecd724df679eeb0.php 第 1 行.
SQL: SELECT news.id AS id,news.title AS title,news.images AS images,news.description AS description,attr.id AS a_id FROM sun_news news LEFT JOIN sun_news_attr news_attr ON news.id = news_attr.nid RIGHT JOIN sun_attr attr ON news_attr.aid = attr.id WHERE ( `del` = 0 ) AND ( news.cid = 12 ) AND ( attr.id = 2 ) ORDER BY news.id DESC LIMIT 0,1   [ RunTime:0.000844s ]
SQL: SELECT news.id AS id,news.title AS title,news.images AS images,news.description AS description,attr.id AS a_id FROM sun_news news LEFT JOIN sun_news_attr news_attr ON news.id = news_attr.nid RIGHT JOIN sun_attr attr ON news_attr.aid = attr.id WHERE ( `del` = 0 ) AND ( news.cid = 12 ) AND ( attr.id = 2 ) ORDER BY news.id DESC LIMIT 1,1   [ RunTime:0.000856s ]
NOTIC: [8] Use of undefined constant images - assumed 'images' D:\wamp5.3\www\Cache\Cache\Index\8ed2c844f6ed837cbecd724df679eeb0.php 第 1 行.
SQL: SELECT news.id AS id,news.title AS title,news.images AS images,news.description AS description,attr.id AS a_id FROM sun_news news LEFT JOIN sun_news_attr news_attr ON news.id = news_attr.nid RIGHT JOIN sun_attr attr ON news_attr.aid = attr.id WHERE ( `del` = 0 ) AND ( news.cid = 12 ) AND ( attr.id = 2 ) ORDER BY news.id DESC LIMIT 1,1   [ RunTime:0.000850s ]
SQL: SELECT news.id AS id,news.title AS title,news.images AS images,news.description AS description,attr.id AS a_id FROM sun_news news LEFT JOIN sun_news_attr news_attr ON news.id = news_attr.nid RIGHT JOIN sun_attr attr ON news_attr.aid = attr.id WHERE ( `del` = 0 ) AND ( news.cid = 12 ) AND ( attr.id = 2 ) ORDER BY news.id DESC LIMIT 2,1   [ RunTime:0.000838s ]
NOTIC: [8] Use of undefined constant images - assumed 'images' D:\wamp5.3\www\Cache\Cache\Index\8ed2c844f6ed837cbecd724df679eeb0.php 第 1 行.
SQL: SELECT news.id AS id,news.title AS title,news.images AS images,news.description AS description,attr.id AS a_id FROM sun_news news LEFT JOIN sun_news_attr news_attr ON news.id = news_attr.nid RIGHT JOIN sun_attr attr ON news_attr.aid = attr.id WHERE ( `del` = 0 ) AND ( news.cid = 12 ) AND ( attr.id = 2 ) ORDER BY news.id DESC LIMIT 2,1   [ RunTime:0.000772s ]
SQL: SELECT `id`,`title` FROM `sun_news` WHERE ( `del` = 0 ) AND ( `cid` = 10 ) ORDER BY id DESC LIMIT 0,6   [ RunTime:0.000521s ]
SQL: SELECT news.id AS id,news.title AS title,news.images AS images,news.description AS description,attr.id AS a_id FROM sun_news news LEFT JOIN sun_news_attr news_attr ON news.id = news_attr.nid RIGHT JOIN sun_attr attr ON news_attr.aid = attr.id WHERE ( `del` = 0 ) AND ( news.cid = 10 ) AND ( attr.id = 2 ) ORDER BY news.id DESC LIMIT 0,1   [ RunTime:0.000737s ]
NOTIC: [8] Use of undefined constant images - assumed 'images' D:\wamp5.3\www\Cache\Cache\Index\8ed2c844f6ed837cbecd724df679eeb0.php 第 1 行.
SQL: SELECT news.id AS id,news.title AS title,news.images AS images,news.description AS description,attr.id AS a_id FROM sun_news news LEFT JOIN sun_news_attr news_attr ON news.id = news_attr.nid RIGHT JOIN sun_attr attr ON news_attr.aid = attr.id WHERE ( `del` = 0 ) AND ( news.cid = 10 ) AND ( attr.id = 2 ) ORDER BY news.id DESC LIMIT 0,1   [ RunTime:0.000739s ]
SQL: SELECT news.id AS id,news.title AS title,news.images AS images,news.description AS description,attr.id AS a_id FROM sun_news news LEFT JOIN sun_news_attr news_attr ON news.id = news_attr.nid RIGHT JOIN sun_attr attr ON news_attr.aid = attr.id WHERE ( `del` = 0 ) AND ( news.cid = 10 ) AND ( attr.id = 2 ) ORDER BY news.id DESC LIMIT 1,1   [ RunTime:0.000771s ]
NOTIC: [8] Use of undefined constant images - assumed 'images' D:\wamp5.3\www\Cache\Cache\Index\8ed2c844f6ed837cbecd724df679eeb0.php 第 1 行.
SQL: SELECT news.id AS id,news.title AS title,news.images AS images,news.description AS description,attr.id AS a_id FROM sun_news news LEFT JOIN sun_news_attr news_attr ON news.id = news_attr.nid RIGHT JOIN sun_attr attr ON news_attr.aid = attr.id WHERE ( `del` = 0 ) AND ( news.cid = 10 ) AND ( attr.id = 2 ) ORDER BY news.id DESC LIMIT 1,1   [ RunTime:0.000762s ]
SQL: SELECT news.id AS id,news.title AS title,news.images AS images,news.description AS description,attr.id AS a_id FROM sun_news news LEFT JOIN sun_news_attr news_attr ON news.id = news_attr.nid RIGHT JOIN sun_attr attr ON news_attr.aid = attr.id WHERE ( `del` = 0 ) AND ( news.cid = 28 ) AND ( attr.id = 2 ) ORDER BY news.id DESC LIMIT 0,1   [ RunTime:0.001299s ]
SQL: SELECT news.id AS id,news.title AS title,news.images AS images,news.description AS description,attr.id AS a_id FROM sun_news news LEFT JOIN sun_news_attr news_attr ON news.id = news_attr.nid RIGHT JOIN sun_attr attr ON news_attr.aid = attr.id WHERE ( `del` = 0 ) AND ( news.cid = 28 ) AND ( attr.id = 2 ) ORDER BY news.id DESC LIMIT 0,1   [ RunTime:0.000873s ]
NOTIC: [8] Use of undefined constant images - assumed 'images' D:\wamp5.3\www\Cache\Cache\Index\8ed2c844f6ed837cbecd724df679eeb0.php 第 1 行.
SQL: SELECT news.id AS id,news.title AS title,news.images AS images,news.description AS description,attr.id AS a_id FROM sun_news news LEFT JOIN sun_news_attr news_attr ON news.id = news_attr.nid RIGHT JOIN sun_attr attr ON news_attr.aid = attr.id WHERE ( `del` = 0 ) AND ( news.cid = 28 ) AND ( attr.id = 2 ) ORDER BY news.id DESC LIMIT 0,1   [ RunTime:0.000797s ]
SQL: SELECT news.id AS id,news.title AS title,news.images AS images,news.description AS description,attr.id AS a_id FROM sun_news news LEFT JOIN sun_news_attr news_attr ON news.id = news_attr.nid RIGHT JOIN sun_attr attr ON news_attr.aid = attr.id WHERE ( `del` = 0 ) AND ( news.cid = 28 ) AND ( attr.id = 2 ) ORDER BY news.id DESC LIMIT 1,1   [ RunTime:0.000912s ]
SQL: SELECT news.id AS id,news.title AS title,news.images AS images,news.description AS description,attr.id AS a_id FROM sun_news news LEFT JOIN sun_news_attr news_attr ON news.id = news_attr.nid RIGHT JOIN sun_attr attr ON news_attr.aid = attr.id WHERE ( `del` = 0 ) AND ( news.cid = 28 ) AND ( attr.id = 2 ) ORDER BY news.id DESC LIMIT 1,1   [ RunTime:0.000559s ]
NOTIC: [8] Use of undefined constant images - assumed 'images' D:\wamp5.3\www\Cache\Cache\Index\8ed2c844f6ed837cbecd724df679eeb0.php 第 1 行.
SQL: SELECT news.id AS id,news.title AS title,news.images AS images,news.description AS description,attr.id AS a_id FROM sun_news news LEFT JOIN sun_news_attr news_attr ON news.id = news_attr.nid RIGHT JOIN sun_attr attr ON news_attr.aid = attr.id WHERE ( `del` = 0 ) AND ( news.cid = 28 ) AND ( attr.id = 2 ) ORDER BY news.id DESC LIMIT 1,1   [ RunTime:0.000671s ]
SQL: SELECT news.id AS id,news.title AS title,news.images AS images,news.description AS description,attr.id AS a_id FROM sun_news news LEFT JOIN sun_news_attr news_attr ON news.id = news_attr.nid RIGHT JOIN sun_attr attr ON news_attr.aid = attr.id WHERE ( `del` = 0 ) AND ( news.cid = 25 ) AND ( attr.id = 2 ) ORDER BY news.id DESC LIMIT 0,1   [ RunTime:0.000592s ]
SQL: SELECT news.id AS id,news.title AS title,news.images AS images,news.description AS description,attr.id AS a_id FROM sun_news news LEFT JOIN sun_news_attr news_attr ON news.id = news_attr.nid RIGHT JOIN sun_attr attr ON news_attr.aid = attr.id WHERE ( `del` = 0 ) AND ( news.cid = 25 ) AND ( attr.id = 2 ) ORDER BY news.id DESC LIMIT 0,1   [ RunTime:0.000678s ]
NOTIC: [8] Use of undefined constant images - assumed 'images' D:\wamp5.3\www\Cache\Cache\Index\8ed2c844f6ed837cbecd724df679eeb0.php 第 1 行.
SQL: SELECT news.id AS id,news.title AS title,news.images AS images,news.description AS description,attr.id AS a_id FROM sun_news news LEFT JOIN sun_news_attr news_attr ON news.id = news_attr.nid RIGHT JOIN sun_attr attr ON news_attr.aid = attr.id WHERE ( `del` = 0 ) AND ( news.cid = 25 ) AND ( attr.id = 2 ) ORDER BY news.id DESC LIMIT 0,1   [ RunTime:0.000557s ]
SQL: SELECT news.id AS id,news.title AS title,news.images AS images,news.description AS description,attr.id AS a_id FROM sun_news news LEFT JOIN sun_news_attr news_attr ON news.id = news_attr.nid RIGHT JOIN sun_attr attr ON news_attr.aid = attr.id WHERE ( `del` = 0 ) AND ( news.cid = 25 ) AND ( attr.id = 2 ) ORDER BY news.id DESC LIMIT 1,1   [ RunTime:0.000527s ]
SQL: SELECT news.id AS id,news.title AS title,news.images AS images,news.description AS description,attr.id AS a_id FROM sun_news news LEFT JOIN sun_news_attr news_attr ON news.id = news_attr.nid RIGHT JOIN sun_attr attr ON news_attr.aid = attr.id WHERE ( `del` = 0 ) AND ( news.cid = 25 ) AND ( attr.id = 2 ) ORDER BY news.id DESC LIMIT 1,1   [ RunTime:0.000583s ]
NOTIC: [8] Use of undefined constant images - assumed 'images' D:\wamp5.3\www\Cache\Cache\Index\8ed2c844f6ed837cbecd724df679eeb0.php 第 1 行.
SQL: SELECT news.id AS id,news.title AS title,news.images AS images,news.description AS description,attr.id AS a_id FROM sun_news news LEFT JOIN sun_news_attr news_attr ON news.id = news_attr.nid RIGHT JOIN sun_attr attr ON news_attr.aid = attr.id WHERE ( `del` = 0 ) AND ( news.cid = 25 ) AND ( attr.id = 2 ) ORDER BY news.id DESC LIMIT 1,1   [ RunTime:0.000553s ]
SQL: SELECT news.id AS id,news.title AS title,news.images AS images,news.description AS description,attr.id AS a_id FROM sun_news news LEFT JOIN sun_news_attr news_attr ON news.id = news_attr.nid RIGHT JOIN sun_attr attr ON news_attr.aid = attr.id WHERE ( `del` = 0 ) AND ( news.cid = 24 ) AND ( attr.id = 2 ) ORDER BY news.id DESC LIMIT 0,1   [ RunTime:0.000557s ]
SQL: SELECT news.id AS id,news.title AS title,news.images AS images,news.description AS description,attr.id AS a_id FROM sun_news news LEFT JOIN sun_news_attr news_attr ON news.id = news_attr.nid RIGHT JOIN sun_attr attr ON news_attr.aid = attr.id WHERE ( `del` = 0 ) AND ( news.cid = 24 ) AND ( attr.id = 2 ) ORDER BY news.id DESC LIMIT 0,1   [ RunTime:0.000675s ]
NOTIC: [8] Use of undefined constant images - assumed 'images' D:\wamp5.3\www\Cache\Cache\Index\8ed2c844f6ed837cbecd724df679eeb0.php 第 1 行.
SQL: SELECT news.id AS id,news.title AS title,news.images AS images,news.description AS description,attr.id AS a_id FROM sun_news news LEFT JOIN sun_news_attr news_attr ON news.id = news_attr.nid RIGHT JOIN sun_attr attr ON news_attr.aid = attr.id WHERE ( `del` = 0 ) AND ( news.cid = 24 ) AND ( attr.id = 2 ) ORDER BY news.id DESC LIMIT 0,1   [ RunTime:0.000545s ]
SQL: SELECT news.id AS id,news.title AS title,news.images AS images,news.description AS description,attr.id AS a_id FROM sun_news news LEFT JOIN sun_news_attr news_attr ON news.id = news_attr.nid RIGHT JOIN sun_attr attr ON news_attr.aid = attr.id WHERE ( `del` = 0 ) AND ( news.cid = 24 ) AND ( attr.id = 2 ) ORDER BY news.id DESC LIMIT 1,1   [ RunTime:0.000752s ]
SQL: SELECT news.id AS id,news.title AS title,news.images AS images,news.description AS description,attr.id AS a_id FROM sun_news news LEFT JOIN sun_news_attr news_attr ON news.id = news_attr.nid RIGHT JOIN sun_attr attr ON news_attr.aid = attr.id WHERE ( `del` = 0 ) AND ( news.cid = 24 ) AND ( attr.id = 2 ) ORDER BY news.id DESC LIMIT 1,1   [ RunTime:0.000614s ]
NOTIC: [8] Use of undefined constant images - assumed 'images' D:\wamp5.3\www\Cache\Cache\Index\8ed2c844f6ed837cbecd724df679eeb0.php 第 1 行.
SQL: SELECT news.id AS id,news.title AS title,news.images AS images,news.description AS description,attr.id AS a_id FROM sun_news news LEFT JOIN sun_news_attr news_attr ON news.id = news_attr.nid RIGHT JOIN sun_attr attr ON news_attr.aid = attr.id WHERE ( `del` = 0 ) AND ( news.cid = 24 ) AND ( attr.id = 2 ) ORDER BY news.id DESC LIMIT 1,1   [ RunTime:0.000554s ]
SQL: SELECT news.id AS id,news.title AS title,news.images AS images,news.description AS description,attr.id AS a_id FROM sun_news news LEFT JOIN sun_news_attr news_attr ON news.id = news_attr.nid RIGHT JOIN sun_attr attr ON news_attr.aid = attr.id WHERE ( `del` = 0 ) AND ( news.cid = 5 ) AND ( attr.id = 2 ) ORDER BY news.id DESC LIMIT 0,1   [ RunTime:0.002132s ]
SQL: SELECT news.id AS id,news.title AS title,news.images AS images,news.description AS description,attr.id AS a_id FROM sun_news news LEFT JOIN sun_news_attr news_attr ON news.id = news_attr.nid RIGHT JOIN sun_attr attr ON news_attr.aid = attr.id WHERE ( `del` = 0 ) AND ( news.cid = 5 ) AND ( attr.id = 2 ) ORDER BY news.id DESC LIMIT 0,1   [ RunTime:0.000631s ]
NOTIC: [8] Use of undefined constant images - assumed 'images' D:\wamp5.3\www\Cache\Cache\Index\8ed2c844f6ed837cbecd724df679eeb0.php 第 1 行.
SQL: SELECT news.id AS id,news.title AS title,news.images AS images,news.description AS description,attr.id AS a_id FROM sun_news news LEFT JOIN sun_news_attr news_attr ON news.id = news_attr.nid RIGHT JOIN sun_attr attr ON news_attr.aid = attr.id WHERE ( `del` = 0 ) AND ( news.cid = 5 ) AND ( attr.id = 2 ) ORDER BY news.id DESC LIMIT 0,1   [ RunTime:0.001074s ]
SQL: SELECT news.id AS id,news.title AS title,news.images AS images,news.description AS description,attr.id AS a_id FROM sun_news news LEFT JOIN sun_news_attr news_attr ON news.id = news_attr.nid RIGHT JOIN sun_attr attr ON news_attr.aid = attr.id WHERE ( `del` = 0 ) AND ( news.cid = 5 ) AND ( attr.id = 2 ) ORDER BY news.id DESC LIMIT 1,1   [ RunTime:0.000575s ]
SQL: SELECT news.id AS id,news.title AS title,news.images AS images,news.description AS description,attr.id AS a_id FROM sun_news news LEFT JOIN sun_news_attr news_attr ON news.id = news_attr.nid RIGHT JOIN sun_attr attr ON news_attr.aid = attr.id WHERE ( `del` = 0 ) AND ( news.cid = 5 ) AND ( attr.id = 2 ) ORDER BY news.id DESC LIMIT 1,1   [ RunTime:0.000535s ]
NOTIC: [8] Use of undefined constant images - assumed 'images' D:\wamp5.3\www\Cache\Cache\Index\8ed2c844f6ed837cbecd724df679eeb0.php 第 1 行.
SQL: SELECT news.id AS id,news.title AS title,news.images AS images,news.description AS description,attr.id AS a_id FROM sun_news news LEFT JOIN sun_news_attr news_attr ON news.id = news_attr.nid RIGHT JOIN sun_attr attr ON news_attr.aid = attr.id WHERE ( `del` = 0 ) AND ( news.cid = 5 ) AND ( attr.id = 2 ) ORDER BY news.id DESC LIMIT 1,1   [ RunTime:0.000884s ]
SQL: SELECT news.id AS id,news.title AS title,news.images AS images,news.description AS description,attr.id AS a_id FROM sun_news news LEFT JOIN sun_news_attr news_attr ON news.id = news_attr.nid RIGHT JOIN sun_attr attr ON news_attr.aid = attr.id WHERE ( `del` = 0 ) AND ( news.cid = 9 ) AND ( attr.id = 2 ) ORDER BY news.id DESC LIMIT 0,1   [ RunTime:0.000687s ]
NOTIC: [8] Use of undefined constant images - assumed 'images' D:\wamp5.3\www\Cache\Cache\Index\8ed2c844f6ed837cbecd724df679eeb0.php 第 1 行.
SQL: SELECT news.id AS id,news.title AS title,news.images AS images,news.description AS description,attr.id AS a_id FROM sun_news news LEFT JOIN sun_news_attr news_attr ON news.id = news_attr.nid RIGHT JOIN sun_attr attr ON news_attr.aid = attr.id WHERE ( `del` = 0 ) AND ( news.cid = 9 ) AND ( attr.id = 2 ) ORDER BY news.id DESC LIMIT 0,1   [ RunTime:0.000647s ]
SQL: SELECT news.id AS id,news.title AS title,news.images AS images,news.description AS description,attr.id AS a_id FROM sun_news news LEFT JOIN sun_news_attr news_attr ON news.id = news_attr.nid RIGHT JOIN sun_attr attr ON news_attr.aid = attr.id WHERE ( `del` = 0 ) AND ( news.cid = 9 ) AND ( attr.id = 2 ) ORDER BY news.id DESC LIMIT 1,1   [ RunTime:0.000548s ]
NOTIC: [8] Use of undefined constant images - assumed 'images' D:\wamp5.3\www\Cache\Cache\Index\8ed2c844f6ed837cbecd724df679eeb0.php 第 1 行.
SQL: SELECT news.id AS id,news.title AS title,news.images AS images,news.description AS description,attr.id AS a_id FROM sun_news news LEFT JOIN sun_news_attr news_attr ON news.id = news_attr.nid RIGHT JOIN sun_attr attr ON news_attr.aid = attr.id WHERE ( `del` = 0 ) AND ( news.cid = 9 ) AND ( attr.id = 2 ) ORDER BY news.id DESC LIMIT 1,1   [ RunTime:0.000519s ]
SQL: SELECT news.id AS id,news.title AS title,news.images AS images,news.description AS description,attr.id AS a_id FROM sun_news news LEFT JOIN sun_news_attr news_attr ON news.id = news_attr.nid RIGHT JOIN sun_attr attr ON news_attr.aid = attr.id WHERE ( `del` = 0 ) AND ( news.cid = 9 ) AND ( attr.id = 2 ) ORDER BY news.id DESC LIMIT 2,1   [ RunTime:0.000604s ]
NOTIC: [8] Use of undefined constant images - assumed 'images' D:\wamp5.3\www\Cache\Cache\Index\8ed2c844f6ed837cbecd724df679eeb0.php 第 1 行.
SQL: SELECT news.id AS id,news.title AS title,news.images AS images,news.description AS description,attr.id AS a_id FROM sun_news news LEFT JOIN sun_news_attr news_attr ON news.id = news_attr.nid RIGHT JOIN sun_attr attr ON news_attr.aid = attr.id WHERE ( `del` = 0 ) AND ( news.cid = 9 ) AND ( attr.id = 2 ) ORDER BY news.id DESC LIMIT 2,1   [ RunTime:0.000501s ]
SQL: SELECT news.id AS id,news.title AS title,news.images AS images,news.description AS description,attr.id AS a_id FROM sun_news news LEFT JOIN sun_news_attr news_attr ON news.id = news_attr.nid RIGHT JOIN sun_attr attr ON news_attr.aid = attr.id WHERE ( `del` = 0 ) AND ( news.cid = 9 ) AND ( attr.id = 2 ) ORDER BY news.id DESC LIMIT 3,1   [ RunTime:0.000904s ]
NOTIC: [8] Use of undefined constant images - assumed 'images' D:\wamp5.3\www\Cache\Cache\Index\8ed2c844f6ed837cbecd724df679eeb0.php 第 1 行.
SQL: SELECT news.id AS id,news.title AS title,news.images AS images,news.description AS description,attr.id AS a_id FROM sun_news news LEFT JOIN sun_news_attr news_attr ON news.id = news_attr.nid RIGHT JOIN sun_attr attr ON news_attr.aid = attr.id WHERE ( `del` = 0 ) AND ( news.cid = 9 ) AND ( attr.id = 2 ) ORDER BY news.id DESC LIMIT 3,1   [ RunTime:0.000662s ]
SQL: SELECT news.id AS id,news.title AS title,news.images AS images,news.description AS description,attr.id AS a_id FROM sun_news news LEFT JOIN sun_news_attr news_attr ON news.id = news_attr.nid RIGHT JOIN sun_attr attr ON news_attr.aid = attr.id WHERE ( `del` = 0 ) AND ( news.cid = 9 ) AND ( attr.id = 2 ) ORDER BY news.id DESC LIMIT 4,1   [ RunTime:0.000494s ]
NOTIC: [8] Use of undefined constant images - assumed 'images' D:\wamp5.3\www\Cache\Cache\Index\8ed2c844f6ed837cbecd724df679eeb0.php 第 1 行.
SQL: SELECT news.id AS id,news.title AS title,news.images AS images,news.description AS description,attr.id AS a_id FROM sun_news news LEFT JOIN sun_news_attr news_attr ON news.id = news_attr.nid RIGHT JOIN sun_attr attr ON news_attr.aid = attr.id WHERE ( `del` = 0 ) AND ( news.cid = 9 ) AND ( attr.id = 2 ) ORDER BY news.id DESC LIMIT 4,1   [ RunTime:0.000618s ]
SQL: SELECT news.id AS id,news.title AS title,news.images AS images,news.description AS description,attr.id AS a_id FROM sun_news news LEFT JOIN sun_news_attr news_attr ON news.id = news_attr.nid RIGHT JOIN sun_attr attr ON news_attr.aid = attr.id WHERE ( `del` = 0 ) AND ( news.cid = 26 ) AND ( attr.id = 2 ) ORDER BY news.id DESC LIMIT 0,1   [ RunTime:0.000464s ]
NOTIC: [8] Use of undefined constant images - assumed 'images' D:\wamp5.3\www\Cache\Cache\Index\8ed2c844f6ed837cbecd724df679eeb0.php 第 1 行.
SQL: SELECT news.id AS id,news.title AS title,news.images AS images,news.description AS description,attr.id AS a_id FROM sun_news news LEFT JOIN sun_news_attr news_attr ON news.id = news_attr.nid RIGHT JOIN sun_attr attr ON news_attr.aid = attr.id WHERE ( `del` = 0 ) AND ( news.cid = 26 ) AND ( attr.id = 2 ) ORDER BY news.id DESC LIMIT 0,1   [ RunTime:0.000463s ]
SQL: SELECT news.id AS id,news.title AS title,news.images AS images,news.description AS description,attr.id AS a_id FROM sun_news news LEFT JOIN sun_news_attr news_attr ON news.id = news_attr.nid RIGHT JOIN sun_attr attr ON news_attr.aid = attr.id WHERE ( `del` = 0 ) AND ( news.cid = 26 ) AND ( attr.id = 2 ) ORDER BY news.id DESC LIMIT 0,1   [ RunTime:0.000565s ]
SQL: SELECT `id`,`title` FROM `sun_news` WHERE ( `del` = 0 ) AND ( `cid` = 26 ) ORDER BY id DESC LIMIT 0,7   [ RunTime:0.000348s ]
SQL: SELECT news.id AS id,news.title AS title,news.images AS images,news.description AS description,attr.id AS a_id FROM sun_news news LEFT JOIN sun_news_attr news_attr ON news.id = news_attr.nid RIGHT JOIN sun_attr attr ON news_attr.aid = attr.id WHERE ( `del` = 0 ) AND ( news.cid = 27 ) AND ( attr.id = 2 ) ORDER BY news.id DESC LIMIT 0,1   [ RunTime:0.000846s ]
NOTIC: [8] Use of undefined constant images - assumed 'images' D:\wamp5.3\www\Cache\Cache\Index\8ed2c844f6ed837cbecd724df679eeb0.php 第 1 行.
SQL: SELECT news.id AS id,news.title AS title,news.images AS images,news.description AS description,attr.id AS a_id FROM sun_news news LEFT JOIN sun_news_attr news_attr ON news.id = news_attr.nid RIGHT JOIN sun_attr attr ON news_attr.aid = attr.id WHERE ( `del` = 0 ) AND ( news.cid = 27 ) AND ( attr.id = 2 ) ORDER BY news.id DESC LIMIT 0,1   [ RunTime:0.000668s ]
SQL: SELECT news.id AS id,news.title AS title,news.images AS images,news.description AS description,attr.id AS a_id FROM sun_news news LEFT JOIN sun_news_attr news_attr ON news.id = news_attr.nid RIGHT JOIN sun_attr attr ON news_attr.aid = attr.id WHERE ( `del` = 0 ) AND ( news.cid = 27 ) AND ( attr.id = 2 ) ORDER BY news.id DESC LIMIT 0,1   [ RunTime:0.000545s ]
SQL: SELECT `id`,`title` FROM `sun_news` WHERE ( `del` = 0 ) AND ( `cid` = 27 ) ORDER BY id DESC LIMIT 0,7   [ RunTime:0.000470s ]
INFO: ParseTemplate Behavior ::run [ RunTime:0.686946s ]
INFO: [ view_parse ] --END-- [ RunTime:0.687105s ]
INFO: [ view_filter ] --START--
INFO: ContentReplace Behavior ::run [ RunTime:0.000780s ]
INFO: TokenBuild Behavior ::run [ RunTime:0.000583s ]
INFO: WriteHtmlCache Behavior ::run [ RunTime:0.000427s ]
INFO: ShowRuntime Behavior ::run [ RunTime:0.001012s ]
INFO: [ view_filter ] --END-- [ RunTime:0.003130s ]
INFO: [ view_end ] --START--
INFO: ShowPageTrace Behavior ::run [ RunTime:0.000930s ]
INFO: [ view_end ] --END-- [ RunTime:0.001054s ]

[ 2014-02-28T13:39:56+08:00 ] 127.0.0.1 /login.html
INFO: [ route_check ] --START--
INFO: CheckRoute Behavior ::run [ RunTime:0.005113s ]
INFO: [ route_check ] --END-- [ RunTime:0.005477s ]
INFO: [ app_begin ] --START--
INFO: ReadHtmlCache Behavior ::run [ RunTime:0.001478s ]
INFO: [ app_begin ] --END-- [ RunTime:0.001777s ]
INFO: [ view_parse ] --START--
INFO: ParseTemplate Behavior ::run [ RunTime:0.046510s ]
INFO: [ view_parse ] --END-- [ RunTime:0.046715s ]
INFO: [ view_filter ] --START--
INFO: ContentReplace Behavior ::run [ RunTime:0.000659s ]
INFO: TokenBuild Behavior ::run [ RunTime:0.000583s ]
INFO: WriteHtmlCache Behavior ::run [ RunTime:0.000465s ]
INFO: ShowRuntime Behavior ::run [ RunTime:0.000961s ]
INFO: [ view_filter ] --END-- [ RunTime:0.003081s ]
INFO: [ view_end ] --START--
INFO: ShowPageTrace Behavior ::run [ RunTime:0.001015s ]
INFO: [ view_end ] --END-- [ RunTime:0.001328s ]

[ 2014-02-28T13:39:56+08:00 ] 127.0.0.1 /verify.html
INFO: [ route_check ] --START--
INFO: CheckRoute Behavior ::run [ RunTime:0.002202s ]
INFO: [ route_check ] --END-- [ RunTime:0.002609s ]
INFO: [ app_begin ] --START--
INFO: ReadHtmlCache Behavior ::run [ RunTime:0.000720s ]
INFO: [ app_begin ] --END-- [ RunTime:0.000850s ]

[ 2014-02-28T13:40:05+08:00 ] 127.0.0.1 /myself.html
INFO: [ route_check ] --START--
INFO: CheckRoute Behavior ::run [ RunTime:0.001984s ]
INFO: [ route_check ] --END-- [ RunTime:0.002157s ]
INFO: [ app_begin ] --START--
INFO: ReadHtmlCache Behavior ::run [ RunTime:0.000680s ]
INFO: [ app_begin ] --END-- [ RunTime:0.000804s ]

[ 2014-02-28T13:40:05+08:00 ] 127.0.0.1 /login.html
INFO: [ route_check ] --START--
INFO: CheckRoute Behavior ::run [ RunTime:0.001614s ]
INFO: [ route_check ] --END-- [ RunTime:0.001764s ]
INFO: [ app_begin ] --START--
INFO: ReadHtmlCache Behavior ::run [ RunTime:0.000595s ]
INFO: [ app_begin ] --END-- [ RunTime:0.000764s ]
INFO: [ view_parse ] --START--
INFO: ParseTemplate Behavior ::run [ RunTime:0.015565s ]
INFO: [ view_parse ] --END-- [ RunTime:0.015719s ]
INFO: [ view_filter ] --START--
INFO: ContentReplace Behavior ::run [ RunTime:0.000621s ]
INFO: TokenBuild Behavior ::run [ RunTime:0.000551s ]
INFO: WriteHtmlCache Behavior ::run [ RunTime:0.000402s ]
INFO: ShowRuntime Behavior ::run [ RunTime:0.000654s ]
INFO: [ view_filter ] --END-- [ RunTime:0.002538s ]
INFO: [ view_end ] --START--
INFO: ShowPageTrace Behavior ::run [ RunTime:0.000926s ]
INFO: [ view_end ] --END-- [ RunTime:0.001044s ]

[ 2014-02-28T13:40:05+08:00 ] 127.0.0.1 /verify.html
INFO: [ route_check ] --START--
INFO: CheckRoute Behavior ::run [ RunTime:0.001725s ]
INFO: [ route_check ] --END-- [ RunTime:0.001876s ]
INFO: [ app_begin ] --START--
INFO: ReadHtmlCache Behavior ::run [ RunTime:0.000567s ]
INFO: [ app_begin ] --END-- [ RunTime:0.000684s ]

[ 2014-02-28T13:40:17+08:00 ] 127.0.0.1 /logins
INFO: [ route_check ] --START--
INFO: CheckRoute Behavior ::run [ RunTime:0.001751s ]
INFO: [ route_check ] --END-- [ RunTime:0.001909s ]
INFO: [ app_begin ] --START--
INFO: ReadHtmlCache Behavior ::run [ RunTime:0.000596s ]
INFO: [ app_begin ] --END-- [ RunTime:0.000701s ]
SQL: SHOW COLUMNS FROM `sun_member` [ RunTime:0.003780s ]
SQL: SELECT * FROM `sun_member` WHERE ( `uname` = 'karrysun' ) AND ( `pwd` = '168521cf6324fb22f27fe305cebd783b' ) AND ( `mstatus` = 1 ) LIMIT 1   [ RunTime:0.000514s ]
SQL: UPDATE `sun_member` SET `login`=19,`score`=2096,`last_login_ip`='127.0.0.1',`last_login_time`=1393566017 WHERE ( `uid` = 1 ) [ RunTime:0.000418s ]

[ 2014-02-28T13:40:19+08:00 ] 127.0.0.1 /oneself.html
INFO: [ route_check ] --START--
INFO: CheckRoute Behavior ::run [ RunTime:0.001817s ]
INFO: [ route_check ] --END-- [ RunTime:0.001977s ]
INFO: [ app_begin ] --START--
INFO: ReadHtmlCache Behavior ::run [ RunTime:0.000635s ]
INFO: [ app_begin ] --END-- [ RunTime:0.000764s ]
SQL: SHOW COLUMNS FROM `sun_member` [ RunTime:0.003048s ]
SQL: SELECT * FROM `sun_member` WHERE ( `uid` = 1 ) LIMIT 1   [ RunTime:0.000414s ]
NOTIC: [8] Undefined variable: scores D:\wamp5.3\www\Index\Modules\Index\Action\MemberAction.class.php 第 16 行.
NOTIC: [8] Undefined variable: scores D:\wamp5.3\www\Index\Modules\Index\Action\MemberAction.class.php 第 16 行.
INFO: [ view_parse ] --START--
INFO: ParseTemplate Behavior ::run [ RunTime:0.020852s ]
INFO: [ view_parse ] --END-- [ RunTime:0.021009s ]
INFO: [ view_filter ] --START--
INFO: ContentReplace Behavior ::run [ RunTime:0.000587s ]
INFO: TokenBuild Behavior ::run [ RunTime:0.000455s ]
INFO: WriteHtmlCache Behavior ::run [ RunTime:0.000300s ]
INFO: ShowRuntime Behavior ::run [ RunTime:0.000618s ]
INFO: [ view_filter ] --END-- [ RunTime:0.002889s ]
INFO: [ view_end ] --START--
INFO: ShowPageTrace Behavior ::run [ RunTime:0.000604s ]
INFO: [ view_end ] --END-- [ RunTime:0.000716s ]

[ 2014-02-28T13:40:25+08:00 ] 127.0.0.1 /myself.html
INFO: [ route_check ] --START--
INFO: CheckRoute Behavior ::run [ RunTime:0.002280s ]
INFO: [ route_check ] --END-- [ RunTime:0.002472s ]
INFO: [ app_begin ] --START--
INFO: ReadHtmlCache Behavior ::run [ RunTime:0.000580s ]
INFO: [ app_begin ] --END-- [ RunTime:0.000696s ]
SQL: SHOW COLUMNS FROM `sun_member` [ RunTime:0.075073s ]
SQL: SELECT * FROM `sun_member` WHERE ( `uid` = 1 ) LIMIT 1   [ RunTime:0.000906s ]
INFO: [ view_parse ] --START--
INFO: ParseTemplate Behavior ::run [ RunTime:0.042040s ]
INFO: [ view_parse ] --END-- [ RunTime:0.042282s ]
INFO: [ view_filter ] --START--
INFO: ContentReplace Behavior ::run [ RunTime:0.000919s ]
INFO: TokenBuild Behavior ::run [ RunTime:0.000635s ]
INFO: WriteHtmlCache Behavior ::run [ RunTime:0.000396s ]
INFO: ShowRuntime Behavior ::run [ RunTime:0.000804s ]
INFO: [ view_filter ] --END-- [ RunTime:0.003210s ]
INFO: [ view_end ] --START--
INFO: ShowPageTrace Behavior ::run [ RunTime:0.000661s ]
INFO: [ view_end ] --END-- [ RunTime:0.000844s ]

[ 2014-02-28T13:40:31+08:00 ] 127.0.0.1 /myself.html
INFO: [ route_check ] --START--
INFO: CheckRoute Behavior ::run [ RunTime:0.002092s ]
INFO: [ route_check ] --END-- [ RunTime:0.002249s ]
INFO: [ app_begin ] --START--
INFO: ReadHtmlCache Behavior ::run [ RunTime:0.000662s ]
INFO: [ app_begin ] --END-- [ RunTime:0.000786s ]
SQL: SHOW COLUMNS FROM `sun_member` [ RunTime:0.002923s ]
SQL: SELECT * FROM `sun_member` WHERE ( `uid` = 1 ) LIMIT 1   [ RunTime:0.000414s ]
INFO: [ view_parse ] --START--
INFO: ParseTemplate Behavior ::run [ RunTime:0.027357s ]
INFO: [ view_parse ] --END-- [ RunTime:0.027508s ]
INFO: [ view_filter ] --START--
INFO: ContentReplace Behavior ::run [ RunTime:0.000675s ]
INFO: TokenBuild Behavior ::run [ RunTime:0.000458s ]
INFO: WriteHtmlCache Behavior ::run [ RunTime:0.000358s ]
INFO: ShowRuntime Behavior ::run [ RunTime:0.000753s ]
INFO: [ view_filter ] --END-- [ RunTime:0.002558s ]
INFO: [ view_end ] --START--
INFO: ShowPageTrace Behavior ::run [ RunTime:0.000767s ]
INFO: [ view_end ] --END-- [ RunTime:0.000879s ]

[ 2014-02-28T13:41:12+08:00 ] 127.0.0.1 /myself.html
INFO: [ route_check ] --START--
INFO: CheckRoute Behavior ::run [ RunTime:0.002745s ]
INFO: [ route_check ] --END-- [ RunTime:0.002937s ]
INFO: [ app_begin ] --START--
INFO: ReadHtmlCache Behavior ::run [ RunTime:0.000926s ]
INFO: [ app_begin ] --END-- [ RunTime:0.001110s ]
SQL: SHOW COLUMNS FROM `sun_member` [ RunTime:0.003604s ]
SQL: SELECT * FROM `sun_member` WHERE ( `uid` = 1 ) LIMIT 1   [ RunTime:0.000563s ]
INFO: [ view_parse ] --START--
INFO: ParseTemplate Behavior ::run [ RunTime:0.032063s ]
INFO: [ view_parse ] --END-- [ RunTime:0.032241s ]
INFO: [ view_filter ] --START--
INFO: ContentReplace Behavior ::run [ RunTime:0.000944s ]
INFO: TokenBuild Behavior ::run [ RunTime:0.000697s ]
INFO: WriteHtmlCache Behavior ::run [ RunTime:0.000518s ]
INFO: ShowRuntime Behavior ::run [ RunTime:0.000728s ]
INFO: [ view_filter ] --END-- [ RunTime:0.003306s ]
INFO: [ view_end ] --START--
INFO: ShowPageTrace Behavior ::run [ RunTime:0.000911s ]
INFO: [ view_end ] --END-- [ RunTime:0.001053s ]

[ 2014-02-28T13:41:38+08:00 ] 127.0.0.1 /myself.html
INFO: [ route_check ] --START--
INFO: CheckRoute Behavior ::run [ RunTime:0.003379s ]
INFO: [ route_check ] --END-- [ RunTime:0.003571s ]
INFO: [ app_begin ] --START--
INFO: ReadHtmlCache Behavior ::run [ RunTime:0.001769s ]
INFO: [ app_begin ] --END-- [ RunTime:0.001926s ]

[ 2014-02-28T13:41:39+08:00 ] 127.0.0.1 /login.html
INFO: [ route_check ] --START--
INFO: CheckRoute Behavior ::run [ RunTime:0.003035s ]
INFO: [ route_check ] --END-- [ RunTime:0.003216s ]
INFO: [ app_begin ] --START--
INFO: ReadHtmlCache Behavior ::run [ RunTime:0.001723s ]
INFO: [ app_begin ] --END-- [ RunTime:0.001929s ]
INFO: [ view_parse ] --START--
INFO: ParseTemplate Behavior ::run [ RunTime:0.023143s ]
INFO: [ view_parse ] --END-- [ RunTime:0.023336s ]
INFO: [ view_filter ] --START--
INFO: ContentReplace Behavior ::run [ RunTime:0.001689s ]
INFO: TokenBuild Behavior ::run [ RunTime:0.001529s ]
INFO: WriteHtmlCache Behavior ::run [ RunTime:0.001300s ]
INFO: ShowRuntime Behavior ::run [ RunTime:0.002314s ]
INFO: [ view_filter ] --END-- [ RunTime:0.007261s ]
INFO: [ view_end ] --START--
INFO: ShowPageTrace Behavior ::run [ RunTime:0.001697s ]
INFO: [ view_end ] --END-- [ RunTime:0.001835s ]

[ 2014-02-28T13:41:41+08:00 ] 127.0.0.1 /verify.html
INFO: [ route_check ] --START--
INFO: CheckRoute Behavior ::run [ RunTime:0.003062s ]
INFO: [ route_check ] --END-- [ RunTime:0.003312s ]
INFO: [ app_begin ] --START--
INFO: ReadHtmlCache Behavior ::run [ RunTime:0.001610s ]
INFO: [ app_begin ] --END-- [ RunTime:0.001753s ]

[ 2014-02-28T13:41:54+08:00 ] 127.0.0.1 /logins
INFO: [ route_check ] --START--
INFO: CheckRoute Behavior ::run [ RunTime:0.002158s ]
INFO: [ route_check ] --END-- [ RunTime:0.002329s ]
INFO: [ app_begin ] --START--
INFO: ReadHtmlCache Behavior ::run [ RunTime:0.000736s ]
INFO: [ app_begin ] --END-- [ RunTime:0.000854s ]
SQL: SHOW COLUMNS FROM `sun_member` [ RunTime:0.003254s ]
SQL: SELECT * FROM `sun_member` WHERE ( `uname` = 'kwsuny' ) AND ( `pwd` = 'f25c1d10467b0923f5ff4914aef5486c' ) AND ( `mstatus` = 1 ) LIMIT 1   [ RunTime:0.000531s ]
SQL: UPDATE `sun_member` SET `login`=2,`score`=104,`last_login_ip`='127.0.0.1',`last_login_time`=1393566114 WHERE ( `uid` = 2 ) [ RunTime:0.000499s ]

[ 2014-02-28T13:41:55+08:00 ] 127.0.0.1 /oneself.html
INFO: [ route_check ] --START--
INFO: CheckRoute Behavior ::run [ RunTime:0.002067s ]
INFO: [ route_check ] --END-- [ RunTime:0.002260s ]
INFO: [ app_begin ] --START--
INFO: ReadHtmlCache Behavior ::run [ RunTime:0.000754s ]
INFO: [ app_begin ] --END-- [ RunTime:0.001025s ]
SQL: SHOW COLUMNS FROM `sun_member` [ RunTime:0.006880s ]
SQL: SELECT * FROM `sun_member` WHERE ( `uid` = 2 ) LIMIT 1   [ RunTime:0.000997s ]
NOTIC: [8] Undefined variable: scores D:\wamp5.3\www\Index\Modules\Index\Action\MemberAction.class.php 第 16 行.
NOTIC: [8] Undefined variable: scores D:\wamp5.3\www\Index\Modules\Index\Action\MemberAction.class.php 第 16 行.
INFO: [ view_parse ] --START--
NOTIC: [8] Undefined variable: score D:\wamp5.3\www\Cache\Cache\Index\45d91a3258eb3e6cac40178e5c9e19c6.php 第 593 行.
INFO: ParseTemplate Behavior ::run [ RunTime:0.035697s ]
INFO: [ view_parse ] --END-- [ RunTime:0.036049s ]
INFO: [ view_filter ] --START--
INFO: ContentReplace Behavior ::run [ RunTime:0.004377s ]
INFO: TokenBuild Behavior ::run [ RunTime:0.002588s ]
INFO: WriteHtmlCache Behavior ::run [ RunTime:0.001239s ]
INFO: ShowRuntime Behavior ::run [ RunTime:0.002188s ]
INFO: [ view_filter ] --END-- [ RunTime:0.011287s ]
INFO: [ view_end ] --START--
INFO: ShowPageTrace Behavior ::run [ RunTime:0.001373s ]
INFO: [ view_end ] --END-- [ RunTime:0.001566s ]

[ 2014-02-28T13:41:58+08:00 ] 127.0.0.1 /oneself.html
INFO: [ route_check ] --START--
INFO: CheckRoute Behavior ::run [ RunTime:0.003351s ]
INFO: [ route_check ] --END-- [ RunTime:0.003611s ]
INFO: [ app_begin ] --START--
INFO: ReadHtmlCache Behavior ::run [ RunTime:0.001756s ]
INFO: [ app_begin ] --END-- [ RunTime:0.001988s ]
SQL: SHOW COLUMNS FROM `sun_member` [ RunTime:0.003118s ]
SQL: SELECT * FROM `sun_member` WHERE ( `uid` = 2 ) LIMIT 1   [ RunTime:0.000431s ]
NOTIC: [8] Undefined variable: scores D:\wamp5.3\www\Index\Modules\Index\Action\MemberAction.class.php 第 16 行.
NOTIC: [8] Undefined variable: scores D:\wamp5.3\www\Index\Modules\Index\Action\MemberAction.class.php 第 16 行.
INFO: [ view_parse ] --START--
NOTIC: [8] Undefined variable: score D:\wamp5.3\www\Cache\Cache\Index\45d91a3258eb3e6cac40178e5c9e19c6.php 第 593 行.
INFO: ParseTemplate Behavior ::run [ RunTime:0.026954s ]
INFO: [ view_parse ] --END-- [ RunTime:0.027108s ]
INFO: [ view_filter ] --START--
INFO: ContentReplace Behavior ::run [ RunTime:0.001474s ]
INFO: TokenBuild Behavior ::run [ RunTime:0.001529s ]
INFO: WriteHtmlCache Behavior ::run [ RunTime:0.001138s ]
INFO: ShowRuntime Behavior ::run [ RunTime:0.001577s ]
INFO: [ view_filter ] --END-- [ RunTime:0.006220s ]
INFO: [ view_end ] --START--
INFO: ShowPageTrace Behavior ::run [ RunTime:0.001509s ]
INFO: [ view_end ] --END-- [ RunTime:0.001653s ]

[ 2014-02-28T13:42:00+08:00 ] 127.0.0.1 /myself.html
INFO: [ route_check ] --START--
INFO: CheckRoute Behavior ::run [ RunTime:0.002790s ]
INFO: [ route_check ] --END-- [ RunTime:0.002968s ]
INFO: [ app_begin ] --START--
INFO: ReadHtmlCache Behavior ::run [ RunTime:0.001501s ]
INFO: [ app_begin ] --END-- [ RunTime:0.001642s ]
SQL: SHOW COLUMNS FROM `sun_member` [ RunTime:0.002958s ]
SQL: SELECT * FROM `sun_member` WHERE ( `uid` = 2 ) LIMIT 1   [ RunTime:0.000417s ]
INFO: [ view_parse ] --START--
INFO: ParseTemplate Behavior ::run [ RunTime:0.055942s ]
INFO: [ view_parse ] --END-- [ RunTime:0.056108s ]
INFO: [ view_filter ] --START--
INFO: ContentReplace Behavior ::run [ RunTime:0.001866s ]
INFO: TokenBuild Behavior ::run [ RunTime:0.001385s ]
INFO: WriteHtmlCache Behavior ::run [ RunTime:0.001096s ]
INFO: ShowRuntime Behavior ::run [ RunTime:0.001607s ]
INFO: [ view_filter ] --END-- [ RunTime:0.006432s ]
INFO: [ view_end ] --START--
INFO: ShowPageTrace Behavior ::run [ RunTime:0.001583s ]
INFO: [ view_end ] --END-- [ RunTime:0.001709s ]

[ 2014-02-28T13:42:25+08:00 ] 127.0.0.1 /setted
INFO: [ route_check ] --START--
INFO: CheckRoute Behavior ::run [ RunTime:0.003629s ]
INFO: [ route_check ] --END-- [ RunTime:0.003835s ]
INFO: [ app_begin ] --START--
INFO: ReadHtmlCache Behavior ::run [ RunTime:0.002866s ]
INFO: [ app_begin ] --END-- [ RunTime:0.003020s ]
SQL: SHOW COLUMNS FROM `sun_member` [ RunTime:0.003275s ]
SQL: UPDATE `sun_member` SET `nickname`='孙舸菲',`email`='kw.sun@163.com',`qq`='',`tel`='',`code`='',`area`='湖南',`city`='张家界',`address`='',`sign`='',`biog`='' WHERE ( `uid` = 2 ) [ RunTime:0.000539s ]

[ 2014-02-28T13:42:26+08:00 ] 127.0.0.1 /myself.html
INFO: [ route_check ] --START--
INFO: CheckRoute Behavior ::run [ RunTime:0.004474s ]
INFO: [ route_check ] --END-- [ RunTime:0.004779s ]
INFO: [ app_begin ] --START--
INFO: ReadHtmlCache Behavior ::run [ RunTime:0.003134s ]
INFO: [ app_begin ] --END-- [ RunTime:0.003371s ]
SQL: SHOW COLUMNS FROM `sun_member` [ RunTime:0.005709s ]
SQL: SELECT * FROM `sun_member` WHERE ( `uid` = 2 ) LIMIT 1   [ RunTime:0.001135s ]
INFO: [ view_parse ] --START--
INFO: ParseTemplate Behavior ::run [ RunTime:0.095041s ]
INFO: [ view_parse ] --END-- [ RunTime:0.095492s ]
INFO: [ view_filter ] --START--
INFO: ContentReplace Behavior ::run [ RunTime:0.002504s ]
INFO: TokenBuild Behavior ::run [ RunTime:0.003470s ]
INFO: WriteHtmlCache Behavior ::run [ RunTime:0.003289s ]
INFO: ShowRuntime Behavior ::run [ RunTime:0.002970s ]
INFO: [ view_filter ] --END-- [ RunTime:0.013112s ]
INFO: [ view_end ] --START--
INFO: ShowPageTrace Behavior ::run [ RunTime:0.002705s ]
INFO: [ view_end ] --END-- [ RunTime:0.002982s ]

[ 2014-02-28T13:54:58+08:00 ] 127.0.0.1 /myself.html
INFO: [ route_check ] --START--
INFO: CheckRoute Behavior ::run [ RunTime:0.003633s ]
INFO: [ route_check ] --END-- [ RunTime:0.003860s ]
INFO: [ app_begin ] --START--
INFO: ReadHtmlCache Behavior ::run [ RunTime:0.001604s ]
INFO: [ app_begin ] --END-- [ RunTime:0.001786s ]
SQL: SHOW COLUMNS FROM `sun_member` [ RunTime:0.003995s ]
SQL: SELECT * FROM `sun_member` WHERE ( `uid` = 1 ) LIMIT 1   [ RunTime:0.000681s ]
INFO: [ view_parse ] --START--
INFO: ParseTemplate Behavior ::run [ RunTime:0.033222s ]
INFO: [ view_parse ] --END-- [ RunTime:0.033387s ]
INFO: [ view_filter ] --START--
INFO: ContentReplace Behavior ::run [ RunTime:0.001114s ]
INFO: TokenBuild Behavior ::run [ RunTime:0.000828s ]
INFO: WriteHtmlCache Behavior ::run [ RunTime:0.000648s ]
INFO: ShowRuntime Behavior ::run [ RunTime:0.000866s ]
INFO: [ view_filter ] --END-- [ RunTime:0.003802s ]
INFO: [ view_end ] --START--
INFO: ShowPageTrace Behavior ::run [ RunTime:0.001266s ]
INFO: [ view_end ] --END-- [ RunTime:0.001430s ]

[ 2014-02-28T14:06:23+08:00 ] 127.0.0.1 /myself.html
INFO: [ route_check ] --START--
INFO: CheckRoute Behavior ::run [ RunTime:0.002734s ]
INFO: [ route_check ] --END-- [ RunTime:0.002928s ]
INFO: [ app_begin ] --START--
INFO: ReadHtmlCache Behavior ::run [ RunTime:0.001144s ]
INFO: [ app_begin ] --END-- [ RunTime:0.001286s ]
SQL: SHOW COLUMNS FROM `sun_member` [ RunTime:0.003108s ]
SQL: SELECT * FROM `sun_member` WHERE ( `uid` = 1 ) LIMIT 1   [ RunTime:0.000523s ]
INFO: [ view_parse ] --START--
INFO: ParseTemplate Behavior ::run [ RunTime:0.030351s ]
INFO: [ view_parse ] --END-- [ RunTime:0.030514s ]
INFO: [ view_filter ] --START--
INFO: ContentReplace Behavior ::run [ RunTime:0.001017s ]
INFO: TokenBuild Behavior ::run [ RunTime:0.000699s ]
INFO: WriteHtmlCache Behavior ::run [ RunTime:0.000579s ]
INFO: ShowRuntime Behavior ::run [ RunTime:0.000828s ]
INFO: [ view_filter ] --END-- [ RunTime:0.003526s ]
INFO: [ view_end ] --START--
INFO: ShowPageTrace Behavior ::run [ RunTime:0.001017s ]
INFO: [ view_end ] --END-- [ RunTime:0.001137s ]

[ 2014-02-28T14:08:56+08:00 ] 127.0.0.1 /myself.html
INFO: [ route_check ] --START--
INFO: CheckRoute Behavior ::run [ RunTime:0.002255s ]
INFO: [ route_check ] --END-- [ RunTime:0.002439s ]
INFO: [ app_begin ] --START--
INFO: ReadHtmlCache Behavior ::run [ RunTime:0.000757s ]
INFO: [ app_begin ] --END-- [ RunTime:0.000903s ]
SQL: SHOW COLUMNS FROM `sun_member` [ RunTime:0.003595s ]
SQL: SELECT * FROM `sun_member` WHERE ( `uid` = 1 ) LIMIT 1   [ RunTime:0.000483s ]
SQL: SHOW COLUMNS FROM `sun_members` [ RunTime:0.003249s ]
SQL: SELECT * FROM `sun_members` WHERE ( `uid` = 1 ) LIMIT 1   [ RunTime:0.000388s ]
INFO: [ view_parse ] --START--
NOTIC: [8] Undefined index: area D:\wamp5.3\www\Cache\Cache\Index\72bcff74c2b73699bc82290bee9ad118.php 第 18 行.
NOTIC: [8] Undefined index: city D:\wamp5.3\www\Cache\Cache\Index\72bcff74c2b73699bc82290bee9ad118.php 第 19 行.
NOTIC: [8] Undefined index: nickname D:\wamp5.3\www\Cache\Cache\Index\72bcff74c2b73699bc82290bee9ad118.php 第 138 行.
NOTIC: [8] Undefined index: email D:\wamp5.3\www\Cache\Cache\Index\72bcff74c2b73699bc82290bee9ad118.php 第 139 行.
NOTIC: [8] Undefined index: qq D:\wamp5.3\www\Cache\Cache\Index\72bcff74c2b73699bc82290bee9ad118.php 第 140 行.
NOTIC: [8] Undefined index: tel D:\wamp5.3\www\Cache\Cache\Index\72bcff74c2b73699bc82290bee9ad118.php 第 141 行.
NOTIC: [8] Undefined index: code D:\wamp5.3\www\Cache\Cache\Index\72bcff74c2b73699bc82290bee9ad118.php 第 142 行.
NOTIC: [8] Undefined index: address D:\wamp5.3\www\Cache\Cache\Index\72bcff74c2b73699bc82290bee9ad118.php 第 147 行.
NOTIC: [8] Undefined index: sign D:\wamp5.3\www\Cache\Cache\Index\72bcff74c2b73699bc82290bee9ad118.php 第 148 行.
NOTIC: [8] Undefined index: biog D:\wamp5.3\www\Cache\Cache\Index\72bcff74c2b73699bc82290bee9ad118.php 第 149 行.
INFO: ParseTemplate Behavior ::run [ RunTime:0.027956s ]
INFO: [ view_parse ] --END-- [ RunTime:0.028102s ]
INFO: [ view_filter ] --START--
INFO: ContentReplace Behavior ::run [ RunTime:0.000770s ]
INFO: TokenBuild Behavior ::run [ RunTime:0.000560s ]
INFO: WriteHtmlCache Behavior ::run [ RunTime:0.000415s ]
INFO: ShowRuntime Behavior ::run [ RunTime:0.000675s ]
INFO: [ view_filter ] --END-- [ RunTime:0.002756s ]
INFO: [ view_end ] --START--
INFO: ShowPageTrace Behavior ::run [ RunTime:0.000726s ]
INFO: [ view_end ] --END-- [ RunTime:0.000846s ]

[ 2014-02-28T14:51:17+08:00 ] 127.0.0.1 /myself.html
INFO: [ route_check ] --START--
INFO: CheckRoute Behavior ::run [ RunTime:0.002291s ]
INFO: [ route_check ] --END-- [ RunTime:0.002514s ]
INFO: [ app_begin ] --START--
INFO: ReadHtmlCache Behavior ::run [ RunTime:0.001072s ]
INFO: [ app_begin ] --END-- [ RunTime:0.001213s ]
SQL: SHOW COLUMNS FROM `sun_member` [ RunTime:0.003583s ]
SQL: SELECT * FROM `sun_member` WHERE ( `uid` = 1 ) LIMIT 1   [ RunTime:0.000478s ]
SQL: SHOW COLUMNS FROM `sun_members` [ RunTime:0.003257s ]
SQL: SELECT * FROM `sun_members` WHERE ( `uid` = 1 ) LIMIT 1   [ RunTime:0.000365s ]
SQL: SHOW COLUMNS FROM `sun_newwd` [ RunTime:0.002750s ]
SQL: SELECT `weight` FROM `sun_newwd` WHERE ( `uid` = 1 ) ORDER BY did desc LIMIT 1   [ RunTime:0.000229s ]
ERR: 1054:Unknown column 'weight' in 'field list'
 [ SQL语句 ] : SELECT `weight` FROM `sun_newwd` WHERE ( `uid` = 1 ) ORDER BY did desc LIMIT 1  
SQL: SHOW COLUMNS FROM `sun_newweight` [ RunTime:0.002550s ]
SQL: SELECT * FROM `sun_newweight` WHERE ( `uid` = 1 ) ORDER BY wid desc LIMIT 1   [ RunTime:0.000191s ]
INFO: [ view_parse ] --START--
INFO: ParseTemplate Behavior ::run [ RunTime:0.029590s ]
INFO: [ view_parse ] --END-- [ RunTime:0.029756s ]
INFO: [ view_filter ] --START--
INFO: ContentReplace Behavior ::run [ RunTime:0.000992s ]
INFO: TokenBuild Behavior ::run [ RunTime:0.000802s ]
INFO: WriteHtmlCache Behavior ::run [ RunTime:0.000604s ]
INFO: ShowRuntime Behavior ::run [ RunTime:0.000851s ]
INFO: [ view_filter ] --END-- [ RunTime:0.003592s ]
INFO: [ view_end ] --START--
INFO: ShowPageTrace Behavior ::run [ RunTime:0.000944s ]
INFO: [ view_end ] --END-- [ RunTime:0.001066s ]

[ 2014-02-28T14:52:06+08:00 ] 127.0.0.1 /myself.html
INFO: [ route_check ] --START--
INFO: CheckRoute Behavior ::run [ RunTime:0.002708s ]
INFO: [ route_check ] --END-- [ RunTime:0.002894s ]
INFO: [ app_begin ] --START--
INFO: ReadHtmlCache Behavior ::run [ RunTime:0.001146s ]
INFO: [ app_begin ] --END-- [ RunTime:0.001292s ]
SQL: SHOW COLUMNS FROM `sun_member` [ RunTime:0.003183s ]
SQL: SELECT * FROM `sun_member` WHERE ( `uid` = 1 ) LIMIT 1   [ RunTime:0.000436s ]
SQL: SHOW COLUMNS FROM `sun_members` [ RunTime:0.002740s ]
SQL: SELECT * FROM `sun_members` WHERE ( `uid` = 1 ) LIMIT 1   [ RunTime:0.000369s ]
SQL: SHOW COLUMNS FROM `sun_newwd` [ RunTime:0.002476s ]
SQL: SELECT `weight` FROM `sun_newwd` WHERE ( `uid` = 1 ) ORDER BY did desc LIMIT 1   [ RunTime:0.000223s ]
ERR: 1054:Unknown column 'weight' in 'field list'
 [ SQL语句 ] : SELECT `weight` FROM `sun_newwd` WHERE ( `uid` = 1 ) ORDER BY did desc LIMIT 1  
SQL: SHOW COLUMNS FROM `sun_newweight` [ RunTime:0.002568s ]
SQL: SELECT * FROM `sun_newweight` WHERE ( `uid` = 1 ) ORDER BY wid desc LIMIT 1   [ RunTime:0.000262s ]
INFO: [ view_parse ] --START--
INFO: ParseTemplate Behavior ::run [ RunTime:0.030771s ]
INFO: [ view_parse ] --END-- [ RunTime:0.031273s ]
INFO: [ view_filter ] --START--
INFO: ContentReplace Behavior ::run [ RunTime:0.001277s ]
INFO: TokenBuild Behavior ::run [ RunTime:0.000833s ]
INFO: WriteHtmlCache Behavior ::run [ RunTime:0.000646s ]
INFO: ShowRuntime Behavior ::run [ RunTime:0.000887s ]
INFO: [ view_filter ] --END-- [ RunTime:0.003985s ]
INFO: [ view_end ] --START--
INFO: ShowPageTrace Behavior ::run [ RunTime:0.000965s ]
INFO: [ view_end ] --END-- [ RunTime:0.001086s ]

[ 2014-02-28T14:52:20+08:00 ] 127.0.0.1 /myself.html
INFO: [ route_check ] --START--
INFO: CheckRoute Behavior ::run [ RunTime:0.002668s ]
INFO: [ route_check ] --END-- [ RunTime:0.002899s ]
INFO: [ app_begin ] --START--
INFO: ReadHtmlCache Behavior ::run [ RunTime:0.001033s ]
INFO: [ app_begin ] --END-- [ RunTime:0.001175s ]
SQL: SHOW COLUMNS FROM `sun_member` [ RunTime:0.003509s ]
SQL: SELECT * FROM `sun_member` WHERE ( `uid` = 1 ) LIMIT 1   [ RunTime:0.000745s ]
SQL: SHOW COLUMNS FROM `sun_members` [ RunTime:0.003145s ]
SQL: SELECT * FROM `sun_members` WHERE ( `uid` = 1 ) LIMIT 1   [ RunTime:0.000514s ]
SQL: SHOW COLUMNS FROM `sun_newwd` [ RunTime:0.002542s ]
SQL: SELECT `weight` FROM `sun_newwd` WHERE ( `uid` = 1 ) ORDER BY did desc LIMIT 1   [ RunTime:0.000302s ]
ERR: 1054:Unknown column 'weight' in 'field list'
 [ SQL语句 ] : SELECT `weight` FROM `sun_newwd` WHERE ( `uid` = 1 ) ORDER BY did desc LIMIT 1  
SQL: SHOW COLUMNS FROM `sun_newweight` [ RunTime:0.002286s ]
SQL: SELECT * FROM `sun_newweight` WHERE ( `uid` = 1 ) ORDER BY wid desc LIMIT 1   [ RunTime:0.000383s ]
INFO: [ view_parse ] --START--
INFO: ParseTemplate Behavior ::run [ RunTime:0.031502s ]
INFO: [ view_parse ] --END-- [ RunTime:0.031661s ]
INFO: [ view_filter ] --START--
INFO: ContentReplace Behavior ::run [ RunTime:0.001065s ]
INFO: TokenBuild Behavior ::run [ RunTime:0.000985s ]
INFO: WriteHtmlCache Behavior ::run [ RunTime:0.000633s ]
INFO: ShowRuntime Behavior ::run [ RunTime:0.000897s ]
INFO: [ view_filter ] --END-- [ RunTime:0.003913s ]
INFO: [ view_end ] --START--
INFO: ShowPageTrace Behavior ::run [ RunTime:0.000953s ]
INFO: [ view_end ] --END-- [ RunTime:0.001069s ]

[ 2014-02-28T21:09:42+08:00 ] 127.0.0.1 /myself.html
INFO: [ route_check ] --START--
INFO: CheckRoute Behavior ::run [ RunTime:0.004818s ]
INFO: [ route_check ] --END-- [ RunTime:0.032828s ]
INFO: [ app_begin ] --START--
INFO: ReadHtmlCache Behavior ::run [ RunTime:0.001447s ]
INFO: [ app_begin ] --END-- [ RunTime:0.001672s ]
SQL: SHOW COLUMNS FROM `sun_member` [ RunTime:0.325863s ]
SQL: SELECT * FROM `sun_member` WHERE ( `uid` = 1 ) LIMIT 1   [ RunTime:0.025077s ]
SQL: SHOW COLUMNS FROM `sun_members` [ RunTime:0.042072s ]
SQL: SELECT * FROM `sun_members` WHERE ( `uid` = 1 ) LIMIT 1   [ RunTime:0.052491s ]
SQL: SHOW COLUMNS FROM `sun_newwd` [ RunTime:0.059999s ]
SQL: SELECT `weight` FROM `sun_newwd` WHERE ( `uid` = 1 ) ORDER BY did desc LIMIT 1   [ RunTime:0.040444s ]
ERR: 1054:Unknown column 'weight' in 'field list'
 [ SQL语句 ] : SELECT `weight` FROM `sun_newwd` WHERE ( `uid` = 1 ) ORDER BY did desc LIMIT 1  
SQL: SHOW COLUMNS FROM `sun_newweight` [ RunTime:0.089103s ]
SQL: SELECT * FROM `sun_newweight` WHERE ( `uid` = 1 ) ORDER BY wid desc LIMIT 1   [ RunTime:0.011486s ]
INFO: [ view_parse ] --START--
INFO: ParseTemplate Behavior ::run [ RunTime:0.141356s ]
INFO: [ view_parse ] --END-- [ RunTime:0.141635s ]
INFO: [ view_filter ] --START--
INFO: ContentReplace Behavior ::run [ RunTime:0.001636s ]
INFO: TokenBuild Behavior ::run [ RunTime:0.001543s ]
INFO: WriteHtmlCache Behavior ::run [ RunTime:0.015525s ]
INFO: ShowRuntime Behavior ::run [ RunTime:0.004804s ]
INFO: [ view_filter ] --END-- [ RunTime:0.024052s ]
INFO: [ view_end ] --START--
INFO: ShowPageTrace Behavior ::run [ RunTime:0.000881s ]
INFO: [ view_end ] --END-- [ RunTime:0.000999s ]

