[ 2014-03-03T14:50:17+08:00 ] 127.0.0.1 /
INFO: [ app_begin ] --START--
INFO: ReadHtmlCache Behavior ::run [ RunTime:0.010316s ]
INFO: [ app_begin ] --END-- [ RunTime:0.010493s ]
INFO: [ view_parse ] --START--
SQL: SHOW COLUMNS FROM `sun_news` [ RunTime:0.030224s ]
SQL: SHOW COLUMNS FROM `sun_news_attr` [ RunTime:0.011680s ]
SQL: SHOW COLUMNS FROM `sun_attr` [ RunTime:0.019833s ]
SQL: SELECT news.id AS id,news.title AS title,news.images AS images,news.description AS description,attr.id AS a_id FROM sun_news news LEFT JOIN sun_news_attr news_attr ON news.id = news_attr.nid RIGHT JOIN sun_attr attr ON news_attr.aid = attr.id WHERE ( `del` = 0 ) AND ( news.cid = 23 ) AND ( attr.id = 2 ) ORDER BY news.id DESC LIMIT 0,1   [ RunTime:0.108851s ]
SQL: SELECT news.id AS id,news.title AS title,news.images AS images,news.description AS description,attr.id AS a_id FROM sun_news news LEFT JOIN sun_news_attr news_attr ON news.id = news_attr.nid RIGHT JOIN sun_attr attr ON news_attr.aid = attr.id WHERE ( `del` = 0 ) AND ( news.cid = 23 ) AND ( attr.id = 2 ) ORDER BY news.id DESC LIMIT 0,1   [ RunTime:0.000844s ]
SQL: SELECT news.id AS id,news.title AS title,news.images AS images,news.description AS description,attr.id AS a_id FROM sun_news news LEFT JOIN sun_news_attr news_attr ON news.id = news_attr.nid RIGHT JOIN sun_attr attr ON news_attr.aid = attr.id WHERE ( `del` = 0 ) AND ( news.cid = 23 ) AND ( attr.id = 2 ) ORDER BY news.id DESC LIMIT 0,1   [ RunTime:0.000893s ]
NOTIC: [8] Use of undefined constant images - assumed 'images' D:\wamp5.3\www\Cache\Cache\Index\8ed2c844f6ed837cbecd724df679eeb0.php 第 1 行.
SQL: SELECT `id`,`title` FROM `sun_news` WHERE ( `del` = 0 ) AND ( `cid` = 23 ) ORDER BY id DESC LIMIT 0,9   [ RunTime:0.000705s ]
NOTIC: [8] Undefined index: cid D:\wamp5.3\www\Index\Modules\Index\Widget\HotWidget.class.php 第 11 行.
SQL: SELECT news.id AS id,news.title AS title,news.images AS images,news.description AS description,attr.id AS a_id FROM sun_news news LEFT JOIN sun_news_attr news_attr ON news.id = news_attr.nid RIGHT JOIN sun_attr attr ON news_attr.aid = attr.id WHERE ( `del` = 0 ) AND ( attr.id = 1 ) ORDER BY news.id DESC LIMIT 0,1   [ RunTime:0.067155s ]
NOTIC: [8] Undefined index: cid D:\wamp5.3\www\Index\Modules\Index\Widget\NewWidget.class.php 第 10 行.
SQL: SELECT `id`,`title` FROM `sun_news` WHERE ( `del` = 0 ) ORDER BY id DESC LIMIT 0,6   [ RunTime:0.000586s ]
NOTIC: [8] Undefined index: cid D:\wamp5.3\www\Index\Modules\Index\Widget\HotWidget.class.php 第 11 行.
SQL: SELECT news.id AS id,news.title AS title,news.images AS images,news.description AS description,attr.id AS a_id FROM sun_news news LEFT JOIN sun_news_attr news_attr ON news.id = news_attr.nid RIGHT JOIN sun_attr attr ON news_attr.aid = attr.id WHERE ( `del` = 0 ) AND ( attr.id = 1 ) ORDER BY news.id DESC LIMIT 1,1   [ RunTime:0.000957s ]
NOTIC: [8] Undefined index: cid D:\wamp5.3\www\Index\Modules\Index\Widget\NewWidget.class.php 第 10 行.
SQL: SELECT `id`,`title` FROM `sun_news` WHERE ( `del` = 0 ) ORDER BY id DESC LIMIT 6,6   [ RunTime:0.000575s ]
SQL: SELECT news.id AS id,news.title AS title,news.images AS images,news.description AS description,attr.id AS a_id FROM sun_news news LEFT JOIN sun_news_attr news_attr ON news.id = news_attr.nid RIGHT JOIN sun_attr attr ON news_attr.aid = attr.id WHERE ( `del` = 0 ) AND ( news.cid = 4 ) AND ( attr.id = 2 ) ORDER BY news.id DESC LIMIT 0,1   [ RunTime:0.000826s ]
NOTIC: [8] Use of undefined constant images - assumed 'images' D:\wamp5.3\www\Cache\Cache\Index\8ed2c844f6ed837cbecd724df679eeb0.php 第 1 行.
SQL: SELECT news.id AS id,news.title AS title,news.images AS images,news.description AS description,attr.id AS a_id FROM sun_news news LEFT JOIN sun_news_attr news_attr ON news.id = news_attr.nid RIGHT JOIN sun_attr attr ON news_attr.aid = attr.id WHERE ( `del` = 0 ) AND ( news.cid = 4 ) AND ( attr.id = 2 ) ORDER BY news.id DESC LIMIT 0,1   [ RunTime:0.000636s ]
SQL: SELECT `id`,`title` FROM `sun_news` WHERE ( `del` = 0 ) AND ( `cid` = 4 ) ORDER BY id DESC LIMIT 0,3   [ RunTime:0.000844s ]
SQL: SELECT news.id AS id,news.title AS title,news.images AS images,news.description AS description,attr.id AS a_id FROM sun_news news LEFT JOIN sun_news_attr news_attr ON news.id = news_attr.nid RIGHT JOIN sun_attr attr ON news_attr.aid = attr.id WHERE ( `del` = 0 ) AND ( news.cid = 3 ) AND ( attr.id = 2 ) ORDER BY news.id DESC LIMIT 0,1   [ RunTime:0.021996s ]
NOTIC: [8] Use of undefined constant images - assumed 'images' D:\wamp5.3\www\Cache\Cache\Index\8ed2c844f6ed837cbecd724df679eeb0.php 第 1 行.
SQL: SELECT news.id AS id,news.title AS title,news.images AS images,news.description AS description,attr.id AS a_id FROM sun_news news LEFT JOIN sun_news_attr news_attr ON news.id = news_attr.nid RIGHT JOIN sun_attr attr ON news_attr.aid = attr.id WHERE ( `del` = 0 ) AND ( news.cid = 3 ) AND ( attr.id = 2 ) ORDER BY news.id DESC LIMIT 0,1   [ RunTime:0.001585s ]
SQL: SELECT news.id AS id,news.title AS title,news.images AS images,news.description AS description,attr.id AS a_id FROM sun_news news LEFT JOIN sun_news_attr news_attr ON news.id = news_attr.nid RIGHT JOIN sun_attr attr ON news_attr.aid = attr.id WHERE ( `del` = 0 ) AND ( news.cid = 3 ) AND ( attr.id = 2 ) ORDER BY news.id DESC LIMIT 0,1   [ RunTime:0.001531s ]
SQL: SELECT `id`,`title` FROM `sun_news` WHERE ( `del` = 0 ) AND ( `cid` = 3 ) ORDER BY id DESC LIMIT 0,4   [ RunTime:0.015404s ]
SQL: SELECT news.id AS id,news.title AS title,news.images AS images,news.description AS description,attr.id AS a_id FROM sun_news news LEFT JOIN sun_news_attr news_attr ON news.id = news_attr.nid RIGHT JOIN sun_attr attr ON news_attr.aid = attr.id WHERE ( `del` = 0 ) AND ( news.cid = 12 ) AND ( attr.id = 2 ) ORDER BY news.id DESC LIMIT 0,1   [ RunTime:0.000879s ]
NOTIC: [8] Use of undefined constant images - assumed 'images' D:\wamp5.3\www\Cache\Cache\Index\8ed2c844f6ed837cbecd724df679eeb0.php 第 1 行.
SQL: SELECT news.id AS id,news.title AS title,news.images AS images,news.description AS description,attr.id AS a_id FROM sun_news news LEFT JOIN sun_news_attr news_attr ON news.id = news_attr.nid RIGHT JOIN sun_attr attr ON news_attr.aid = attr.id WHERE ( `del` = 0 ) AND ( news.cid = 12 ) AND ( attr.id = 2 ) ORDER BY news.id DESC LIMIT 0,1   [ RunTime:0.000709s ]
SQL: SELECT news.id AS id,news.title AS title,news.images AS images,news.description AS description,attr.id AS a_id FROM sun_news news LEFT JOIN sun_news_attr news_attr ON news.id = news_attr.nid RIGHT JOIN sun_attr attr ON news_attr.aid = attr.id WHERE ( `del` = 0 ) AND ( news.cid = 12 ) AND ( attr.id = 2 ) ORDER BY news.id DESC LIMIT 1,1   [ RunTime:0.000747s ]
NOTIC: [8] Use of undefined constant images - assumed 'images' D:\wamp5.3\www\Cache\Cache\Index\8ed2c844f6ed837cbecd724df679eeb0.php 第 1 行.
SQL: SELECT news.id AS id,news.title AS title,news.images AS images,news.description AS description,attr.id AS a_id FROM sun_news news LEFT JOIN sun_news_attr news_attr ON news.id = news_attr.nid RIGHT JOIN sun_attr attr ON news_attr.aid = attr.id WHERE ( `del` = 0 ) AND ( news.cid = 12 ) AND ( attr.id = 2 ) ORDER BY news.id DESC LIMIT 1,1   [ RunTime:0.000725s ]
SQL: SELECT news.id AS id,news.title AS title,news.images AS images,news.description AS description,attr.id AS a_id FROM sun_news news LEFT JOIN sun_news_attr news_attr ON news.id = news_attr.nid RIGHT JOIN sun_attr attr ON news_attr.aid = attr.id WHERE ( `del` = 0 ) AND ( news.cid = 12 ) AND ( attr.id = 2 ) ORDER BY news.id DESC LIMIT 2,1   [ RunTime:0.000720s ]
NOTIC: [8] Use of undefined constant images - assumed 'images' D:\wamp5.3\www\Cache\Cache\Index\8ed2c844f6ed837cbecd724df679eeb0.php 第 1 行.
SQL: SELECT news.id AS id,news.title AS title,news.images AS images,news.description AS description,attr.id AS a_id FROM sun_news news LEFT JOIN sun_news_attr news_attr ON news.id = news_attr.nid RIGHT JOIN sun_attr attr ON news_attr.aid = attr.id WHERE ( `del` = 0 ) AND ( news.cid = 12 ) AND ( attr.id = 2 ) ORDER BY news.id DESC LIMIT 2,1   [ RunTime:0.000889s ]
SQL: SELECT `id`,`title` FROM `sun_news` WHERE ( `del` = 0 ) AND ( `cid` = 10 ) ORDER BY id DESC LIMIT 0,6   [ RunTime:0.000644s ]
SQL: SELECT news.id AS id,news.title AS title,news.images AS images,news.description AS description,attr.id AS a_id FROM sun_news news LEFT JOIN sun_news_attr news_attr ON news.id = news_attr.nid RIGHT JOIN sun_attr attr ON news_attr.aid = attr.id WHERE ( `del` = 0 ) AND ( news.cid = 10 ) AND ( attr.id = 2 ) ORDER BY news.id DESC LIMIT 0,1   [ RunTime:0.000817s ]
NOTIC: [8] Use of undefined constant images - assumed 'images' D:\wamp5.3\www\Cache\Cache\Index\8ed2c844f6ed837cbecd724df679eeb0.php 第 1 行.
SQL: SELECT news.id AS id,news.title AS title,news.images AS images,news.description AS description,attr.id AS a_id FROM sun_news news LEFT JOIN sun_news_attr news_attr ON news.id = news_attr.nid RIGHT JOIN sun_attr attr ON news_attr.aid = attr.id WHERE ( `del` = 0 ) AND ( news.cid = 10 ) AND ( attr.id = 2 ) ORDER BY news.id DESC LIMIT 0,1   [ RunTime:0.000821s ]
SQL: SELECT news.id AS id,news.title AS title,news.images AS images,news.description AS description,attr.id AS a_id FROM sun_news news LEFT JOIN sun_news_attr news_attr ON news.id = news_attr.nid RIGHT JOIN sun_attr attr ON news_attr.aid = attr.id WHERE ( `del` = 0 ) AND ( news.cid = 10 ) AND ( attr.id = 2 ) ORDER BY news.id DESC LIMIT 1,1   [ RunTime:0.001124s ]
NOTIC: [8] Use of undefined constant images - assumed 'images' D:\wamp5.3\www\Cache\Cache\Index\8ed2c844f6ed837cbecd724df679eeb0.php 第 1 行.
SQL: SELECT news.id AS id,news.title AS title,news.images AS images,news.description AS description,attr.id AS a_id FROM sun_news news LEFT JOIN sun_news_attr news_attr ON news.id = news_attr.nid RIGHT JOIN sun_attr attr ON news_attr.aid = attr.id WHERE ( `del` = 0 ) AND ( news.cid = 10 ) AND ( attr.id = 2 ) ORDER BY news.id DESC LIMIT 1,1   [ RunTime:0.000818s ]
SQL: SELECT news.id AS id,news.title AS title,news.images AS images,news.description AS description,attr.id AS a_id FROM sun_news news LEFT JOIN sun_news_attr news_attr ON news.id = news_attr.nid RIGHT JOIN sun_attr attr ON news_attr.aid = attr.id WHERE ( `del` = 0 ) AND ( news.cid = 28 ) AND ( attr.id = 2 ) ORDER BY news.id DESC LIMIT 0,1   [ RunTime:0.000718s ]
SQL: SELECT news.id AS id,news.title AS title,news.images AS images,news.description AS description,attr.id AS a_id FROM sun_news news LEFT JOIN sun_news_attr news_attr ON news.id = news_attr.nid RIGHT JOIN sun_attr attr ON news_attr.aid = attr.id WHERE ( `del` = 0 ) AND ( news.cid = 28 ) AND ( attr.id = 2 ) ORDER BY news.id DESC LIMIT 0,1   [ RunTime:0.000786s ]
NOTIC: [8] Use of undefined constant images - assumed 'images' D:\wamp5.3\www\Cache\Cache\Index\8ed2c844f6ed837cbecd724df679eeb0.php 第 1 行.
SQL: SELECT news.id AS id,news.title AS title,news.images AS images,news.description AS description,attr.id AS a_id FROM sun_news news LEFT JOIN sun_news_attr news_attr ON news.id = news_attr.nid RIGHT JOIN sun_attr attr ON news_attr.aid = attr.id WHERE ( `del` = 0 ) AND ( news.cid = 28 ) AND ( attr.id = 2 ) ORDER BY news.id DESC LIMIT 0,1   [ RunTime:0.000728s ]
SQL: SELECT news.id AS id,news.title AS title,news.images AS images,news.description AS description,attr.id AS a_id FROM sun_news news LEFT JOIN sun_news_attr news_attr ON news.id = news_attr.nid RIGHT JOIN sun_attr attr ON news_attr.aid = attr.id WHERE ( `del` = 0 ) AND ( news.cid = 28 ) AND ( attr.id = 2 ) ORDER BY news.id DESC LIMIT 1,1   [ RunTime:0.000790s ]
SQL: SELECT news.id AS id,news.title AS title,news.images AS images,news.description AS description,attr.id AS a_id FROM sun_news news LEFT JOIN sun_news_attr news_attr ON news.id = news_attr.nid RIGHT JOIN sun_attr attr ON news_attr.aid = attr.id WHERE ( `del` = 0 ) AND ( news.cid = 28 ) AND ( attr.id = 2 ) ORDER BY news.id DESC LIMIT 1,1   [ RunTime:0.000580s ]
NOTIC: [8] Use of undefined constant images - assumed 'images' D:\wamp5.3\www\Cache\Cache\Index\8ed2c844f6ed837cbecd724df679eeb0.php 第 1 行.
SQL: SELECT news.id AS id,news.title AS title,news.images AS images,news.description AS description,attr.id AS a_id FROM sun_news news LEFT JOIN sun_news_attr news_attr ON news.id = news_attr.nid RIGHT JOIN sun_attr attr ON news_attr.aid = attr.id WHERE ( `del` = 0 ) AND ( news.cid = 28 ) AND ( attr.id = 2 ) ORDER BY news.id DESC LIMIT 1,1   [ RunTime:0.000661s ]
SQL: SELECT news.id AS id,news.title AS title,news.images AS images,news.description AS description,attr.id AS a_id FROM sun_news news LEFT JOIN sun_news_attr news_attr ON news.id = news_attr.nid RIGHT JOIN sun_attr attr ON news_attr.aid = attr.id WHERE ( `del` = 0 ) AND ( news.cid = 25 ) AND ( attr.id = 2 ) ORDER BY news.id DESC LIMIT 0,1   [ RunTime:0.000670s ]
SQL: SELECT news.id AS id,news.title AS title,news.images AS images,news.description AS description,attr.id AS a_id FROM sun_news news LEFT JOIN sun_news_attr news_attr ON news.id = news_attr.nid RIGHT JOIN sun_attr attr ON news_attr.aid = attr.id WHERE ( `del` = 0 ) AND ( news.cid = 25 ) AND ( attr.id = 2 ) ORDER BY news.id DESC LIMIT 0,1   [ RunTime:0.000653s ]
NOTIC: [8] Use of undefined constant images - assumed 'images' D:\wamp5.3\www\Cache\Cache\Index\8ed2c844f6ed837cbecd724df679eeb0.php 第 1 行.
SQL: SELECT news.id AS id,news.title AS title,news.images AS images,news.description AS description,attr.id AS a_id FROM sun_news news LEFT JOIN sun_news_attr news_attr ON news.id = news_attr.nid RIGHT JOIN sun_attr attr ON news_attr.aid = attr.id WHERE ( `del` = 0 ) AND ( news.cid = 25 ) AND ( attr.id = 2 ) ORDER BY news.id DESC LIMIT 0,1   [ RunTime:0.000561s ]
SQL: SELECT news.id AS id,news.title AS title,news.images AS images,news.description AS description,attr.id AS a_id FROM sun_news news LEFT JOIN sun_news_attr news_attr ON news.id = news_attr.nid RIGHT JOIN sun_attr attr ON news_attr.aid = attr.id WHERE ( `del` = 0 ) AND ( news.cid = 25 ) AND ( attr.id = 2 ) ORDER BY news.id DESC LIMIT 1,1   [ RunTime:0.000659s ]
SQL: SELECT news.id AS id,news.title AS title,news.images AS images,news.description AS description,attr.id AS a_id FROM sun_news news LEFT JOIN sun_news_attr news_attr ON news.id = news_attr.nid RIGHT JOIN sun_attr attr ON news_attr.aid = attr.id WHERE ( `del` = 0 ) AND ( news.cid = 25 ) AND ( attr.id = 2 ) ORDER BY news.id DESC LIMIT 1,1   [ RunTime:0.000565s ]
NOTIC: [8] Use of undefined constant images - assumed 'images' D:\wamp5.3\www\Cache\Cache\Index\8ed2c844f6ed837cbecd724df679eeb0.php 第 1 行.
SQL: SELECT news.id AS id,news.title AS title,news.images AS images,news.description AS description,attr.id AS a_id FROM sun_news news LEFT JOIN sun_news_attr news_attr ON news.id = news_attr.nid RIGHT JOIN sun_attr attr ON news_attr.aid = attr.id WHERE ( `del` = 0 ) AND ( news.cid = 25 ) AND ( attr.id = 2 ) ORDER BY news.id DESC LIMIT 1,1   [ RunTime:0.000680s ]
SQL: SELECT news.id AS id,news.title AS title,news.images AS images,news.description AS description,attr.id AS a_id FROM sun_news news LEFT JOIN sun_news_attr news_attr ON news.id = news_attr.nid RIGHT JOIN sun_attr attr ON news_attr.aid = attr.id WHERE ( `del` = 0 ) AND ( news.cid = 24 ) AND ( attr.id = 2 ) ORDER BY news.id DESC LIMIT 0,1   [ RunTime:0.000658s ]
SQL: SELECT news.id AS id,news.title AS title,news.images AS images,news.description AS description,attr.id AS a_id FROM sun_news news LEFT JOIN sun_news_attr news_attr ON news.id = news_attr.nid RIGHT JOIN sun_attr attr ON news_attr.aid = attr.id WHERE ( `del` = 0 ) AND ( news.cid = 24 ) AND ( attr.id = 2 ) ORDER BY news.id DESC LIMIT 0,1   [ RunTime:0.000636s ]
NOTIC: [8] Use of undefined constant images - assumed 'images' D:\wamp5.3\www\Cache\Cache\Index\8ed2c844f6ed837cbecd724df679eeb0.php 第 1 行.
SQL: SELECT news.id AS id,news.title AS title,news.images AS images,news.description AS description,attr.id AS a_id FROM sun_news news LEFT JOIN sun_news_attr news_attr ON news.id = news_attr.nid RIGHT JOIN sun_attr attr ON news_attr.aid = attr.id WHERE ( `del` = 0 ) AND ( news.cid = 24 ) AND ( attr.id = 2 ) ORDER BY news.id DESC LIMIT 0,1   [ RunTime:0.000717s ]
SQL: SELECT news.id AS id,news.title AS title,news.images AS images,news.description AS description,attr.id AS a_id FROM sun_news news LEFT JOIN sun_news_attr news_attr ON news.id = news_attr.nid RIGHT JOIN sun_attr attr ON news_attr.aid = attr.id WHERE ( `del` = 0 ) AND ( news.cid = 24 ) AND ( attr.id = 2 ) ORDER BY news.id DESC LIMIT 1,1   [ RunTime:0.000687s ]
SQL: SELECT news.id AS id,news.title AS title,news.images AS images,news.description AS description,attr.id AS a_id FROM sun_news news LEFT JOIN sun_news_attr news_attr ON news.id = news_attr.nid RIGHT JOIN sun_attr attr ON news_attr.aid = attr.id WHERE ( `del` = 0 ) AND ( news.cid = 24 ) AND ( attr.id = 2 ) ORDER BY news.id DESC LIMIT 1,1   [ RunTime:0.000850s ]
NOTIC: [8] Use of undefined constant images - assumed 'images' D:\wamp5.3\www\Cache\Cache\Index\8ed2c844f6ed837cbecd724df679eeb0.php 第 1 行.
SQL: SELECT news.id AS id,news.title AS title,news.images AS images,news.description AS description,attr.id AS a_id FROM sun_news news LEFT JOIN sun_news_attr news_attr ON news.id = news_attr.nid RIGHT JOIN sun_attr attr ON news_attr.aid = attr.id WHERE ( `del` = 0 ) AND ( news.cid = 24 ) AND ( attr.id = 2 ) ORDER BY news.id DESC LIMIT 1,1   [ RunTime:0.000616s ]
SQL: SELECT news.id AS id,news.title AS title,news.images AS images,news.description AS description,attr.id AS a_id FROM sun_news news LEFT JOIN sun_news_attr news_attr ON news.id = news_attr.nid RIGHT JOIN sun_attr attr ON news_attr.aid = attr.id WHERE ( `del` = 0 ) AND ( news.cid = 5 ) AND ( attr.id = 2 ) ORDER BY news.id DESC LIMIT 0,1   [ RunTime:0.000734s ]
SQL: SELECT news.id AS id,news.title AS title,news.images AS images,news.description AS description,attr.id AS a_id FROM sun_news news LEFT JOIN sun_news_attr news_attr ON news.id = news_attr.nid RIGHT JOIN sun_attr attr ON news_attr.aid = attr.id WHERE ( `del` = 0 ) AND ( news.cid = 5 ) AND ( attr.id = 2 ) ORDER BY news.id DESC LIMIT 0,1   [ RunTime:0.000672s ]
NOTIC: [8] Use of undefined constant images - assumed 'images' D:\wamp5.3\www\Cache\Cache\Index\8ed2c844f6ed837cbecd724df679eeb0.php 第 1 行.
SQL: SELECT news.id AS id,news.title AS title,news.images AS images,news.description AS description,attr.id AS a_id FROM sun_news news LEFT JOIN sun_news_attr news_attr ON news.id = news_attr.nid RIGHT JOIN sun_attr attr ON news_attr.aid = attr.id WHERE ( `del` = 0 ) AND ( news.cid = 5 ) AND ( attr.id = 2 ) ORDER BY news.id DESC LIMIT 0,1   [ RunTime:0.000785s ]
SQL: SELECT news.id AS id,news.title AS title,news.images AS images,news.description AS description,attr.id AS a_id FROM sun_news news LEFT JOIN sun_news_attr news_attr ON news.id = news_attr.nid RIGHT JOIN sun_attr attr ON news_attr.aid = attr.id WHERE ( `del` = 0 ) AND ( news.cid = 5 ) AND ( attr.id = 2 ) ORDER BY news.id DESC LIMIT 1,1   [ RunTime:0.000633s ]
SQL: SELECT news.id AS id,news.title AS title,news.images AS images,news.description AS description,attr.id AS a_id FROM sun_news news LEFT JOIN sun_news_attr news_attr ON news.id = news_attr.nid RIGHT JOIN sun_attr attr ON news_attr.aid = attr.id WHERE ( `del` = 0 ) AND ( news.cid = 5 ) AND ( attr.id = 2 ) ORDER BY news.id DESC LIMIT 1,1   [ RunTime:0.000837s ]
NOTIC: [8] Use of undefined constant images - assumed 'images' D:\wamp5.3\www\Cache\Cache\Index\8ed2c844f6ed837cbecd724df679eeb0.php 第 1 行.
SQL: SELECT news.id AS id,news.title AS title,news.images AS images,news.description AS description,attr.id AS a_id FROM sun_news news LEFT JOIN sun_news_attr news_attr ON news.id = news_attr.nid RIGHT JOIN sun_attr attr ON news_attr.aid = attr.id WHERE ( `del` = 0 ) AND ( news.cid = 5 ) AND ( attr.id = 2 ) ORDER BY news.id DESC LIMIT 1,1   [ RunTime:0.001172s ]
SQL: SELECT news.id AS id,news.title AS title,news.images AS images,news.description AS description,attr.id AS a_id FROM sun_news news LEFT JOIN sun_news_attr news_attr ON news.id = news_attr.nid RIGHT JOIN sun_attr attr ON news_attr.aid = attr.id WHERE ( `del` = 0 ) AND ( news.cid = 9 ) AND ( attr.id = 2 ) ORDER BY news.id DESC LIMIT 0,1   [ RunTime:0.000692s ]
NOTIC: [8] Use of undefined constant images - assumed 'images' D:\wamp5.3\www\Cache\Cache\Index\8ed2c844f6ed837cbecd724df679eeb0.php 第 1 行.
SQL: SELECT news.id AS id,news.title AS title,news.images AS images,news.description AS description,attr.id AS a_id FROM sun_news news LEFT JOIN sun_news_attr news_attr ON news.id = news_attr.nid RIGHT JOIN sun_attr attr ON news_attr.aid = attr.id WHERE ( `del` = 0 ) AND ( news.cid = 9 ) AND ( attr.id = 2 ) ORDER BY news.id DESC LIMIT 0,1   [ RunTime:0.000480s ]
SQL: SELECT news.id AS id,news.title AS title,news.images AS images,news.description AS description,attr.id AS a_id FROM sun_news news LEFT JOIN sun_news_attr news_attr ON news.id = news_attr.nid RIGHT JOIN sun_attr attr ON news_attr.aid = attr.id WHERE ( `del` = 0 ) AND ( news.cid = 9 ) AND ( attr.id = 2 ) ORDER BY news.id DESC LIMIT 1,1   [ RunTime:0.000640s ]
NOTIC: [8] Use of undefined constant images - assumed 'images' D:\wamp5.3\www\Cache\Cache\Index\8ed2c844f6ed837cbecd724df679eeb0.php 第 1 行.
SQL: SELECT news.id AS id,news.title AS title,news.images AS images,news.description AS description,attr.id AS a_id FROM sun_news news LEFT JOIN sun_news_attr news_attr ON news.id = news_attr.nid RIGHT JOIN sun_attr attr ON news_attr.aid = attr.id WHERE ( `del` = 0 ) AND ( news.cid = 9 ) AND ( attr.id = 2 ) ORDER BY news.id DESC LIMIT 1,1   [ RunTime:0.000530s ]
SQL: SELECT news.id AS id,news.title AS title,news.images AS images,news.description AS description,attr.id AS a_id FROM sun_news news LEFT JOIN sun_news_attr news_attr ON news.id = news_attr.nid RIGHT JOIN sun_attr attr ON news_attr.aid = attr.id WHERE ( `del` = 0 ) AND ( news.cid = 9 ) AND ( attr.id = 2 ) ORDER BY news.id DESC LIMIT 2,1   [ RunTime:0.000592s ]
NOTIC: [8] Use of undefined constant images - assumed 'images' D:\wamp5.3\www\Cache\Cache\Index\8ed2c844f6ed837cbecd724df679eeb0.php 第 1 行.
SQL: SELECT news.id AS id,news.title AS title,news.images AS images,news.description AS description,attr.id AS a_id FROM sun_news news LEFT JOIN sun_news_attr news_attr ON news.id = news_attr.nid RIGHT JOIN sun_attr attr ON news_attr.aid = attr.id WHERE ( `del` = 0 ) AND ( news.cid = 9 ) AND ( attr.id = 2 ) ORDER BY news.id DESC LIMIT 2,1   [ RunTime:0.000616s ]
SQL: SELECT news.id AS id,news.title AS title,news.images AS images,news.description AS description,attr.id AS a_id FROM sun_news news LEFT JOIN sun_news_attr news_attr ON news.id = news_attr.nid RIGHT JOIN sun_attr attr ON news_attr.aid = attr.id WHERE ( `del` = 0 ) AND ( news.cid = 9 ) AND ( attr.id = 2 ) ORDER BY news.id DESC LIMIT 3,1   [ RunTime:0.000669s ]
NOTIC: [8] Use of undefined constant images - assumed 'images' D:\wamp5.3\www\Cache\Cache\Index\8ed2c844f6ed837cbecd724df679eeb0.php 第 1 行.
SQL: SELECT news.id AS id,news.title AS title,news.images AS images,news.description AS description,attr.id AS a_id FROM sun_news news LEFT JOIN sun_news_attr news_attr ON news.id = news_attr.nid RIGHT JOIN sun_attr attr ON news_attr.aid = attr.id WHERE ( `del` = 0 ) AND ( news.cid = 9 ) AND ( attr.id = 2 ) ORDER BY news.id DESC LIMIT 3,1   [ RunTime:0.000498s ]
SQL: SELECT news.id AS id,news.title AS title,news.images AS images,news.description AS description,attr.id AS a_id FROM sun_news news LEFT JOIN sun_news_attr news_attr ON news.id = news_attr.nid RIGHT JOIN sun_attr attr ON news_attr.aid = attr.id WHERE ( `del` = 0 ) AND ( news.cid = 9 ) AND ( attr.id = 2 ) ORDER BY news.id DESC LIMIT 4,1   [ RunTime:0.000594s ]
NOTIC: [8] Use of undefined constant images - assumed 'images' D:\wamp5.3\www\Cache\Cache\Index\8ed2c844f6ed837cbecd724df679eeb0.php 第 1 行.
SQL: SELECT news.id AS id,news.title AS title,news.images AS images,news.description AS description,attr.id AS a_id FROM sun_news news LEFT JOIN sun_news_attr news_attr ON news.id = news_attr.nid RIGHT JOIN sun_attr attr ON news_attr.aid = attr.id WHERE ( `del` = 0 ) AND ( news.cid = 9 ) AND ( attr.id = 2 ) ORDER BY news.id DESC LIMIT 4,1   [ RunTime:0.000493s ]
SQL: SELECT news.id AS id,news.title AS title,news.images AS images,news.description AS description,attr.id AS a_id FROM sun_news news LEFT JOIN sun_news_attr news_attr ON news.id = news_attr.nid RIGHT JOIN sun_attr attr ON news_attr.aid = attr.id WHERE ( `del` = 0 ) AND ( news.cid = 26 ) AND ( attr.id = 2 ) ORDER BY news.id DESC LIMIT 0,1   [ RunTime:0.000566s ]
NOTIC: [8] Use of undefined constant images - assumed 'images' D:\wamp5.3\www\Cache\Cache\Index\8ed2c844f6ed837cbecd724df679eeb0.php 第 1 行.
SQL: SELECT news.id AS id,news.title AS title,news.images AS images,news.description AS description,attr.id AS a_id FROM sun_news news LEFT JOIN sun_news_attr news_attr ON news.id = news_attr.nid RIGHT JOIN sun_attr attr ON news_attr.aid = attr.id WHERE ( `del` = 0 ) AND ( news.cid = 26 ) AND ( attr.id = 2 ) ORDER BY news.id DESC LIMIT 0,1   [ RunTime:0.000645s ]
SQL: SELECT news.id AS id,news.title AS title,news.images AS images,news.description AS description,attr.id AS a_id FROM sun_news news LEFT JOIN sun_news_attr news_attr ON news.id = news_attr.nid RIGHT JOIN sun_attr attr ON news_attr.aid = attr.id WHERE ( `del` = 0 ) AND ( news.cid = 26 ) AND ( attr.id = 2 ) ORDER BY news.id DESC LIMIT 0,1   [ RunTime:0.000580s ]
SQL: SELECT `id`,`title` FROM `sun_news` WHERE ( `del` = 0 ) AND ( `cid` = 26 ) ORDER BY id DESC LIMIT 0,7   [ RunTime:0.000558s ]
SQL: SELECT news.id AS id,news.title AS title,news.images AS images,news.description AS description,attr.id AS a_id FROM sun_news news LEFT JOIN sun_news_attr news_attr ON news.id = news_attr.nid RIGHT JOIN sun_attr attr ON news_attr.aid = attr.id WHERE ( `del` = 0 ) AND ( news.cid = 27 ) AND ( attr.id = 2 ) ORDER BY news.id DESC LIMIT 0,1   [ RunTime:0.000757s ]
NOTIC: [8] Use of undefined constant images - assumed 'images' D:\wamp5.3\www\Cache\Cache\Index\8ed2c844f6ed837cbecd724df679eeb0.php 第 1 行.
SQL: SELECT news.id AS id,news.title AS title,news.images AS images,news.description AS description,attr.id AS a_id FROM sun_news news LEFT JOIN sun_news_attr news_attr ON news.id = news_attr.nid RIGHT JOIN sun_attr attr ON news_attr.aid = attr.id WHERE ( `del` = 0 ) AND ( news.cid = 27 ) AND ( attr.id = 2 ) ORDER BY news.id DESC LIMIT 0,1   [ RunTime:0.000728s ]
SQL: SELECT news.id AS id,news.title AS title,news.images AS images,news.description AS description,attr.id AS a_id FROM sun_news news LEFT JOIN sun_news_attr news_attr ON news.id = news_attr.nid RIGHT JOIN sun_attr attr ON news_attr.aid = attr.id WHERE ( `del` = 0 ) AND ( news.cid = 27 ) AND ( attr.id = 2 ) ORDER BY news.id DESC LIMIT 0,1   [ RunTime:0.000651s ]
SQL: SELECT `id`,`title` FROM `sun_news` WHERE ( `del` = 0 ) AND ( `cid` = 27 ) ORDER BY id DESC LIMIT 0,7   [ RunTime:0.000413s ]
INFO: ParseTemplate Behavior ::run [ RunTime:0.856495s ]
INFO: [ view_parse ] --END-- [ RunTime:0.857305s ]
INFO: [ view_filter ] --START--
INFO: ContentReplace Behavior ::run [ RunTime:0.013621s ]
INFO: TokenBuild Behavior ::run [ RunTime:0.004001s ]
INFO: WriteHtmlCache Behavior ::run [ RunTime:0.004514s ]
INFO: ShowRuntime Behavior ::run [ RunTime:0.009488s ]
INFO: [ view_filter ] --END-- [ RunTime:0.032022s ]
INFO: [ view_end ] --START--
INFO: ShowPageTrace Behavior ::run [ RunTime:0.008350s ]
INFO: [ view_end ] --END-- [ RunTime:0.008481s ]

[ 2014-03-03T14:50:19+08:00 ] 127.0.0.1 /login.html
INFO: [ route_check ] --START--
INFO: CheckRoute Behavior ::run [ RunTime:0.002349s ]
INFO: [ route_check ] --END-- [ RunTime:0.002534s ]
INFO: [ app_begin ] --START--
INFO: ReadHtmlCache Behavior ::run [ RunTime:0.001187s ]
INFO: [ app_begin ] --END-- [ RunTime:0.001444s ]
INFO: [ view_parse ] --START--
INFO: ParseTemplate Behavior ::run [ RunTime:0.035003s ]
INFO: [ view_parse ] --END-- [ RunTime:0.035180s ]
INFO: [ view_filter ] --START--
INFO: ContentReplace Behavior ::run [ RunTime:0.000572s ]
INFO: TokenBuild Behavior ::run [ RunTime:0.000511s ]
INFO: WriteHtmlCache Behavior ::run [ RunTime:0.000395s ]
INFO: ShowRuntime Behavior ::run [ RunTime:0.000755s ]
INFO: [ view_filter ] --END-- [ RunTime:0.002551s ]
INFO: [ view_end ] --START--
INFO: ShowPageTrace Behavior ::run [ RunTime:0.001075s ]
INFO: [ view_end ] --END-- [ RunTime:0.001200s ]

[ 2014-03-03T14:50:20+08:00 ] 127.0.0.1 /verify.html
INFO: [ route_check ] --START--
INFO: CheckRoute Behavior ::run [ RunTime:0.002045s ]
INFO: [ route_check ] --END-- [ RunTime:0.002214s ]
INFO: [ app_begin ] --START--
INFO: ReadHtmlCache Behavior ::run [ RunTime:0.000778s ]
INFO: [ app_begin ] --END-- [ RunTime:0.000910s ]

[ 2014-03-03T14:50:30+08:00 ] 127.0.0.1 /verify/0.6537401045421452
INFO: [ route_check ] --START--
INFO: CheckRoute Behavior ::run [ RunTime:0.001777s ]
INFO: [ route_check ] --END-- [ RunTime:0.001925s ]
INFO: [ app_begin ] --START--
INFO: ReadHtmlCache Behavior ::run [ RunTime:0.000631s ]
INFO: [ app_begin ] --END-- [ RunTime:0.000751s ]

[ 2014-03-03T14:50:40+08:00 ] 127.0.0.1 /logins
INFO: [ route_check ] --START--
INFO: CheckRoute Behavior ::run [ RunTime:0.001660s ]
INFO: [ route_check ] --END-- [ RunTime:0.001810s ]
INFO: [ app_begin ] --START--
INFO: ReadHtmlCache Behavior ::run [ RunTime:0.000605s ]
INFO: [ app_begin ] --END-- [ RunTime:0.000711s ]
SQL: SHOW COLUMNS FROM `sun_member` [ RunTime:0.087182s ]
SQL: SELECT * FROM `sun_member` WHERE ( `uname` = 'karrysun' ) AND ( `pwd` = '168521cf6324fb22f27fe305cebd783b' ) AND ( `mstatus` = 1 ) LIMIT 1   [ RunTime:0.000712s ]
SQL: UPDATE `sun_member` SET `login`=20,`score`=2098,`last_login_ip`='127.0.0.1',`last_login_time`=1393829440 WHERE ( `uid` = 1 ) [ RunTime:0.034873s ]

[ 2014-03-03T14:50:41+08:00 ] 127.0.0.1 /oneself.html
INFO: [ route_check ] --START--
INFO: CheckRoute Behavior ::run [ RunTime:0.002098s ]
INFO: [ route_check ] --END-- [ RunTime:0.002251s ]
INFO: [ app_begin ] --START--
INFO: ReadHtmlCache Behavior ::run [ RunTime:0.001072s ]
INFO: [ app_begin ] --END-- [ RunTime:0.001263s ]
SQL: SHOW COLUMNS FROM `sun_member` [ RunTime:0.003679s ]
SQL: SELECT * FROM `sun_member` WHERE ( `uid` = 1 ) LIMIT 1   [ RunTime:0.000452s ]
NOTIC: [8] Undefined variable: scores D:\wamp5.3\www\Index\Modules\Index\Action\MemberAction.class.php 第 16 行.
NOTIC: [8] Undefined variable: scores D:\wamp5.3\www\Index\Modules\Index\Action\MemberAction.class.php 第 16 行.
INFO: [ view_parse ] --START--
INFO: ParseTemplate Behavior ::run [ RunTime:0.047711s ]
INFO: [ view_parse ] --END-- [ RunTime:0.047872s ]
INFO: [ view_filter ] --START--
INFO: ContentReplace Behavior ::run [ RunTime:0.000866s ]
INFO: TokenBuild Behavior ::run [ RunTime:0.000612s ]
INFO: WriteHtmlCache Behavior ::run [ RunTime:0.000422s ]
INFO: ShowRuntime Behavior ::run [ RunTime:0.000692s ]
INFO: [ view_filter ] --END-- [ RunTime:0.002921s ]
INFO: [ view_end ] --START--
INFO: ShowPageTrace Behavior ::run [ RunTime:0.000740s ]
INFO: [ view_end ] --END-- [ RunTime:0.000865s ]

[ 2014-03-03T14:50:45+08:00 ] 127.0.0.1 /oneself.html
INFO: [ route_check ] --START--
INFO: CheckRoute Behavior ::run [ RunTime:0.001897s ]
INFO: [ route_check ] --END-- [ RunTime:0.002069s ]
INFO: [ app_begin ] --START--
INFO: ReadHtmlCache Behavior ::run [ RunTime:0.001149s ]
INFO: [ app_begin ] --END-- [ RunTime:0.001397s ]
SQL: SHOW COLUMNS FROM `sun_member` [ RunTime:0.003438s ]
SQL: SELECT * FROM `sun_member` WHERE ( `uid` = 1 ) LIMIT 1   [ RunTime:0.000543s ]
NOTIC: [8] Undefined variable: scores D:\wamp5.3\www\Index\Modules\Index\Action\MemberAction.class.php 第 16 行.
NOTIC: [8] Undefined variable: scores D:\wamp5.3\www\Index\Modules\Index\Action\MemberAction.class.php 第 16 行.
INFO: [ view_parse ] --START--
INFO: ParseTemplate Behavior ::run [ RunTime:0.021153s ]
INFO: [ view_parse ] --END-- [ RunTime:0.021309s ]
INFO: [ view_filter ] --START--
INFO: ContentReplace Behavior ::run [ RunTime:0.000600s ]
INFO: TokenBuild Behavior ::run [ RunTime:0.000479s ]
INFO: WriteHtmlCache Behavior ::run [ RunTime:0.000316s ]
INFO: ShowRuntime Behavior ::run [ RunTime:0.000769s ]
INFO: [ view_filter ] --END-- [ RunTime:0.002487s ]
INFO: [ view_end ] --START--
INFO: ShowPageTrace Behavior ::run [ RunTime:0.000703s ]
INFO: [ view_end ] --END-- [ RunTime:0.000818s ]

[ 2014-03-03T14:50:47+08:00 ] 127.0.0.1 /myself.html
INFO: [ route_check ] --START--
INFO: CheckRoute Behavior ::run [ RunTime:0.001922s ]
INFO: [ route_check ] --END-- [ RunTime:0.002088s ]
INFO: [ app_begin ] --START--
INFO: ReadHtmlCache Behavior ::run [ RunTime:0.000671s ]
INFO: [ app_begin ] --END-- [ RunTime:0.000792s ]
SQL: SHOW COLUMNS FROM `sun_member` [ RunTime:0.003500s ]
SQL: SELECT * FROM `sun_member` WHERE ( `uid` = 1 ) LIMIT 1   [ RunTime:0.000620s ]
SQL: SHOW COLUMNS FROM `sun_members` [ RunTime:0.036472s ]
SQL: SELECT * FROM `sun_members` WHERE ( `uid` = 1 ) LIMIT 1   [ RunTime:0.000472s ]
SQL: SHOW COLUMNS FROM `sun_newwd` [ RunTime:0.029945s ]
SQL: SELECT `weight` FROM `sun_newwd` WHERE ( `uid` = 1 ) ORDER BY did desc LIMIT 1   [ RunTime:0.000423s ]
ERR: 1054:Unknown column 'weight' in 'field list'
 [ SQL语句 ] : SELECT `weight` FROM `sun_newwd` WHERE ( `uid` = 1 ) ORDER BY did desc LIMIT 1  
SQL: SHOW COLUMNS FROM `sun_newweight` [ RunTime:0.031205s ]
SQL: SELECT * FROM `sun_newweight` WHERE ( `uid` = 1 ) ORDER BY wid desc LIMIT 1   [ RunTime:0.000477s ]
INFO: [ view_parse ] --START--
INFO: ParseTemplate Behavior ::run [ RunTime:0.034490s ]
INFO: [ view_parse ] --END-- [ RunTime:0.034647s ]
INFO: [ view_filter ] --START--
INFO: ContentReplace Behavior ::run [ RunTime:0.000681s ]
INFO: TokenBuild Behavior ::run [ RunTime:0.000476s ]
INFO: WriteHtmlCache Behavior ::run [ RunTime:0.000323s ]
INFO: ShowRuntime Behavior ::run [ RunTime:0.000588s ]
INFO: [ view_filter ] --END-- [ RunTime:0.002386s ]
INFO: [ view_end ] --START--
INFO: ShowPageTrace Behavior ::run [ RunTime:0.000706s ]
INFO: [ view_end ] --END-- [ RunTime:0.000821s ]

[ 2014-03-03T15:06:46+08:00 ] 127.0.0.1 /myself.html
INFO: [ route_check ] --START--
INFO: CheckRoute Behavior ::run [ RunTime:0.002069s ]
INFO: [ route_check ] --END-- [ RunTime:0.002233s ]
INFO: [ app_begin ] --START--
INFO: ReadHtmlCache Behavior ::run [ RunTime:0.000962s ]
INFO: [ app_begin ] --END-- [ RunTime:0.001090s ]
SQL: SHOW COLUMNS FROM `sun_member` [ RunTime:0.003138s ]
SQL: SELECT * FROM `sun_member` WHERE ( `uid` = 1 ) LIMIT 1   [ RunTime:0.000457s ]
SQL: SHOW COLUMNS FROM `sun_members` [ RunTime:0.002871s ]
SQL: SELECT * FROM `sun_members` WHERE ( `uid` = 1 ) LIMIT 1   [ RunTime:0.000370s ]
SQL: SHOW COLUMNS FROM `sun_newwd` [ RunTime:0.002626s ]
SQL: SELECT `weight` FROM `sun_newwd` WHERE ( `uid` = 1 ) ORDER BY did desc LIMIT 1   [ RunTime:0.000239s ]
ERR: 1054:Unknown column 'weight' in 'field list'
 [ SQL语句 ] : SELECT `weight` FROM `sun_newwd` WHERE ( `uid` = 1 ) ORDER BY did desc LIMIT 1  
SQL: SHOW COLUMNS FROM `sun_newweight` [ RunTime:0.002386s ]
SQL: SELECT * FROM `sun_newweight` WHERE ( `uid` = 1 ) ORDER BY wid desc LIMIT 1   [ RunTime:0.000250s ]
INFO: [ view_parse ] --START--
INFO: ParseTemplate Behavior ::run [ RunTime:0.027722s ]
INFO: [ view_parse ] --END-- [ RunTime:0.027890s ]
INFO: [ view_filter ] --START--
INFO: ContentReplace Behavior ::run [ RunTime:0.000959s ]
INFO: TokenBuild Behavior ::run [ RunTime:0.000612s ]
INFO: WriteHtmlCache Behavior ::run [ RunTime:0.000449s ]
INFO: ShowRuntime Behavior ::run [ RunTime:0.000822s ]
INFO: [ view_filter ] --END-- [ RunTime:0.003167s ]
INFO: [ view_end ] --START--
INFO: ShowPageTrace Behavior ::run [ RunTime:0.000868s ]
INFO: [ view_end ] --END-- [ RunTime:0.000981s ]

[ 2014-03-03T15:06:52+08:00 ] 127.0.0.1 /setted
INFO: [ route_check ] --START--
INFO: CheckRoute Behavior ::run [ RunTime:0.001811s ]
INFO: [ route_check ] --END-- [ RunTime:0.001963s ]
INFO: [ app_begin ] --START--
INFO: ReadHtmlCache Behavior ::run [ RunTime:0.000602s ]
INFO: [ app_begin ] --END-- [ RunTime:0.000702s ]
SQL: SHOW COLUMNS FROM `sun_member` [ RunTime:0.005757s ]
SQL: UPDATE `sun_member` SET `nickname`='孙舸菲',`email`='1053577162@qq.com',`qq`='1053577162',`tel`='15021180031',`code`='200063',`area`='上海',`city`='浦东新区',`address`='岚皋西路306弄',`sign`='瘦身开始咯。。。&lt;&gt;',`biog`='瘦身开始咯。。。' WHERE ( `uid` = 1 ) [ RunTime:0.000951s ]

[ 2014-03-03T15:06:54+08:00 ] 127.0.0.1 /myself.html
INFO: [ route_check ] --START--
INFO: CheckRoute Behavior ::run [ RunTime:0.001877s ]
INFO: [ route_check ] --END-- [ RunTime:0.002036s ]
INFO: [ app_begin ] --START--
INFO: ReadHtmlCache Behavior ::run [ RunTime:0.000605s ]
INFO: [ app_begin ] --END-- [ RunTime:0.000724s ]
SQL: SHOW COLUMNS FROM `sun_member` [ RunTime:0.004445s ]
SQL: SELECT * FROM `sun_member` WHERE ( `uid` = 1 ) LIMIT 1   [ RunTime:0.000472s ]
SQL: SHOW COLUMNS FROM `sun_members` [ RunTime:0.002830s ]
SQL: SELECT * FROM `sun_members` WHERE ( `uid` = 1 ) LIMIT 1   [ RunTime:0.000502s ]
SQL: SHOW COLUMNS FROM `sun_newwd` [ RunTime:0.002574s ]
SQL: SELECT `weight` FROM `sun_newwd` WHERE ( `uid` = 1 ) ORDER BY did desc LIMIT 1   [ RunTime:0.000220s ]
ERR: 1054:Unknown column 'weight' in 'field list'
 [ SQL语句 ] : SELECT `weight` FROM `sun_newwd` WHERE ( `uid` = 1 ) ORDER BY did desc LIMIT 1  
SQL: SHOW COLUMNS FROM `sun_newweight` [ RunTime:0.002705s ]
SQL: SELECT * FROM `sun_newweight` WHERE ( `uid` = 1 ) ORDER BY wid desc LIMIT 1   [ RunTime:0.000326s ]
INFO: [ view_parse ] --START--
INFO: ParseTemplate Behavior ::run [ RunTime:0.029124s ]
INFO: [ view_parse ] --END-- [ RunTime:0.029340s ]
INFO: [ view_filter ] --START--
INFO: ContentReplace Behavior ::run [ RunTime:0.001065s ]
INFO: TokenBuild Behavior ::run [ RunTime:0.000626s ]
INFO: WriteHtmlCache Behavior ::run [ RunTime:0.000393s ]
INFO: ShowRuntime Behavior ::run [ RunTime:0.000765s ]
INFO: [ view_filter ] --END-- [ RunTime:0.003227s ]
INFO: [ view_end ] --START--
INFO: ShowPageTrace Behavior ::run [ RunTime:0.000912s ]
INFO: [ view_end ] --END-- [ RunTime:0.001028s ]

[ 2014-03-03T15:07:13+08:00 ] 127.0.0.1 /setted
INFO: [ route_check ] --START--
INFO: CheckRoute Behavior ::run [ RunTime:0.001898s ]
INFO: [ route_check ] --END-- [ RunTime:0.002054s ]
INFO: [ app_begin ] --START--
INFO: ReadHtmlCache Behavior ::run [ RunTime:0.000622s ]
INFO: [ app_begin ] --END-- [ RunTime:0.000782s ]
SQL: SHOW COLUMNS FROM `sun_member` [ RunTime:0.003251s ]
SQL: UPDATE `sun_member` SET `nickname`='孙舸菲',`email`='1053577162@qq.com',`qq`='1053577162',`tel`='15021180031',`code`='200063',`area`='上海',`city`='浦东新区',`address`='岚皋西路306弄',`sign`='瘦身开始咯。。。&amp;nbsp;',`biog`='瘦身开始咯。。。' WHERE ( `uid` = 1 ) [ RunTime:0.000619s ]

[ 2014-03-03T15:07:14+08:00 ] 127.0.0.1 /myself.html
INFO: [ route_check ] --START--
INFO: CheckRoute Behavior ::run [ RunTime:0.002739s ]
INFO: [ route_check ] --END-- [ RunTime:0.002957s ]
INFO: [ app_begin ] --START--
INFO: ReadHtmlCache Behavior ::run [ RunTime:0.000670s ]
INFO: [ app_begin ] --END-- [ RunTime:0.000797s ]
SQL: SHOW COLUMNS FROM `sun_member` [ RunTime:0.003219s ]
SQL: SELECT * FROM `sun_member` WHERE ( `uid` = 1 ) LIMIT 1   [ RunTime:0.000540s ]
SQL: SHOW COLUMNS FROM `sun_members` [ RunTime:0.002822s ]
SQL: SELECT * FROM `sun_members` WHERE ( `uid` = 1 ) LIMIT 1   [ RunTime:0.000326s ]
SQL: SHOW COLUMNS FROM `sun_newwd` [ RunTime:0.002642s ]
SQL: SELECT `weight` FROM `sun_newwd` WHERE ( `uid` = 1 ) ORDER BY did desc LIMIT 1   [ RunTime:0.000230s ]
ERR: 1054:Unknown column 'weight' in 'field list'
 [ SQL语句 ] : SELECT `weight` FROM `sun_newwd` WHERE ( `uid` = 1 ) ORDER BY did desc LIMIT 1  
SQL: SHOW COLUMNS FROM `sun_newweight` [ RunTime:0.002958s ]
SQL: SELECT * FROM `sun_newweight` WHERE ( `uid` = 1 ) ORDER BY wid desc LIMIT 1   [ RunTime:0.000246s ]
INFO: [ view_parse ] --START--
INFO: ParseTemplate Behavior ::run [ RunTime:0.029496s ]
INFO: [ view_parse ] --END-- [ RunTime:0.029668s ]
INFO: [ view_filter ] --START--
INFO: ContentReplace Behavior ::run [ RunTime:0.000900s ]
INFO: TokenBuild Behavior ::run [ RunTime:0.000555s ]
INFO: WriteHtmlCache Behavior ::run [ RunTime:0.000376s ]
INFO: ShowRuntime Behavior ::run [ RunTime:0.000839s ]
INFO: [ view_filter ] --END-- [ RunTime:0.003063s ]
INFO: [ view_end ] --START--
INFO: ShowPageTrace Behavior ::run [ RunTime:0.000897s ]
INFO: [ view_end ] --END-- [ RunTime:0.001018s ]

[ 2014-03-03T15:08:04+08:00 ] 127.0.0.1 /setted
INFO: [ route_check ] --START--
INFO: CheckRoute Behavior ::run [ RunTime:0.003071s ]
INFO: [ route_check ] --END-- [ RunTime:0.003316s ]
INFO: [ app_begin ] --START--
INFO: ReadHtmlCache Behavior ::run [ RunTime:0.000986s ]
INFO: [ app_begin ] --END-- [ RunTime:0.001144s ]
SQL: SHOW COLUMNS FROM `sun_member` [ RunTime:0.003185s ]
SQL: UPDATE `sun_member` SET `nickname`='孙舸菲',`email`='1053577162@qq.com',`qq`='1053577162',`tel`='15021180031',`code`='200063',`area`='上海',`city`='浦东新区',`address`='岚皋西路306弄',`sign`='瘦身开始咯。。。&lt;b&gt;world!&lt;/b&gt;',`biog`='瘦身开始咯。。。' WHERE ( `uid` = 1 ) [ RunTime:0.000625s ]

[ 2014-03-03T15:08:06+08:00 ] 127.0.0.1 /myself.html
INFO: [ route_check ] --START--
INFO: CheckRoute Behavior ::run [ RunTime:0.001915s ]
INFO: [ route_check ] --END-- [ RunTime:0.002183s ]
INFO: [ app_begin ] --START--
INFO: ReadHtmlCache Behavior ::run [ RunTime:0.000653s ]
INFO: [ app_begin ] --END-- [ RunTime:0.000780s ]
SQL: SHOW COLUMNS FROM `sun_member` [ RunTime:0.003194s ]
SQL: SELECT * FROM `sun_member` WHERE ( `uid` = 1 ) LIMIT 1   [ RunTime:0.000368s ]
SQL: SHOW COLUMNS FROM `sun_members` [ RunTime:0.002885s ]
SQL: SELECT * FROM `sun_members` WHERE ( `uid` = 1 ) LIMIT 1   [ RunTime:0.000382s ]
SQL: SHOW COLUMNS FROM `sun_newwd` [ RunTime:0.002677s ]
SQL: SELECT `weight` FROM `sun_newwd` WHERE ( `uid` = 1 ) ORDER BY did desc LIMIT 1   [ RunTime:0.000241s ]
ERR: 1054:Unknown column 'weight' in 'field list'
 [ SQL语句 ] : SELECT `weight` FROM `sun_newwd` WHERE ( `uid` = 1 ) ORDER BY did desc LIMIT 1  
SQL: SHOW COLUMNS FROM `sun_newweight` [ RunTime:0.002937s ]
SQL: SELECT * FROM `sun_newweight` WHERE ( `uid` = 1 ) ORDER BY wid desc LIMIT 1   [ RunTime:0.000233s ]
INFO: [ view_parse ] --START--
INFO: ParseTemplate Behavior ::run [ RunTime:0.027299s ]
INFO: [ view_parse ] --END-- [ RunTime:0.027466s ]
INFO: [ view_filter ] --START--
INFO: ContentReplace Behavior ::run [ RunTime:0.000921s ]
INFO: TokenBuild Behavior ::run [ RunTime:0.000602s ]
INFO: WriteHtmlCache Behavior ::run [ RunTime:0.000441s ]
INFO: ShowRuntime Behavior ::run [ RunTime:0.001063s ]
INFO: [ view_filter ] --END-- [ RunTime:0.003391s ]
INFO: [ view_end ] --START--
INFO: ShowPageTrace Behavior ::run [ RunTime:0.000939s ]
INFO: [ view_end ] --END-- [ RunTime:0.001061s ]

[ 2014-03-03T15:10:02+08:00 ] 127.0.0.1 /setted
INFO: [ route_check ] --START--
INFO: CheckRoute Behavior ::run [ RunTime:0.003074s ]
INFO: [ route_check ] --END-- [ RunTime:0.003296s ]
INFO: [ app_begin ] --START--
INFO: ReadHtmlCache Behavior ::run [ RunTime:0.001025s ]
INFO: [ app_begin ] --END-- [ RunTime:0.001184s ]
SQL: SHOW COLUMNS FROM `sun_member` [ RunTime:0.002963s ]
SQL: UPDATE `sun_member` SET `nickname`='孙舸菲',`email`='1053577162@qq.com',`qq`='1053577162',`tel`='15021180031',`code`='200063',`area`='上海',`city`='浦东新区',`address`='岚皋西路306弄',`sign`='瘦身开始咯。。。&lt;b&gt;&lt;i&gt;world!&lt;/i&gt;&lt;/b&gt;',`biog`='瘦身开始咯。。。' WHERE ( `uid` = 1 ) [ RunTime:0.000425s ]

[ 2014-03-03T15:10:03+08:00 ] 127.0.0.1 /myself.html
INFO: [ route_check ] --START--
INFO: CheckRoute Behavior ::run [ RunTime:0.001842s ]
INFO: [ route_check ] --END-- [ RunTime:0.002006s ]
INFO: [ app_begin ] --START--
INFO: ReadHtmlCache Behavior ::run [ RunTime:0.000610s ]
INFO: [ app_begin ] --END-- [ RunTime:0.000728s ]
SQL: SHOW COLUMNS FROM `sun_member` [ RunTime:0.003372s ]
SQL: SELECT * FROM `sun_member` WHERE ( `uid` = 1 ) LIMIT 1   [ RunTime:0.000645s ]
SQL: SHOW COLUMNS FROM `sun_members` [ RunTime:0.003509s ]
SQL: SELECT * FROM `sun_members` WHERE ( `uid` = 1 ) LIMIT 1   [ RunTime:0.000368s ]
SQL: SHOW COLUMNS FROM `sun_newwd` [ RunTime:0.002648s ]
SQL: SELECT `weight` FROM `sun_newwd` WHERE ( `uid` = 1 ) ORDER BY did desc LIMIT 1   [ RunTime:0.000168s ]
ERR: 1054:Unknown column 'weight' in 'field list'
 [ SQL语句 ] : SELECT `weight` FROM `sun_newwd` WHERE ( `uid` = 1 ) ORDER BY did desc LIMIT 1  
SQL: SHOW COLUMNS FROM `sun_newweight` [ RunTime:0.003401s ]
SQL: SELECT * FROM `sun_newweight` WHERE ( `uid` = 1 ) ORDER BY wid desc LIMIT 1   [ RunTime:0.000304s ]
INFO: [ view_parse ] --START--
INFO: ParseTemplate Behavior ::run [ RunTime:0.028486s ]
INFO: [ view_parse ] --END-- [ RunTime:0.028661s ]
INFO: [ view_filter ] --START--
INFO: ContentReplace Behavior ::run [ RunTime:0.000895s ]
INFO: TokenBuild Behavior ::run [ RunTime:0.000628s ]
INFO: WriteHtmlCache Behavior ::run [ RunTime:0.000444s ]
INFO: ShowRuntime Behavior ::run [ RunTime:0.001065s ]
INFO: [ view_filter ] --END-- [ RunTime:0.003384s ]
INFO: [ view_end ] --START--
INFO: ShowPageTrace Behavior ::run [ RunTime:0.000916s ]
INFO: [ view_end ] --END-- [ RunTime:0.001034s ]

[ 2014-03-03T15:10:06+08:00 ] 127.0.0.1 /myself.html
INFO: [ route_check ] --START--
INFO: CheckRoute Behavior ::run [ RunTime:0.003689s ]
INFO: [ route_check ] --END-- [ RunTime:0.003984s ]
INFO: [ app_begin ] --START--
INFO: ReadHtmlCache Behavior ::run [ RunTime:0.000780s ]
INFO: [ app_begin ] --END-- [ RunTime:0.000917s ]
SQL: SHOW COLUMNS FROM `sun_member` [ RunTime:0.002983s ]
SQL: SELECT * FROM `sun_member` WHERE ( `uid` = 1 ) LIMIT 1   [ RunTime:0.000404s ]
SQL: SHOW COLUMNS FROM `sun_members` [ RunTime:0.002992s ]
SQL: SELECT * FROM `sun_members` WHERE ( `uid` = 1 ) LIMIT 1   [ RunTime:0.000370s ]
SQL: SHOW COLUMNS FROM `sun_newwd` [ RunTime:0.002378s ]
SQL: SELECT `weight` FROM `sun_newwd` WHERE ( `uid` = 1 ) ORDER BY did desc LIMIT 1   [ RunTime:0.000222s ]
ERR: 1054:Unknown column 'weight' in 'field list'
 [ SQL语句 ] : SELECT `weight` FROM `sun_newwd` WHERE ( `uid` = 1 ) ORDER BY did desc LIMIT 1  
SQL: SHOW COLUMNS FROM `sun_newweight` [ RunTime:0.002188s ]
SQL: SELECT * FROM `sun_newweight` WHERE ( `uid` = 1 ) ORDER BY wid desc LIMIT 1   [ RunTime:0.000826s ]
INFO: [ view_parse ] --START--
INFO: ParseTemplate Behavior ::run [ RunTime:0.026690s ]
INFO: [ view_parse ] --END-- [ RunTime:0.027101s ]
INFO: [ view_filter ] --START--
INFO: ContentReplace Behavior ::run [ RunTime:0.000695s ]
INFO: TokenBuild Behavior ::run [ RunTime:0.000556s ]
INFO: WriteHtmlCache Behavior ::run [ RunTime:0.000841s ]
INFO: ShowRuntime Behavior ::run [ RunTime:0.000882s ]
INFO: [ view_filter ] --END-- [ RunTime:0.003376s ]
INFO: [ view_end ] --START--
INFO: ShowPageTrace Behavior ::run [ RunTime:0.000854s ]
INFO: [ view_end ] --END-- [ RunTime:0.000970s ]

[ 2014-03-03T15:17:19+08:00 ] 127.0.0.1 /setted
INFO: [ route_check ] --START--
INFO: CheckRoute Behavior ::run [ RunTime:0.002398s ]
INFO: [ route_check ] --END-- [ RunTime:0.002581s ]
INFO: [ app_begin ] --START--
INFO: ReadHtmlCache Behavior ::run [ RunTime:0.000851s ]
INFO: [ app_begin ] --END-- [ RunTime:0.000966s ]
SQL: SHOW COLUMNS FROM `sun_member` [ RunTime:0.070891s ]
SQL: UPDATE `sun_member` SET `nickname`='孙舸菲',`email`='1053577162@qq.com',`qq`='1053577162',`tel`='15021180031',`code`='200063',`area`='上海',`city`='浦东新区',`address`='岚皋西路306弄',`sign`='瘦身开始咯。。。&lt;b&gt;&lt;i&gt;world!&lt;/i&gt;&lt;/b&gt;',`biog`='瘦身开始咯。。。' WHERE ( `uid` = 1 ) [ RunTime:0.001065s ]

[ 2014-03-03T15:17:36+08:00 ] 127.0.0.1 /setted
INFO: [ route_check ] --START--
INFO: CheckRoute Behavior ::run [ RunTime:0.002101s ]
INFO: [ route_check ] --END-- [ RunTime:0.002249s ]
INFO: [ app_begin ] --START--
INFO: ReadHtmlCache Behavior ::run [ RunTime:0.000746s ]
INFO: [ app_begin ] --END-- [ RunTime:0.000848s ]
SQL: SHOW COLUMNS FROM `sun_member` [ RunTime:0.002954s ]
SQL: UPDATE `sun_member` SET `nickname`='孙舸菲',`email`='1053577162@qq.com',`qq`='1053577162',`tel`='15021180031',`code`='200063',`area`='上海',`city`='浦东新区',`address`='岚皋西路306弄&lt;br/&gt;',`sign`='瘦身开始咯。。。&lt;b&gt;&lt;i&gt;world!&lt;/i&gt;&lt;/b&gt;',`biog`='瘦身开始咯。。。' WHERE ( `uid` = 1 ) [ RunTime:0.000572s ]

[ 2014-03-03T15:17:37+08:00 ] 127.0.0.1 /myself.html
INFO: [ route_check ] --START--
INFO: CheckRoute Behavior ::run [ RunTime:0.002009s ]
INFO: [ route_check ] --END-- [ RunTime:0.002199s ]
INFO: [ app_begin ] --START--
INFO: ReadHtmlCache Behavior ::run [ RunTime:0.000735s ]
INFO: [ app_begin ] --END-- [ RunTime:0.000901s ]
SQL: SHOW COLUMNS FROM `sun_member` [ RunTime:0.003296s ]
SQL: SELECT * FROM `sun_member` WHERE ( `uid` = 1 ) LIMIT 1   [ RunTime:0.000409s ]
SQL: SHOW COLUMNS FROM `sun_members` [ RunTime:0.002962s ]
SQL: SELECT * FROM `sun_members` WHERE ( `uid` = 1 ) LIMIT 1   [ RunTime:0.000497s ]
SQL: SHOW COLUMNS FROM `sun_newwd` [ RunTime:0.002858s ]
SQL: SELECT `weight` FROM `sun_newwd` WHERE ( `uid` = 1 ) ORDER BY did desc LIMIT 1   [ RunTime:0.000317s ]
ERR: 1054:Unknown column 'weight' in 'field list'
 [ SQL语句 ] : SELECT `weight` FROM `sun_newwd` WHERE ( `uid` = 1 ) ORDER BY did desc LIMIT 1  
SQL: SHOW COLUMNS FROM `sun_newweight` [ RunTime:0.002561s ]
SQL: SELECT * FROM `sun_newweight` WHERE ( `uid` = 1 ) ORDER BY wid desc LIMIT 1   [ RunTime:0.000253s ]
INFO: [ view_parse ] --START--
INFO: ParseTemplate Behavior ::run [ RunTime:0.031361s ]
INFO: [ view_parse ] --END-- [ RunTime:0.031536s ]
INFO: [ view_filter ] --START--
INFO: ContentReplace Behavior ::run [ RunTime:0.000956s ]
INFO: TokenBuild Behavior ::run [ RunTime:0.000602s ]
INFO: WriteHtmlCache Behavior ::run [ RunTime:0.000425s ]
INFO: ShowRuntime Behavior ::run [ RunTime:0.000770s ]
INFO: [ view_filter ] --END-- [ RunTime:0.003082s ]
INFO: [ view_end ] --START--
INFO: ShowPageTrace Behavior ::run [ RunTime:0.000857s ]
INFO: [ view_end ] --END-- [ RunTime:0.000975s ]

[ 2014-03-03T15:18:05+08:00 ] 127.0.0.1 /myself.html
INFO: [ route_check ] --START--
INFO: CheckRoute Behavior ::run [ RunTime:0.002733s ]
INFO: [ route_check ] --END-- [ RunTime:0.003055s ]
INFO: [ app_begin ] --START--
INFO: ReadHtmlCache Behavior ::run [ RunTime:0.001007s ]
INFO: [ app_begin ] --END-- [ RunTime:0.001191s ]
SQL: SHOW COLUMNS FROM `sun_member` [ RunTime:0.003008s ]
SQL: SELECT * FROM `sun_member` WHERE ( `uid` = 1 ) LIMIT 1   [ RunTime:0.000613s ]
SQL: SHOW COLUMNS FROM `sun_members` [ RunTime:0.003088s ]
SQL: SELECT * FROM `sun_members` WHERE ( `uid` = 1 ) LIMIT 1   [ RunTime:0.000551s ]
SQL: SHOW COLUMNS FROM `sun_newwd` [ RunTime:0.002567s ]
SQL: SELECT `weight` FROM `sun_newwd` WHERE ( `uid` = 1 ) ORDER BY did desc LIMIT 1   [ RunTime:0.000287s ]
ERR: 1054:Unknown column 'weight' in 'field list'
 [ SQL语句 ] : SELECT `weight` FROM `sun_newwd` WHERE ( `uid` = 1 ) ORDER BY did desc LIMIT 1  
SQL: SHOW COLUMNS FROM `sun_newweight` [ RunTime:0.002990s ]
SQL: SELECT * FROM `sun_newweight` WHERE ( `uid` = 1 ) ORDER BY wid desc LIMIT 1   [ RunTime:0.000418s ]
INFO: [ view_parse ] --START--
INFO: ParseTemplate Behavior ::run [ RunTime:0.026965s ]
INFO: [ view_parse ] --END-- [ RunTime:0.027123s ]
INFO: [ view_filter ] --START--
INFO: ContentReplace Behavior ::run [ RunTime:0.000894s ]
INFO: TokenBuild Behavior ::run [ RunTime:0.000848s ]
INFO: WriteHtmlCache Behavior ::run [ RunTime:0.000440s ]
INFO: ShowRuntime Behavior ::run [ RunTime:0.000952s ]
INFO: [ view_filter ] --END-- [ RunTime:0.003518s ]
INFO: [ view_end ] --START--
INFO: ShowPageTrace Behavior ::run [ RunTime:0.001069s ]
INFO: [ view_end ] --END-- [ RunTime:0.001204s ]

[ 2014-03-03T15:18:07+08:00 ] 127.0.0.1 /myself.html
INFO: [ route_check ] --START--
INFO: CheckRoute Behavior ::run [ RunTime:0.002597s ]
INFO: [ route_check ] --END-- [ RunTime:0.002806s ]
INFO: [ app_begin ] --START--
INFO: ReadHtmlCache Behavior ::run [ RunTime:0.000848s ]
INFO: [ app_begin ] --END-- [ RunTime:0.001013s ]
SQL: SHOW COLUMNS FROM `sun_member` [ RunTime:0.003275s ]
SQL: SELECT * FROM `sun_member` WHERE ( `uid` = 1 ) LIMIT 1   [ RunTime:0.000608s ]
SQL: SHOW COLUMNS FROM `sun_members` [ RunTime:0.002909s ]
SQL: SELECT * FROM `sun_members` WHERE ( `uid` = 1 ) LIMIT 1   [ RunTime:0.000551s ]
SQL: SHOW COLUMNS FROM `sun_newwd` [ RunTime:0.002655s ]
SQL: SELECT `weight` FROM `sun_newwd` WHERE ( `uid` = 1 ) ORDER BY did desc LIMIT 1   [ RunTime:0.000289s ]
ERR: 1054:Unknown column 'weight' in 'field list'
 [ SQL语句 ] : SELECT `weight` FROM `sun_newwd` WHERE ( `uid` = 1 ) ORDER BY did desc LIMIT 1  
SQL: SHOW COLUMNS FROM `sun_newweight` [ RunTime:0.002535s ]
SQL: SELECT * FROM `sun_newweight` WHERE ( `uid` = 1 ) ORDER BY wid desc LIMIT 1   [ RunTime:0.000399s ]
INFO: [ view_parse ] --START--
INFO: ParseTemplate Behavior ::run [ RunTime:0.028910s ]
INFO: [ view_parse ] --END-- [ RunTime:0.029070s ]
INFO: [ view_filter ] --START--
INFO: ContentReplace Behavior ::run [ RunTime:0.000736s ]
INFO: TokenBuild Behavior ::run [ RunTime:0.000553s ]
INFO: WriteHtmlCache Behavior ::run [ RunTime:0.000386s ]
INFO: ShowRuntime Behavior ::run [ RunTime:0.000767s ]
INFO: [ view_filter ] --END-- [ RunTime:0.002765s ]
INFO: [ view_end ] --START--
INFO: ShowPageTrace Behavior ::run [ RunTime:0.000862s ]
INFO: [ view_end ] --END-- [ RunTime:0.000976s ]

[ 2014-03-03T15:18:08+08:00 ] 127.0.0.1 /myself.html
INFO: [ route_check ] --START--
INFO: CheckRoute Behavior ::run [ RunTime:0.002398s ]
INFO: [ route_check ] --END-- [ RunTime:0.002580s ]
INFO: [ app_begin ] --START--
INFO: ReadHtmlCache Behavior ::run [ RunTime:0.000735s ]
INFO: [ app_begin ] --END-- [ RunTime:0.000879s ]
SQL: SHOW COLUMNS FROM `sun_member` [ RunTime:0.003293s ]
SQL: SELECT * FROM `sun_member` WHERE ( `uid` = 1 ) LIMIT 1   [ RunTime:0.000472s ]
SQL: SHOW COLUMNS FROM `sun_members` [ RunTime:0.003279s ]
SQL: SELECT * FROM `sun_members` WHERE ( `uid` = 1 ) LIMIT 1   [ RunTime:0.000420s ]
SQL: SHOW COLUMNS FROM `sun_newwd` [ RunTime:0.002518s ]
SQL: SELECT `weight` FROM `sun_newwd` WHERE ( `uid` = 1 ) ORDER BY did desc LIMIT 1   [ RunTime:0.000299s ]
ERR: 1054:Unknown column 'weight' in 'field list'
 [ SQL语句 ] : SELECT `weight` FROM `sun_newwd` WHERE ( `uid` = 1 ) ORDER BY did desc LIMIT 1  
SQL: SHOW COLUMNS FROM `sun_newweight` [ RunTime:0.002573s ]
SQL: SELECT * FROM `sun_newweight` WHERE ( `uid` = 1 ) ORDER BY wid desc LIMIT 1   [ RunTime:0.000232s ]
INFO: [ view_parse ] --START--
INFO: ParseTemplate Behavior ::run [ RunTime:0.027641s ]
INFO: [ view_parse ] --END-- [ RunTime:0.027812s ]
INFO: [ view_filter ] --START--
INFO: ContentReplace Behavior ::run [ RunTime:0.000716s ]
INFO: TokenBuild Behavior ::run [ RunTime:0.000581s ]
INFO: WriteHtmlCache Behavior ::run [ RunTime:0.000373s ]
INFO: ShowRuntime Behavior ::run [ RunTime:0.000767s ]
INFO: [ view_filter ] --END-- [ RunTime:0.002764s ]
INFO: [ view_end ] --START--
INFO: ShowPageTrace Behavior ::run [ RunTime:0.000851s ]
INFO: [ view_end ] --END-- [ RunTime:0.001001s ]

[ 2014-03-03T15:59:54+08:00 ] 127.0.0.1 /myself.html
INFO: [ route_check ] --START--
INFO: CheckRoute Behavior ::run [ RunTime:0.002492s ]
INFO: [ route_check ] --END-- [ RunTime:0.002681s ]
INFO: [ app_begin ] --START--
INFO: ReadHtmlCache Behavior ::run [ RunTime:0.000925s ]
INFO: [ app_begin ] --END-- [ RunTime:0.001054s ]
SQL: SHOW COLUMNS FROM `sun_member` [ RunTime:0.028504s ]
SQL: SELECT * FROM `sun_member` WHERE ( `uid` = 1 ) LIMIT 1   [ RunTime:0.000548s ]
SQL: SHOW COLUMNS FROM `sun_members` [ RunTime:0.016433s ]
SQL: SELECT * FROM `sun_members` WHERE ( `uid` = 1 ) LIMIT 1   [ RunTime:0.001223s ]
SQL: SHOW COLUMNS FROM `sun_newwd` [ RunTime:0.006945s ]
SQL: SELECT `weight` FROM `sun_newwd` WHERE ( `uid` = 1 ) ORDER BY did desc LIMIT 1   [ RunTime:0.000500s ]
ERR: 1054:Unknown column 'weight' in 'field list'
 [ SQL语句 ] : SELECT `weight` FROM `sun_newwd` WHERE ( `uid` = 1 ) ORDER BY did desc LIMIT 1  
SQL: SHOW COLUMNS FROM `sun_newweight` [ RunTime:0.019359s ]
SQL: SELECT * FROM `sun_newweight` WHERE ( `uid` = 1 ) ORDER BY wid desc LIMIT 1   [ RunTime:0.000600s ]
INFO: [ view_parse ] --START--
INFO: ParseTemplate Behavior ::run [ RunTime:0.055789s ]
INFO: [ view_parse ] --END-- [ RunTime:0.056039s ]
INFO: [ view_filter ] --START--
INFO: ContentReplace Behavior ::run [ RunTime:0.001150s ]
INFO: TokenBuild Behavior ::run [ RunTime:0.000940s ]
INFO: WriteHtmlCache Behavior ::run [ RunTime:0.000471s ]
INFO: ShowRuntime Behavior ::run [ RunTime:0.000840s ]
INFO: [ view_filter ] --END-- [ RunTime:0.003749s ]
INFO: [ view_end ] --START--
INFO: ShowPageTrace Behavior ::run [ RunTime:0.000862s ]
INFO: [ view_end ] --END-- [ RunTime:0.000977s ]

[ 2014-03-03T16:01:33+08:00 ] 127.0.0.1 /setted
INFO: [ route_check ] --START--
INFO: CheckRoute Behavior ::run [ RunTime:0.002022s ]
INFO: [ route_check ] --END-- [ RunTime:0.002180s ]
INFO: [ app_begin ] --START--
INFO: ReadHtmlCache Behavior ::run [ RunTime:0.000697s ]
INFO: [ app_begin ] --END-- [ RunTime:0.000800s ]
SQL: SHOW COLUMNS FROM `sun_member` [ RunTime:0.003208s ]
SQL: UPDATE `sun_member` SET `nickname`='孙舸菲',`email`='1053577162@qq.com',`qq`='1053577162',`tel`='15021180031',`code`='200063',`area`='上海',`city`='浦东新区',`address`='岚皋西路306弄&lt;br/&gt;',`sign`='瘦身开始咯。。。&lt;b&gt;&lt;i&gt;world!&lt;/i&gt;&lt;/b&gt;   ',`biog`='瘦身开始咯。。。' WHERE ( `uid` = 1 ) [ RunTime:0.000596s ]

[ 2014-03-03T16:01:34+08:00 ] 127.0.0.1 /myself.html
INFO: [ route_check ] --START--
INFO: CheckRoute Behavior ::run [ RunTime:0.002057s ]
INFO: [ route_check ] --END-- [ RunTime:0.002234s ]
INFO: [ app_begin ] --START--
INFO: ReadHtmlCache Behavior ::run [ RunTime:0.000646s ]
INFO: [ app_begin ] --END-- [ RunTime:0.000769s ]
SQL: SHOW COLUMNS FROM `sun_member` [ RunTime:0.003460s ]
SQL: SELECT * FROM `sun_member` WHERE ( `uid` = 1 ) LIMIT 1   [ RunTime:0.000563s ]
SQL: SHOW COLUMNS FROM `sun_members` [ RunTime:0.003023s ]
SQL: SELECT * FROM `sun_members` WHERE ( `uid` = 1 ) LIMIT 1   [ RunTime:0.000706s ]
SQL: SHOW COLUMNS FROM `sun_newwd` [ RunTime:0.002525s ]
SQL: SELECT `weight` FROM `sun_newwd` WHERE ( `uid` = 1 ) ORDER BY did desc LIMIT 1   [ RunTime:0.000234s ]
ERR: 1054:Unknown column 'weight' in 'field list'
 [ SQL语句 ] : SELECT `weight` FROM `sun_newwd` WHERE ( `uid` = 1 ) ORDER BY did desc LIMIT 1  
SQL: SHOW COLUMNS FROM `sun_newweight` [ RunTime:0.002484s ]
SQL: SELECT * FROM `sun_newweight` WHERE ( `uid` = 1 ) ORDER BY wid desc LIMIT 1   [ RunTime:0.000290s ]
INFO: [ view_parse ] --START--
INFO: ParseTemplate Behavior ::run [ RunTime:0.029225s ]
INFO: [ view_parse ] --END-- [ RunTime:0.029670s ]
INFO: [ view_filter ] --START--
INFO: ContentReplace Behavior ::run [ RunTime:0.001191s ]
INFO: TokenBuild Behavior ::run [ RunTime:0.000622s ]
INFO: WriteHtmlCache Behavior ::run [ RunTime:0.000458s ]
INFO: ShowRuntime Behavior ::run [ RunTime:0.000894s ]
INFO: [ view_filter ] --END-- [ RunTime:0.003517s ]
INFO: [ view_end ] --START--
INFO: ShowPageTrace Behavior ::run [ RunTime:0.000784s ]
INFO: [ view_end ] --END-- [ RunTime:0.000900s ]

[ 2014-03-03T16:01:52+08:00 ] 127.0.0.1 /myself.html
INFO: [ route_check ] --START--
INFO: CheckRoute Behavior ::run [ RunTime:0.001796s ]
INFO: [ route_check ] --END-- [ RunTime:0.001954s ]
INFO: [ app_begin ] --START--
INFO: ReadHtmlCache Behavior ::run [ RunTime:0.000599s ]
INFO: [ app_begin ] --END-- [ RunTime:0.000717s ]
SQL: SHOW COLUMNS FROM `sun_member` [ RunTime:0.003193s ]
SQL: SELECT * FROM `sun_member` WHERE ( `uid` = 1 ) LIMIT 1   [ RunTime:0.000565s ]
SQL: SHOW COLUMNS FROM `sun_members` [ RunTime:0.002871s ]
SQL: SELECT * FROM `sun_members` WHERE ( `uid` = 1 ) LIMIT 1   [ RunTime:0.000499s ]
SQL: SHOW COLUMNS FROM `sun_newwd` [ RunTime:0.002496s ]
SQL: SELECT `weight` FROM `sun_newwd` WHERE ( `uid` = 1 ) ORDER BY did desc LIMIT 1   [ RunTime:0.000327s ]
ERR: 1054:Unknown column 'weight' in 'field list'
 [ SQL语句 ] : SELECT `weight` FROM `sun_newwd` WHERE ( `uid` = 1 ) ORDER BY did desc LIMIT 1  
SQL: SHOW COLUMNS FROM `sun_newweight` [ RunTime:0.002267s ]
SQL: SELECT * FROM `sun_newweight` WHERE ( `uid` = 1 ) ORDER BY wid desc LIMIT 1   [ RunTime:0.000372s ]
INFO: [ view_parse ] --START--
INFO: ParseTemplate Behavior ::run [ RunTime:0.027612s ]
INFO: [ view_parse ] --END-- [ RunTime:0.027781s ]
INFO: [ view_filter ] --START--
INFO: ContentReplace Behavior ::run [ RunTime:0.000797s ]
INFO: TokenBuild Behavior ::run [ RunTime:0.000514s ]
INFO: WriteHtmlCache Behavior ::run [ RunTime:0.000340s ]
INFO: ShowRuntime Behavior ::run [ RunTime:0.000624s ]
INFO: [ view_filter ] --END-- [ RunTime:0.002613s ]
INFO: [ view_end ] --START--
INFO: ShowPageTrace Behavior ::run [ RunTime:0.000662s ]
INFO: [ view_end ] --END-- [ RunTime:0.000779s ]

[ 2014-03-03T16:02:23+08:00 ] 127.0.0.1 /myself.html
INFO: [ route_check ] --START--
INFO: CheckRoute Behavior ::run [ RunTime:0.004264s ]
INFO: [ route_check ] --END-- [ RunTime:0.004579s ]
INFO: [ app_begin ] --START--
INFO: ReadHtmlCache Behavior ::run [ RunTime:0.000632s ]
INFO: [ app_begin ] --END-- [ RunTime:0.000760s ]
SQL: SHOW COLUMNS FROM `sun_member` [ RunTime:0.003252s ]
SQL: SELECT * FROM `sun_member` WHERE ( `uid` = 1 ) LIMIT 1   [ RunTime:0.000594s ]
SQL: SHOW COLUMNS FROM `sun_members` [ RunTime:0.003549s ]
SQL: SELECT * FROM `sun_members` WHERE ( `uid` = 1 ) LIMIT 1   [ RunTime:0.000589s ]
SQL: SHOW COLUMNS FROM `sun_newwd` [ RunTime:0.002601s ]
SQL: SELECT `weight` FROM `sun_newwd` WHERE ( `uid` = 1 ) ORDER BY did desc LIMIT 1   [ RunTime:0.000314s ]
ERR: 1054:Unknown column 'weight' in 'field list'
 [ SQL语句 ] : SELECT `weight` FROM `sun_newwd` WHERE ( `uid` = 1 ) ORDER BY did desc LIMIT 1  
SQL: SHOW COLUMNS FROM `sun_newweight` [ RunTime:0.002297s ]
SQL: SELECT * FROM `sun_newweight` WHERE ( `uid` = 1 ) ORDER BY wid desc LIMIT 1   [ RunTime:0.000384s ]
INFO: [ view_parse ] --START--
INFO: ParseTemplate Behavior ::run [ RunTime:0.027078s ]
INFO: [ view_parse ] --END-- [ RunTime:0.027237s ]
INFO: [ view_filter ] --START--
INFO: ContentReplace Behavior ::run [ RunTime:0.000685s ]
INFO: TokenBuild Behavior ::run [ RunTime:0.000480s ]
INFO: WriteHtmlCache Behavior ::run [ RunTime:0.000317s ]
INFO: ShowRuntime Behavior ::run [ RunTime:0.000678s ]
INFO: [ view_filter ] --END-- [ RunTime:0.002483s ]
INFO: [ view_end ] --START--
INFO: ShowPageTrace Behavior ::run [ RunTime:0.000644s ]
INFO: [ view_end ] --END-- [ RunTime:0.000758s ]

[ 2014-03-03T16:02:44+08:00 ] 127.0.0.1 /myself.html
INFO: [ route_check ] --START--
INFO: CheckRoute Behavior ::run [ RunTime:0.002316s ]
INFO: [ route_check ] --END-- [ RunTime:0.002507s ]
INFO: [ app_begin ] --START--
INFO: ReadHtmlCache Behavior ::run [ RunTime:0.000732s ]
INFO: [ app_begin ] --END-- [ RunTime:0.000867s ]
SQL: SHOW COLUMNS FROM `sun_member` [ RunTime:0.003058s ]
SQL: SELECT * FROM `sun_member` WHERE ( `uid` = 1 ) LIMIT 1   [ RunTime:0.000510s ]
SQL: SHOW COLUMNS FROM `sun_members` [ RunTime:0.002636s ]
SQL: SELECT * FROM `sun_members` WHERE ( `uid` = 1 ) LIMIT 1   [ RunTime:0.000368s ]
SQL: SHOW COLUMNS FROM `sun_newwd` [ RunTime:0.003370s ]
SQL: SELECT `weight` FROM `sun_newwd` WHERE ( `uid` = 1 ) ORDER BY did desc LIMIT 1   [ RunTime:0.000256s ]
ERR: 1054:Unknown column 'weight' in 'field list'
 [ SQL语句 ] : SELECT `weight` FROM `sun_newwd` WHERE ( `uid` = 1 ) ORDER BY did desc LIMIT 1  
SQL: SHOW COLUMNS FROM `sun_newweight` [ RunTime:0.002591s ]
SQL: SELECT * FROM `sun_newweight` WHERE ( `uid` = 1 ) ORDER BY wid desc LIMIT 1   [ RunTime:0.000287s ]
INFO: [ view_parse ] --START--
INFO: ParseTemplate Behavior ::run [ RunTime:0.026714s ]
INFO: [ view_parse ] --END-- [ RunTime:0.026877s ]
INFO: [ view_filter ] --START--
INFO: ContentReplace Behavior ::run [ RunTime:0.000743s ]
INFO: TokenBuild Behavior ::run [ RunTime:0.000489s ]
INFO: WriteHtmlCache Behavior ::run [ RunTime:0.000325s ]
INFO: ShowRuntime Behavior ::run [ RunTime:0.000597s ]
INFO: [ view_filter ] --END-- [ RunTime:0.002479s ]
INFO: [ view_end ] --START--
INFO: ShowPageTrace Behavior ::run [ RunTime:0.000636s ]
INFO: [ view_end ] --END-- [ RunTime:0.000750s ]

[ 2014-03-03T16:04:56+08:00 ] 127.0.0.1 /myself.html
INFO: [ route_check ] --START--
INFO: CheckRoute Behavior ::run [ RunTime:0.002723s ]
INFO: [ route_check ] --END-- [ RunTime:0.002932s ]
INFO: [ app_begin ] --START--
INFO: ReadHtmlCache Behavior ::run [ RunTime:0.000910s ]
INFO: [ app_begin ] --END-- [ RunTime:0.001068s ]
SQL: SHOW COLUMNS FROM `sun_member` [ RunTime:0.003473s ]
SQL: SELECT * FROM `sun_member` WHERE ( `uid` = 1 ) LIMIT 1   [ RunTime:0.000616s ]
SQL: SHOW COLUMNS FROM `sun_members` [ RunTime:0.002942s ]
SQL: SELECT * FROM `sun_members` WHERE ( `uid` = 1 ) LIMIT 1   [ RunTime:0.000567s ]
SQL: SHOW COLUMNS FROM `sun_newwd` [ RunTime:0.002786s ]
SQL: SELECT `weight` FROM `sun_newwd` WHERE ( `uid` = 1 ) ORDER BY did desc LIMIT 1   [ RunTime:0.000255s ]
ERR: 1054:Unknown column 'weight' in 'field list'
 [ SQL语句 ] : SELECT `weight` FROM `sun_newwd` WHERE ( `uid` = 1 ) ORDER BY did desc LIMIT 1  
SQL: SHOW COLUMNS FROM `sun_newweight` [ RunTime:0.002370s ]
SQL: SELECT * FROM `sun_newweight` WHERE ( `uid` = 1 ) ORDER BY wid desc LIMIT 1   [ RunTime:0.000229s ]
INFO: [ view_parse ] --START--
INFO: ParseTemplate Behavior ::run [ RunTime:0.028091s ]
INFO: [ view_parse ] --END-- [ RunTime:0.028255s ]
INFO: [ view_filter ] --START--
INFO: ContentReplace Behavior ::run [ RunTime:0.000798s ]
INFO: TokenBuild Behavior ::run [ RunTime:0.000580s ]
INFO: WriteHtmlCache Behavior ::run [ RunTime:0.000421s ]
INFO: ShowRuntime Behavior ::run [ RunTime:0.000774s ]
INFO: [ view_filter ] --END-- [ RunTime:0.002893s ]
INFO: [ view_end ] --START--
INFO: ShowPageTrace Behavior ::run [ RunTime:0.001007s ]
INFO: [ view_end ] --END-- [ RunTime:0.001153s ]

[ 2014-03-03T16:05:02+08:00 ] 127.0.0.1 /myself.html
INFO: [ route_check ] --START--
INFO: CheckRoute Behavior ::run [ RunTime:0.004004s ]
INFO: [ route_check ] --END-- [ RunTime:0.004227s ]
INFO: [ app_begin ] --START--
INFO: ReadHtmlCache Behavior ::run [ RunTime:0.000789s ]
INFO: [ app_begin ] --END-- [ RunTime:0.000912s ]
SQL: SHOW COLUMNS FROM `sun_member` [ RunTime:0.002964s ]
SQL: SELECT * FROM `sun_member` WHERE ( `uid` = 1 ) LIMIT 1   [ RunTime:0.000569s ]
SQL: SHOW COLUMNS FROM `sun_members` [ RunTime:0.003127s ]
SQL: SELECT * FROM `sun_members` WHERE ( `uid` = 1 ) LIMIT 1   [ RunTime:0.000563s ]
SQL: SHOW COLUMNS FROM `sun_newwd` [ RunTime:0.002537s ]
SQL: SELECT `weight` FROM `sun_newwd` WHERE ( `uid` = 1 ) ORDER BY did desc LIMIT 1   [ RunTime:0.000309s ]
ERR: 1054:Unknown column 'weight' in 'field list'
 [ SQL语句 ] : SELECT `weight` FROM `sun_newwd` WHERE ( `uid` = 1 ) ORDER BY did desc LIMIT 1  
SQL: SHOW COLUMNS FROM `sun_newweight` [ RunTime:0.002452s ]
SQL: SELECT * FROM `sun_newweight` WHERE ( `uid` = 1 ) ORDER BY wid desc LIMIT 1   [ RunTime:0.000498s ]
INFO: [ view_parse ] --START--
INFO: ParseTemplate Behavior ::run [ RunTime:0.026790s ]
INFO: [ view_parse ] --END-- [ RunTime:0.026949s ]
INFO: [ view_filter ] --START--
INFO: ContentReplace Behavior ::run [ RunTime:0.000778s ]
INFO: TokenBuild Behavior ::run [ RunTime:0.000719s ]
INFO: WriteHtmlCache Behavior ::run [ RunTime:0.000430s ]
INFO: ShowRuntime Behavior ::run [ RunTime:0.000693s ]
INFO: [ view_filter ] --END-- [ RunTime:0.002946s ]
INFO: [ view_end ] --START--
INFO: ShowPageTrace Behavior ::run [ RunTime:0.000758s ]
INFO: [ view_end ] --END-- [ RunTime:0.000873s ]

[ 2014-03-03T16:05:36+08:00 ] 127.0.0.1 /setted
INFO: [ route_check ] --START--
INFO: CheckRoute Behavior ::run [ RunTime:0.002062s ]
INFO: [ route_check ] --END-- [ RunTime:0.002230s ]
INFO: [ app_begin ] --START--
INFO: ReadHtmlCache Behavior ::run [ RunTime:0.000777s ]
INFO: [ app_begin ] --END-- [ RunTime:0.000890s ]
SQL: SHOW COLUMNS FROM `sun_member` [ RunTime:0.003740s ]
SQL: UPDATE `sun_member` SET `nickname`='孙舸菲',`email`='1053577162@qq.com',`qq`='1053577162',`tel`='15021180031',`code`='200063',`area`='上海',`city`='浦东新区',`address`='岚皋西路306弄',`sign`='瘦身开始咯。。。 ',`biog`='瘦身开始咯。。。' WHERE ( `uid` = 1 ) [ RunTime:0.000646s ]

[ 2014-03-03T16:05:37+08:00 ] 127.0.0.1 /myself.html
INFO: [ route_check ] --START--
INFO: CheckRoute Behavior ::run [ RunTime:0.001872s ]
INFO: [ route_check ] --END-- [ RunTime:0.002043s ]
INFO: [ app_begin ] --START--
INFO: ReadHtmlCache Behavior ::run [ RunTime:0.000685s ]
INFO: [ app_begin ] --END-- [ RunTime:0.000833s ]
SQL: SHOW COLUMNS FROM `sun_member` [ RunTime:0.003008s ]
SQL: SELECT * FROM `sun_member` WHERE ( `uid` = 1 ) LIMIT 1   [ RunTime:0.000462s ]
SQL: SHOW COLUMNS FROM `sun_members` [ RunTime:0.003114s ]
SQL: SELECT * FROM `sun_members` WHERE ( `uid` = 1 ) LIMIT 1   [ RunTime:0.000465s ]
SQL: SHOW COLUMNS FROM `sun_newwd` [ RunTime:0.003067s ]
SQL: SELECT `weight` FROM `sun_newwd` WHERE ( `uid` = 1 ) ORDER BY did desc LIMIT 1   [ RunTime:0.000227s ]
ERR: 1054:Unknown column 'weight' in 'field list'
 [ SQL语句 ] : SELECT `weight` FROM `sun_newwd` WHERE ( `uid` = 1 ) ORDER BY did desc LIMIT 1  
SQL: SHOW COLUMNS FROM `sun_newweight` [ RunTime:0.002389s ]
SQL: SELECT * FROM `sun_newweight` WHERE ( `uid` = 1 ) ORDER BY wid desc LIMIT 1   [ RunTime:0.000298s ]
INFO: [ view_parse ] --START--
INFO: ParseTemplate Behavior ::run [ RunTime:0.026834s ]
INFO: [ view_parse ] --END-- [ RunTime:0.027025s ]
INFO: [ view_filter ] --START--
INFO: ContentReplace Behavior ::run [ RunTime:0.000839s ]
INFO: TokenBuild Behavior ::run [ RunTime:0.000491s ]
INFO: WriteHtmlCache Behavior ::run [ RunTime:0.000327s ]
INFO: ShowRuntime Behavior ::run [ RunTime:0.000594s ]
INFO: [ view_filter ] --END-- [ RunTime:0.002574s ]
INFO: [ view_end ] --START--
INFO: ShowPageTrace Behavior ::run [ RunTime:0.000810s ]
INFO: [ view_end ] --END-- [ RunTime:0.000929s ]

