[ 2014-03-02T11:38:22+08:00 ] 127.0.0.1 /
INFO: [ app_begin ] --START--
INFO: ReadHtmlCache Behavior ::run [ RunTime:0.000932s ]
INFO: [ app_begin ] --END-- [ RunTime:0.001121s ]
INFO: [ view_parse ] --START--
SQL: SHOW COLUMNS FROM `sun_news` [ RunTime:0.034393s ]
SQL: SHOW COLUMNS FROM `sun_news_attr` [ RunTime:0.020275s ]
SQL: SHOW COLUMNS FROM `sun_attr` [ RunTime:0.019813s ]
SQL: SELECT news.id AS id,news.title AS title,news.images AS images,news.description AS description,attr.id AS a_id FROM sun_news news LEFT JOIN sun_news_attr news_attr ON news.id = news_attr.nid RIGHT JOIN sun_attr attr ON news_attr.aid = attr.id WHERE ( `del` = 0 ) AND ( news.cid = 23 ) AND ( attr.id = 2 ) ORDER BY news.id DESC LIMIT 0,1   [ RunTime:0.074079s ]
SQL: SELECT news.id AS id,news.title AS title,news.images AS images,news.description AS description,attr.id AS a_id FROM sun_news news LEFT JOIN sun_news_attr news_attr ON news.id = news_attr.nid RIGHT JOIN sun_attr attr ON news_attr.aid = attr.id WHERE ( `del` = 0 ) AND ( news.cid = 23 ) AND ( attr.id = 2 ) ORDER BY news.id DESC LIMIT 0,1   [ RunTime:0.001320s ]
SQL: SELECT news.id AS id,news.title AS title,news.images AS images,news.description AS description,attr.id AS a_id FROM sun_news news LEFT JOIN sun_news_attr news_attr ON news.id = news_attr.nid RIGHT JOIN sun_attr attr ON news_attr.aid = attr.id WHERE ( `del` = 0 ) AND ( news.cid = 23 ) AND ( attr.id = 2 ) ORDER BY news.id DESC LIMIT 0,1   [ RunTime:0.001183s ]
NOTIC: [8] Use of undefined constant images - assumed 'images' D:\wamp5.3\www\Cache\Cache\Index\8ed2c844f6ed837cbecd724df679eeb0.php 第 1 行.
SQL: SELECT `id`,`title` FROM `sun_news` WHERE ( `del` = 0 ) AND ( `cid` = 23 ) ORDER BY id DESC LIMIT 0,9   [ RunTime:0.000851s ]
NOTIC: [8] Undefined index: cid D:\wamp5.3\www\Index\Modules\Index\Widget\HotWidget.class.php 第 11 行.
SQL: SELECT news.id AS id,news.title AS title,news.images AS images,news.description AS description,attr.id AS a_id FROM sun_news news LEFT JOIN sun_news_attr news_attr ON news.id = news_attr.nid RIGHT JOIN sun_attr attr ON news_attr.aid = attr.id WHERE ( `del` = 0 ) AND ( attr.id = 1 ) ORDER BY news.id DESC LIMIT 0,1   [ RunTime:0.021561s ]
NOTIC: [8] Undefined index: cid D:\wamp5.3\www\Index\Modules\Index\Widget\NewWidget.class.php 第 10 行.
SQL: SELECT `id`,`title` FROM `sun_news` WHERE ( `del` = 0 ) ORDER BY id DESC LIMIT 0,6   [ RunTime:0.000681s ]
NOTIC: [8] Undefined index: cid D:\wamp5.3\www\Index\Modules\Index\Widget\HotWidget.class.php 第 11 行.
SQL: SELECT news.id AS id,news.title AS title,news.images AS images,news.description AS description,attr.id AS a_id FROM sun_news news LEFT JOIN sun_news_attr news_attr ON news.id = news_attr.nid RIGHT JOIN sun_attr attr ON news_attr.aid = attr.id WHERE ( `del` = 0 ) AND ( attr.id = 1 ) ORDER BY news.id DESC LIMIT 1,1   [ RunTime:0.001106s ]
NOTIC: [8] Undefined index: cid D:\wamp5.3\www\Index\Modules\Index\Widget\NewWidget.class.php 第 10 行.
SQL: SELECT `id`,`title` FROM `sun_news` WHERE ( `del` = 0 ) ORDER BY id DESC LIMIT 6,6   [ RunTime:0.000653s ]
SQL: SELECT news.id AS id,news.title AS title,news.images AS images,news.description AS description,attr.id AS a_id FROM sun_news news LEFT JOIN sun_news_attr news_attr ON news.id = news_attr.nid RIGHT JOIN sun_attr attr ON news_attr.aid = attr.id WHERE ( `del` = 0 ) AND ( news.cid = 4 ) AND ( attr.id = 2 ) ORDER BY news.id DESC LIMIT 0,1   [ RunTime:0.001107s ]
NOTIC: [8] Use of undefined constant images - assumed 'images' D:\wamp5.3\www\Cache\Cache\Index\8ed2c844f6ed837cbecd724df679eeb0.php 第 1 行.
SQL: SELECT news.id AS id,news.title AS title,news.images AS images,news.description AS description,attr.id AS a_id FROM sun_news news LEFT JOIN sun_news_attr news_attr ON news.id = news_attr.nid RIGHT JOIN sun_attr attr ON news_attr.aid = attr.id WHERE ( `del` = 0 ) AND ( news.cid = 4 ) AND ( attr.id = 2 ) ORDER BY news.id DESC LIMIT 0,1   [ RunTime:0.000598s ]
SQL: SELECT `id`,`title` FROM `sun_news` WHERE ( `del` = 0 ) AND ( `cid` = 4 ) ORDER BY id DESC LIMIT 0,3   [ RunTime:0.000745s ]
SQL: SELECT news.id AS id,news.title AS title,news.images AS images,news.description AS description,attr.id AS a_id FROM sun_news news LEFT JOIN sun_news_attr news_attr ON news.id = news_attr.nid RIGHT JOIN sun_attr attr ON news_attr.aid = attr.id WHERE ( `del` = 0 ) AND ( news.cid = 3 ) AND ( attr.id = 2 ) ORDER BY news.id DESC LIMIT 0,1   [ RunTime:0.031473s ]
NOTIC: [8] Use of undefined constant images - assumed 'images' D:\wamp5.3\www\Cache\Cache\Index\8ed2c844f6ed837cbecd724df679eeb0.php 第 1 行.
SQL: SELECT news.id AS id,news.title AS title,news.images AS images,news.description AS description,attr.id AS a_id FROM sun_news news LEFT JOIN sun_news_attr news_attr ON news.id = news_attr.nid RIGHT JOIN sun_attr attr ON news_attr.aid = attr.id WHERE ( `del` = 0 ) AND ( news.cid = 3 ) AND ( attr.id = 2 ) ORDER BY news.id DESC LIMIT 0,1   [ RunTime:0.001668s ]
SQL: SELECT news.id AS id,news.title AS title,news.images AS images,news.description AS description,attr.id AS a_id FROM sun_news news LEFT JOIN sun_news_attr news_attr ON news.id = news_attr.nid RIGHT JOIN sun_attr attr ON news_attr.aid = attr.id WHERE ( `del` = 0 ) AND ( news.cid = 3 ) AND ( attr.id = 2 ) ORDER BY news.id DESC LIMIT 0,1   [ RunTime:0.001584s ]
SQL: SELECT `id`,`title` FROM `sun_news` WHERE ( `del` = 0 ) AND ( `cid` = 3 ) ORDER BY id DESC LIMIT 0,4   [ RunTime:0.019031s ]
SQL: SELECT news.id AS id,news.title AS title,news.images AS images,news.description AS description,attr.id AS a_id FROM sun_news news LEFT JOIN sun_news_attr news_attr ON news.id = news_attr.nid RIGHT JOIN sun_attr attr ON news_attr.aid = attr.id WHERE ( `del` = 0 ) AND ( news.cid = 12 ) AND ( attr.id = 2 ) ORDER BY news.id DESC LIMIT 0,1   [ RunTime:0.000831s ]
NOTIC: [8] Use of undefined constant images - assumed 'images' D:\wamp5.3\www\Cache\Cache\Index\8ed2c844f6ed837cbecd724df679eeb0.php 第 1 行.
SQL: SELECT news.id AS id,news.title AS title,news.images AS images,news.description AS description,attr.id AS a_id FROM sun_news news LEFT JOIN sun_news_attr news_attr ON news.id = news_attr.nid RIGHT JOIN sun_attr attr ON news_attr.aid = attr.id WHERE ( `del` = 0 ) AND ( news.cid = 12 ) AND ( attr.id = 2 ) ORDER BY news.id DESC LIMIT 0,1   [ RunTime:0.000647s ]
SQL: SELECT news.id AS id,news.title AS title,news.images AS images,news.description AS description,attr.id AS a_id FROM sun_news news LEFT JOIN sun_news_attr news_attr ON news.id = news_attr.nid RIGHT JOIN sun_attr attr ON news_attr.aid = attr.id WHERE ( `del` = 0 ) AND ( news.cid = 12 ) AND ( attr.id = 2 ) ORDER BY news.id DESC LIMIT 1,1   [ RunTime:0.000694s ]
NOTIC: [8] Use of undefined constant images - assumed 'images' D:\wamp5.3\www\Cache\Cache\Index\8ed2c844f6ed837cbecd724df679eeb0.php 第 1 行.
SQL: SELECT news.id AS id,news.title AS title,news.images AS images,news.description AS description,attr.id AS a_id FROM sun_news news LEFT JOIN sun_news_attr news_attr ON news.id = news_attr.nid RIGHT JOIN sun_attr attr ON news_attr.aid = attr.id WHERE ( `del` = 0 ) AND ( news.cid = 12 ) AND ( attr.id = 2 ) ORDER BY news.id DESC LIMIT 1,1   [ RunTime:0.000684s ]
SQL: SELECT news.id AS id,news.title AS title,news.images AS images,news.description AS description,attr.id AS a_id FROM sun_news news LEFT JOIN sun_news_attr news_attr ON news.id = news_attr.nid RIGHT JOIN sun_attr attr ON news_attr.aid = attr.id WHERE ( `del` = 0 ) AND ( news.cid = 12 ) AND ( attr.id = 2 ) ORDER BY news.id DESC LIMIT 2,1   [ RunTime:0.000855s ]
NOTIC: [8] Use of undefined constant images - assumed 'images' D:\wamp5.3\www\Cache\Cache\Index\8ed2c844f6ed837cbecd724df679eeb0.php 第 1 行.
SQL: SELECT news.id AS id,news.title AS title,news.images AS images,news.description AS description,attr.id AS a_id FROM sun_news news LEFT JOIN sun_news_attr news_attr ON news.id = news_attr.nid RIGHT JOIN sun_attr attr ON news_attr.aid = attr.id WHERE ( `del` = 0 ) AND ( news.cid = 12 ) AND ( attr.id = 2 ) ORDER BY news.id DESC LIMIT 2,1   [ RunTime:0.000931s ]
SQL: SELECT `id`,`title` FROM `sun_news` WHERE ( `del` = 0 ) AND ( `cid` = 10 ) ORDER BY id DESC LIMIT 0,6   [ RunTime:0.000585s ]
SQL: SELECT news.id AS id,news.title AS title,news.images AS images,news.description AS description,attr.id AS a_id FROM sun_news news LEFT JOIN sun_news_attr news_attr ON news.id = news_attr.nid RIGHT JOIN sun_attr attr ON news_attr.aid = attr.id WHERE ( `del` = 0 ) AND ( news.cid = 10 ) AND ( attr.id = 2 ) ORDER BY news.id DESC LIMIT 0,1   [ RunTime:0.000833s ]
NOTIC: [8] Use of undefined constant images - assumed 'images' D:\wamp5.3\www\Cache\Cache\Index\8ed2c844f6ed837cbecd724df679eeb0.php 第 1 行.
SQL: SELECT news.id AS id,news.title AS title,news.images AS images,news.description AS description,attr.id AS a_id FROM sun_news news LEFT JOIN sun_news_attr news_attr ON news.id = news_attr.nid RIGHT JOIN sun_attr attr ON news_attr.aid = attr.id WHERE ( `del` = 0 ) AND ( news.cid = 10 ) AND ( attr.id = 2 ) ORDER BY news.id DESC LIMIT 0,1   [ RunTime:0.000766s ]
SQL: SELECT news.id AS id,news.title AS title,news.images AS images,news.description AS description,attr.id AS a_id FROM sun_news news LEFT JOIN sun_news_attr news_attr ON news.id = news_attr.nid RIGHT JOIN sun_attr attr ON news_attr.aid = attr.id WHERE ( `del` = 0 ) AND ( news.cid = 10 ) AND ( attr.id = 2 ) ORDER BY news.id DESC LIMIT 1,1   [ RunTime:0.000701s ]
NOTIC: [8] Use of undefined constant images - assumed 'images' D:\wamp5.3\www\Cache\Cache\Index\8ed2c844f6ed837cbecd724df679eeb0.php 第 1 行.
SQL: SELECT news.id AS id,news.title AS title,news.images AS images,news.description AS description,attr.id AS a_id FROM sun_news news LEFT JOIN sun_news_attr news_attr ON news.id = news_attr.nid RIGHT JOIN sun_attr attr ON news_attr.aid = attr.id WHERE ( `del` = 0 ) AND ( news.cid = 10 ) AND ( attr.id = 2 ) ORDER BY news.id DESC LIMIT 1,1   [ RunTime:0.000684s ]
SQL: SELECT news.id AS id,news.title AS title,news.images AS images,news.description AS description,attr.id AS a_id FROM sun_news news LEFT JOIN sun_news_attr news_attr ON news.id = news_attr.nid RIGHT JOIN sun_attr attr ON news_attr.aid = attr.id WHERE ( `del` = 0 ) AND ( news.cid = 28 ) AND ( attr.id = 2 ) ORDER BY news.id DESC LIMIT 0,1   [ RunTime:0.000764s ]
SQL: SELECT news.id AS id,news.title AS title,news.images AS images,news.description AS description,attr.id AS a_id FROM sun_news news LEFT JOIN sun_news_attr news_attr ON news.id = news_attr.nid RIGHT JOIN sun_attr attr ON news_attr.aid = attr.id WHERE ( `del` = 0 ) AND ( news.cid = 28 ) AND ( attr.id = 2 ) ORDER BY news.id DESC LIMIT 0,1   [ RunTime:0.000663s ]
NOTIC: [8] Use of undefined constant images - assumed 'images' D:\wamp5.3\www\Cache\Cache\Index\8ed2c844f6ed837cbecd724df679eeb0.php 第 1 行.
SQL: SELECT news.id AS id,news.title AS title,news.images AS images,news.description AS description,attr.id AS a_id FROM sun_news news LEFT JOIN sun_news_attr news_attr ON news.id = news_attr.nid RIGHT JOIN sun_attr attr ON news_attr.aid = attr.id WHERE ( `del` = 0 ) AND ( news.cid = 28 ) AND ( attr.id = 2 ) ORDER BY news.id DESC LIMIT 0,1   [ RunTime:0.000685s ]
SQL: SELECT news.id AS id,news.title AS title,news.images AS images,news.description AS description,attr.id AS a_id FROM sun_news news LEFT JOIN sun_news_attr news_attr ON news.id = news_attr.nid RIGHT JOIN sun_attr attr ON news_attr.aid = attr.id WHERE ( `del` = 0 ) AND ( news.cid = 28 ) AND ( attr.id = 2 ) ORDER BY news.id DESC LIMIT 1,1   [ RunTime:0.000529s ]
SQL: SELECT news.id AS id,news.title AS title,news.images AS images,news.description AS description,attr.id AS a_id FROM sun_news news LEFT JOIN sun_news_attr news_attr ON news.id = news_attr.nid RIGHT JOIN sun_attr attr ON news_attr.aid = attr.id WHERE ( `del` = 0 ) AND ( news.cid = 28 ) AND ( attr.id = 2 ) ORDER BY news.id DESC LIMIT 1,1   [ RunTime:0.000510s ]
NOTIC: [8] Use of undefined constant images - assumed 'images' D:\wamp5.3\www\Cache\Cache\Index\8ed2c844f6ed837cbecd724df679eeb0.php 第 1 行.
SQL: SELECT news.id AS id,news.title AS title,news.images AS images,news.description AS description,attr.id AS a_id FROM sun_news news LEFT JOIN sun_news_attr news_attr ON news.id = news_attr.nid RIGHT JOIN sun_attr attr ON news_attr.aid = attr.id WHERE ( `del` = 0 ) AND ( news.cid = 28 ) AND ( attr.id = 2 ) ORDER BY news.id DESC LIMIT 1,1   [ RunTime:0.000707s ]
SQL: SELECT news.id AS id,news.title AS title,news.images AS images,news.description AS description,attr.id AS a_id FROM sun_news news LEFT JOIN sun_news_attr news_attr ON news.id = news_attr.nid RIGHT JOIN sun_attr attr ON news_attr.aid = attr.id WHERE ( `del` = 0 ) AND ( news.cid = 25 ) AND ( attr.id = 2 ) ORDER BY news.id DESC LIMIT 0,1   [ RunTime:0.000720s ]
SQL: SELECT news.id AS id,news.title AS title,news.images AS images,news.description AS description,attr.id AS a_id FROM sun_news news LEFT JOIN sun_news_attr news_attr ON news.id = news_attr.nid RIGHT JOIN sun_attr attr ON news_attr.aid = attr.id WHERE ( `del` = 0 ) AND ( news.cid = 25 ) AND ( attr.id = 2 ) ORDER BY news.id DESC LIMIT 0,1   [ RunTime:0.000643s ]
NOTIC: [8] Use of undefined constant images - assumed 'images' D:\wamp5.3\www\Cache\Cache\Index\8ed2c844f6ed837cbecd724df679eeb0.php 第 1 行.
SQL: SELECT news.id AS id,news.title AS title,news.images AS images,news.description AS description,attr.id AS a_id FROM sun_news news LEFT JOIN sun_news_attr news_attr ON news.id = news_attr.nid RIGHT JOIN sun_attr attr ON news_attr.aid = attr.id WHERE ( `del` = 0 ) AND ( news.cid = 25 ) AND ( attr.id = 2 ) ORDER BY news.id DESC LIMIT 0,1   [ RunTime:0.000535s ]
SQL: SELECT news.id AS id,news.title AS title,news.images AS images,news.description AS description,attr.id AS a_id FROM sun_news news LEFT JOIN sun_news_attr news_attr ON news.id = news_attr.nid RIGHT JOIN sun_attr attr ON news_attr.aid = attr.id WHERE ( `del` = 0 ) AND ( news.cid = 25 ) AND ( attr.id = 2 ) ORDER BY news.id DESC LIMIT 1,1   [ RunTime:0.000721s ]
SQL: SELECT news.id AS id,news.title AS title,news.images AS images,news.description AS description,attr.id AS a_id FROM sun_news news LEFT JOIN sun_news_attr news_attr ON news.id = news_attr.nid RIGHT JOIN sun_attr attr ON news_attr.aid = attr.id WHERE ( `del` = 0 ) AND ( news.cid = 25 ) AND ( attr.id = 2 ) ORDER BY news.id DESC LIMIT 1,1   [ RunTime:0.000544s ]
NOTIC: [8] Use of undefined constant images - assumed 'images' D:\wamp5.3\www\Cache\Cache\Index\8ed2c844f6ed837cbecd724df679eeb0.php 第 1 行.
SQL: SELECT news.id AS id,news.title AS title,news.images AS images,news.description AS description,attr.id AS a_id FROM sun_news news LEFT JOIN sun_news_attr news_attr ON news.id = news_attr.nid RIGHT JOIN sun_attr attr ON news_attr.aid = attr.id WHERE ( `del` = 0 ) AND ( news.cid = 25 ) AND ( attr.id = 2 ) ORDER BY news.id DESC LIMIT 1,1   [ RunTime:0.000527s ]
SQL: SELECT news.id AS id,news.title AS title,news.images AS images,news.description AS description,attr.id AS a_id FROM sun_news news LEFT JOIN sun_news_attr news_attr ON news.id = news_attr.nid RIGHT JOIN sun_attr attr ON news_attr.aid = attr.id WHERE ( `del` = 0 ) AND ( news.cid = 24 ) AND ( attr.id = 2 ) ORDER BY news.id DESC LIMIT 0,1   [ RunTime:0.000546s ]
SQL: SELECT news.id AS id,news.title AS title,news.images AS images,news.description AS description,attr.id AS a_id FROM sun_news news LEFT JOIN sun_news_attr news_attr ON news.id = news_attr.nid RIGHT JOIN sun_attr attr ON news_attr.aid = attr.id WHERE ( `del` = 0 ) AND ( news.cid = 24 ) AND ( attr.id = 2 ) ORDER BY news.id DESC LIMIT 0,1   [ RunTime:0.000719s ]
NOTIC: [8] Use of undefined constant images - assumed 'images' D:\wamp5.3\www\Cache\Cache\Index\8ed2c844f6ed837cbecd724df679eeb0.php 第 1 行.
SQL: SELECT news.id AS id,news.title AS title,news.images AS images,news.description AS description,attr.id AS a_id FROM sun_news news LEFT JOIN sun_news_attr news_attr ON news.id = news_attr.nid RIGHT JOIN sun_attr attr ON news_attr.aid = attr.id WHERE ( `del` = 0 ) AND ( news.cid = 24 ) AND ( attr.id = 2 ) ORDER BY news.id DESC LIMIT 0,1   [ RunTime:0.000533s ]
SQL: SELECT news.id AS id,news.title AS title,news.images AS images,news.description AS description,attr.id AS a_id FROM sun_news news LEFT JOIN sun_news_attr news_attr ON news.id = news_attr.nid RIGHT JOIN sun_attr attr ON news_attr.aid = attr.id WHERE ( `del` = 0 ) AND ( news.cid = 24 ) AND ( attr.id = 2 ) ORDER BY news.id DESC LIMIT 1,1   [ RunTime:0.000505s ]
SQL: SELECT news.id AS id,news.title AS title,news.images AS images,news.description AS description,attr.id AS a_id FROM sun_news news LEFT JOIN sun_news_attr news_attr ON news.id = news_attr.nid RIGHT JOIN sun_attr attr ON news_attr.aid = attr.id WHERE ( `del` = 0 ) AND ( news.cid = 24 ) AND ( attr.id = 2 ) ORDER BY news.id DESC LIMIT 1,1   [ RunTime:0.000526s ]
NOTIC: [8] Use of undefined constant images - assumed 'images' D:\wamp5.3\www\Cache\Cache\Index\8ed2c844f6ed837cbecd724df679eeb0.php 第 1 行.
SQL: SELECT news.id AS id,news.title AS title,news.images AS images,news.description AS description,attr.id AS a_id FROM sun_news news LEFT JOIN sun_news_attr news_attr ON news.id = news_attr.nid RIGHT JOIN sun_attr attr ON news_attr.aid = attr.id WHERE ( `del` = 0 ) AND ( news.cid = 24 ) AND ( attr.id = 2 ) ORDER BY news.id DESC LIMIT 1,1   [ RunTime:0.000756s ]
SQL: SELECT news.id AS id,news.title AS title,news.images AS images,news.description AS description,attr.id AS a_id FROM sun_news news LEFT JOIN sun_news_attr news_attr ON news.id = news_attr.nid RIGHT JOIN sun_attr attr ON news_attr.aid = attr.id WHERE ( `del` = 0 ) AND ( news.cid = 5 ) AND ( attr.id = 2 ) ORDER BY news.id DESC LIMIT 0,1   [ RunTime:0.000723s ]
SQL: SELECT news.id AS id,news.title AS title,news.images AS images,news.description AS description,attr.id AS a_id FROM sun_news news LEFT JOIN sun_news_attr news_attr ON news.id = news_attr.nid RIGHT JOIN sun_attr attr ON news_attr.aid = attr.id WHERE ( `del` = 0 ) AND ( news.cid = 5 ) AND ( attr.id = 2 ) ORDER BY news.id DESC LIMIT 0,1   [ RunTime:0.000543s ]
NOTIC: [8] Use of undefined constant images - assumed 'images' D:\wamp5.3\www\Cache\Cache\Index\8ed2c844f6ed837cbecd724df679eeb0.php 第 1 行.
SQL: SELECT news.id AS id,news.title AS title,news.images AS images,news.description AS description,attr.id AS a_id FROM sun_news news LEFT JOIN sun_news_attr news_attr ON news.id = news_attr.nid RIGHT JOIN sun_attr attr ON news_attr.aid = attr.id WHERE ( `del` = 0 ) AND ( news.cid = 5 ) AND ( attr.id = 2 ) ORDER BY news.id DESC LIMIT 0,1   [ RunTime:0.000524s ]
SQL: SELECT news.id AS id,news.title AS title,news.images AS images,news.description AS description,attr.id AS a_id FROM sun_news news LEFT JOIN sun_news_attr news_attr ON news.id = news_attr.nid RIGHT JOIN sun_attr attr ON news_attr.aid = attr.id WHERE ( `del` = 0 ) AND ( news.cid = 5 ) AND ( attr.id = 2 ) ORDER BY news.id DESC LIMIT 1,1   [ RunTime:0.000651s ]
SQL: SELECT news.id AS id,news.title AS title,news.images AS images,news.description AS description,attr.id AS a_id FROM sun_news news LEFT JOIN sun_news_attr news_attr ON news.id = news_attr.nid RIGHT JOIN sun_attr attr ON news_attr.aid = attr.id WHERE ( `del` = 0 ) AND ( news.cid = 5 ) AND ( attr.id = 2 ) ORDER BY news.id DESC LIMIT 1,1   [ RunTime:0.000630s ]
NOTIC: [8] Use of undefined constant images - assumed 'images' D:\wamp5.3\www\Cache\Cache\Index\8ed2c844f6ed837cbecd724df679eeb0.php 第 1 行.
SQL: SELECT news.id AS id,news.title AS title,news.images AS images,news.description AS description,attr.id AS a_id FROM sun_news news LEFT JOIN sun_news_attr news_attr ON news.id = news_attr.nid RIGHT JOIN sun_attr attr ON news_attr.aid = attr.id WHERE ( `del` = 0 ) AND ( news.cid = 5 ) AND ( attr.id = 2 ) ORDER BY news.id DESC LIMIT 1,1   [ RunTime:0.000538s ]
SQL: SELECT news.id AS id,news.title AS title,news.images AS images,news.description AS description,attr.id AS a_id FROM sun_news news LEFT JOIN sun_news_attr news_attr ON news.id = news_attr.nid RIGHT JOIN sun_attr attr ON news_attr.aid = attr.id WHERE ( `del` = 0 ) AND ( news.cid = 9 ) AND ( attr.id = 2 ) ORDER BY news.id DESC LIMIT 0,1   [ RunTime:0.000508s ]
NOTIC: [8] Use of undefined constant images - assumed 'images' D:\wamp5.3\www\Cache\Cache\Index\8ed2c844f6ed837cbecd724df679eeb0.php 第 1 行.
SQL: SELECT news.id AS id,news.title AS title,news.images AS images,news.description AS description,attr.id AS a_id FROM sun_news news LEFT JOIN sun_news_attr news_attr ON news.id = news_attr.nid RIGHT JOIN sun_attr attr ON news_attr.aid = attr.id WHERE ( `del` = 0 ) AND ( news.cid = 9 ) AND ( attr.id = 2 ) ORDER BY news.id DESC LIMIT 0,1   [ RunTime:0.000531s ]
SQL: SELECT news.id AS id,news.title AS title,news.images AS images,news.description AS description,attr.id AS a_id FROM sun_news news LEFT JOIN sun_news_attr news_attr ON news.id = news_attr.nid RIGHT JOIN sun_attr attr ON news_attr.aid = attr.id WHERE ( `del` = 0 ) AND ( news.cid = 9 ) AND ( attr.id = 2 ) ORDER BY news.id DESC LIMIT 1,1   [ RunTime:0.000588s ]
NOTIC: [8] Use of undefined constant images - assumed 'images' D:\wamp5.3\www\Cache\Cache\Index\8ed2c844f6ed837cbecd724df679eeb0.php 第 1 行.
SQL: SELECT news.id AS id,news.title AS title,news.images AS images,news.description AS description,attr.id AS a_id FROM sun_news news LEFT JOIN sun_news_attr news_attr ON news.id = news_attr.nid RIGHT JOIN sun_attr attr ON news_attr.aid = attr.id WHERE ( `del` = 0 ) AND ( news.cid = 9 ) AND ( attr.id = 2 ) ORDER BY news.id DESC LIMIT 1,1   [ RunTime:0.000511s ]
SQL: SELECT news.id AS id,news.title AS title,news.images AS images,news.description AS description,attr.id AS a_id FROM sun_news news LEFT JOIN sun_news_attr news_attr ON news.id = news_attr.nid RIGHT JOIN sun_attr attr ON news_attr.aid = attr.id WHERE ( `del` = 0 ) AND ( news.cid = 9 ) AND ( attr.id = 2 ) ORDER BY news.id DESC LIMIT 2,1   [ RunTime:0.000514s ]
NOTIC: [8] Use of undefined constant images - assumed 'images' D:\wamp5.3\www\Cache\Cache\Index\8ed2c844f6ed837cbecd724df679eeb0.php 第 1 行.
SQL: SELECT news.id AS id,news.title AS title,news.images AS images,news.description AS description,attr.id AS a_id FROM sun_news news LEFT JOIN sun_news_attr news_attr ON news.id = news_attr.nid RIGHT JOIN sun_attr attr ON news_attr.aid = attr.id WHERE ( `del` = 0 ) AND ( news.cid = 9 ) AND ( attr.id = 2 ) ORDER BY news.id DESC LIMIT 2,1   [ RunTime:0.000514s ]
SQL: SELECT news.id AS id,news.title AS title,news.images AS images,news.description AS description,attr.id AS a_id FROM sun_news news LEFT JOIN sun_news_attr news_attr ON news.id = news_attr.nid RIGHT JOIN sun_attr attr ON news_attr.aid = attr.id WHERE ( `del` = 0 ) AND ( news.cid = 9 ) AND ( attr.id = 2 ) ORDER BY news.id DESC LIMIT 3,1   [ RunTime:0.000790s ]
NOTIC: [8] Use of undefined constant images - assumed 'images' D:\wamp5.3\www\Cache\Cache\Index\8ed2c844f6ed837cbecd724df679eeb0.php 第 1 行.
SQL: SELECT news.id AS id,news.title AS title,news.images AS images,news.description AS description,attr.id AS a_id FROM sun_news news LEFT JOIN sun_news_attr news_attr ON news.id = news_attr.nid RIGHT JOIN sun_attr attr ON news_attr.aid = attr.id WHERE ( `del` = 0 ) AND ( news.cid = 9 ) AND ( attr.id = 2 ) ORDER BY news.id DESC LIMIT 3,1   [ RunTime:0.000688s ]
SQL: SELECT news.id AS id,news.title AS title,news.images AS images,news.description AS description,attr.id AS a_id FROM sun_news news LEFT JOIN sun_news_attr news_attr ON news.id = news_attr.nid RIGHT JOIN sun_attr attr ON news_attr.aid = attr.id WHERE ( `del` = 0 ) AND ( news.cid = 9 ) AND ( attr.id = 2 ) ORDER BY news.id DESC LIMIT 4,1   [ RunTime:0.000542s ]
NOTIC: [8] Use of undefined constant images - assumed 'images' D:\wamp5.3\www\Cache\Cache\Index\8ed2c844f6ed837cbecd724df679eeb0.php 第 1 行.
SQL: SELECT news.id AS id,news.title AS title,news.images AS images,news.description AS description,attr.id AS a_id FROM sun_news news LEFT JOIN sun_news_attr news_attr ON news.id = news_attr.nid RIGHT JOIN sun_attr attr ON news_attr.aid = attr.id WHERE ( `del` = 0 ) AND ( news.cid = 9 ) AND ( attr.id = 2 ) ORDER BY news.id DESC LIMIT 4,1   [ RunTime:0.000535s ]
SQL: SELECT news.id AS id,news.title AS title,news.images AS images,news.description AS description,attr.id AS a_id FROM sun_news news LEFT JOIN sun_news_attr news_attr ON news.id = news_attr.nid RIGHT JOIN sun_attr attr ON news_attr.aid = attr.id WHERE ( `del` = 0 ) AND ( news.cid = 26 ) AND ( attr.id = 2 ) ORDER BY news.id DESC LIMIT 0,1   [ RunTime:0.000582s ]
NOTIC: [8] Use of undefined constant images - assumed 'images' D:\wamp5.3\www\Cache\Cache\Index\8ed2c844f6ed837cbecd724df679eeb0.php 第 1 行.
SQL: SELECT news.id AS id,news.title AS title,news.images AS images,news.description AS description,attr.id AS a_id FROM sun_news news LEFT JOIN sun_news_attr news_attr ON news.id = news_attr.nid RIGHT JOIN sun_attr attr ON news_attr.aid = attr.id WHERE ( `del` = 0 ) AND ( news.cid = 26 ) AND ( attr.id = 2 ) ORDER BY news.id DESC LIMIT 0,1   [ RunTime:0.000614s ]
SQL: SELECT news.id AS id,news.title AS title,news.images AS images,news.description AS description,attr.id AS a_id FROM sun_news news LEFT JOIN sun_news_attr news_attr ON news.id = news_attr.nid RIGHT JOIN sun_attr attr ON news_attr.aid = attr.id WHERE ( `del` = 0 ) AND ( news.cid = 26 ) AND ( attr.id = 2 ) ORDER BY news.id DESC LIMIT 0,1   [ RunTime:0.000513s ]
SQL: SELECT `id`,`title` FROM `sun_news` WHERE ( `del` = 0 ) AND ( `cid` = 26 ) ORDER BY id DESC LIMIT 0,7   [ RunTime:0.000384s ]
SQL: SELECT news.id AS id,news.title AS title,news.images AS images,news.description AS description,attr.id AS a_id FROM sun_news news LEFT JOIN sun_news_attr news_attr ON news.id = news_attr.nid RIGHT JOIN sun_attr attr ON news_attr.aid = attr.id WHERE ( `del` = 0 ) AND ( news.cid = 27 ) AND ( attr.id = 2 ) ORDER BY news.id DESC LIMIT 0,1   [ RunTime:0.000593s ]
NOTIC: [8] Use of undefined constant images - assumed 'images' D:\wamp5.3\www\Cache\Cache\Index\8ed2c844f6ed837cbecd724df679eeb0.php 第 1 行.
SQL: SELECT news.id AS id,news.title AS title,news.images AS images,news.description AS description,attr.id AS a_id FROM sun_news news LEFT JOIN sun_news_attr news_attr ON news.id = news_attr.nid RIGHT JOIN sun_attr attr ON news_attr.aid = attr.id WHERE ( `del` = 0 ) AND ( news.cid = 27 ) AND ( attr.id = 2 ) ORDER BY news.id DESC LIMIT 0,1   [ RunTime:0.001858s ]
SQL: SELECT news.id AS id,news.title AS title,news.images AS images,news.description AS description,attr.id AS a_id FROM sun_news news LEFT JOIN sun_news_attr news_attr ON news.id = news_attr.nid RIGHT JOIN sun_attr attr ON news_attr.aid = attr.id WHERE ( `del` = 0 ) AND ( news.cid = 27 ) AND ( attr.id = 2 ) ORDER BY news.id DESC LIMIT 0,1   [ RunTime:0.000785s ]
SQL: SELECT `id`,`title` FROM `sun_news` WHERE ( `del` = 0 ) AND ( `cid` = 27 ) ORDER BY id DESC LIMIT 0,7   [ RunTime:0.000455s ]
INFO: ParseTemplate Behavior ::run [ RunTime:0.717171s ]
INFO: [ view_parse ] --END-- [ RunTime:0.717332s ]
INFO: [ view_filter ] --START--
INFO: ContentReplace Behavior ::run [ RunTime:0.000748s ]
INFO: TokenBuild Behavior ::run [ RunTime:0.000577s ]
INFO: WriteHtmlCache Behavior ::run [ RunTime:0.000401s ]
INFO: ShowRuntime Behavior ::run [ RunTime:0.000739s ]
INFO: [ view_filter ] --END-- [ RunTime:0.002784s ]
INFO: [ view_end ] --START--
INFO: ShowPageTrace Behavior ::run [ RunTime:0.000772s ]
INFO: [ view_end ] --END-- [ RunTime:0.000885s ]

