[ 2014-03-17T20:57:29+08:00 ] 127.0.0.1 /
INFO: [ app_begin ] --START--
INFO: ReadHtmlCache Behavior ::run [ RunTime:0.019299s ]
INFO: [ app_begin ] --END-- [ RunTime:0.032810s ]
INFO: [ view_parse ] --START--
SQL: SHOW COLUMNS FROM `sun_news` [ RunTime:0.186277s ]
SQL: SHOW COLUMNS FROM `sun_news_attr` [ RunTime:0.018610s ]
SQL: SHOW COLUMNS FROM `sun_attr` [ RunTime:0.019953s ]
SQL: SELECT news.id AS id,news.title AS title,news.images AS images,news.description AS description,attr.id AS a_id FROM sun_news news LEFT JOIN sun_news_attr news_attr ON news.id = news_attr.nid RIGHT JOIN sun_attr attr ON news_attr.aid = attr.id WHERE ( `del` = 0 ) AND ( news.cid = 23 ) AND ( attr.id = 2 ) ORDER BY news.id DESC LIMIT 0,1   [ RunTime:0.064147s ]
SQL: SELECT news.id AS id,news.title AS title,news.images AS images,news.description AS description,attr.id AS a_id FROM sun_news news LEFT JOIN sun_news_attr news_attr ON news.id = news_attr.nid RIGHT JOIN sun_attr attr ON news_attr.aid = attr.id WHERE ( `del` = 0 ) AND ( news.cid = 23 ) AND ( attr.id = 2 ) ORDER BY news.id DESC LIMIT 0,1   [ RunTime:0.000961s ]
SQL: SELECT news.id AS id,news.title AS title,news.images AS images,news.description AS description,attr.id AS a_id FROM sun_news news LEFT JOIN sun_news_attr news_attr ON news.id = news_attr.nid RIGHT JOIN sun_attr attr ON news_attr.aid = attr.id WHERE ( `del` = 0 ) AND ( news.cid = 23 ) AND ( attr.id = 2 ) ORDER BY news.id DESC LIMIT 0,1   [ RunTime:0.000717s ]
NOTIC: [8] Use of undefined constant images - assumed 'images' D:\wamp5.3\www\Cache\Cache\Index\8ed2c844f6ed837cbecd724df679eeb0.php 第 1 行.
SQL: SELECT `id`,`title` FROM `sun_news` WHERE ( `del` = 0 ) AND ( `cid` = 23 ) ORDER BY id DESC LIMIT 0,9   [ RunTime:0.000636s ]
NOTIC: [8] Undefined index: cid D:\wamp5.3\www\Index\Modules\Index\Widget\HotWidget.class.php 第 11 行.
SQL: SELECT news.id AS id,news.title AS title,news.images AS images,news.description AS description,attr.id AS a_id FROM sun_news news LEFT JOIN sun_news_attr news_attr ON news.id = news_attr.nid RIGHT JOIN sun_attr attr ON news_attr.aid = attr.id WHERE ( `del` = 0 ) AND ( attr.id = 1 ) ORDER BY news.id DESC LIMIT 0,1   [ RunTime:0.022463s ]
NOTIC: [8] Undefined index: cid D:\wamp5.3\www\Index\Modules\Index\Widget\NewWidget.class.php 第 10 行.
SQL: SELECT `id`,`title` FROM `sun_news` WHERE ( `del` = 0 ) ORDER BY id DESC LIMIT 0,6   [ RunTime:0.000534s ]
NOTIC: [8] Undefined index: cid D:\wamp5.3\www\Index\Modules\Index\Widget\HotWidget.class.php 第 11 行.
SQL: SELECT news.id AS id,news.title AS title,news.images AS images,news.description AS description,attr.id AS a_id FROM sun_news news LEFT JOIN sun_news_attr news_attr ON news.id = news_attr.nid RIGHT JOIN sun_attr attr ON news_attr.aid = attr.id WHERE ( `del` = 0 ) AND ( attr.id = 1 ) ORDER BY news.id DESC LIMIT 1,1   [ RunTime:0.000710s ]
NOTIC: [8] Undefined index: cid D:\wamp5.3\www\Index\Modules\Index\Widget\NewWidget.class.php 第 10 行.
SQL: SELECT `id`,`title` FROM `sun_news` WHERE ( `del` = 0 ) ORDER BY id DESC LIMIT 6,6   [ RunTime:0.000601s ]
SQL: SELECT news.id AS id,news.title AS title,news.images AS images,news.description AS description,attr.id AS a_id FROM sun_news news LEFT JOIN sun_news_attr news_attr ON news.id = news_attr.nid RIGHT JOIN sun_attr attr ON news_attr.aid = attr.id WHERE ( `del` = 0 ) AND ( news.cid = 4 ) AND ( attr.id = 2 ) ORDER BY news.id DESC LIMIT 0,1   [ RunTime:0.001034s ]
NOTIC: [8] Use of undefined constant images - assumed 'images' D:\wamp5.3\www\Cache\Cache\Index\8ed2c844f6ed837cbecd724df679eeb0.php 第 1 行.
SQL: SELECT news.id AS id,news.title AS title,news.images AS images,news.description AS description,attr.id AS a_id FROM sun_news news LEFT JOIN sun_news_attr news_attr ON news.id = news_attr.nid RIGHT JOIN sun_attr attr ON news_attr.aid = attr.id WHERE ( `del` = 0 ) AND ( news.cid = 4 ) AND ( attr.id = 2 ) ORDER BY news.id DESC LIMIT 0,1   [ RunTime:0.000854s ]
SQL: SELECT `id`,`title` FROM `sun_news` WHERE ( `del` = 0 ) AND ( `cid` = 4 ) ORDER BY id DESC LIMIT 0,3   [ RunTime:0.000841s ]
SQL: SELECT news.id AS id,news.title AS title,news.images AS images,news.description AS description,attr.id AS a_id FROM sun_news news LEFT JOIN sun_news_attr news_attr ON news.id = news_attr.nid RIGHT JOIN sun_attr attr ON news_attr.aid = attr.id WHERE ( `del` = 0 ) AND ( news.cid = 3 ) AND ( attr.id = 2 ) ORDER BY news.id DESC LIMIT 0,1   [ RunTime:0.051322s ]
NOTIC: [8] Use of undefined constant images - assumed 'images' D:\wamp5.3\www\Cache\Cache\Index\8ed2c844f6ed837cbecd724df679eeb0.php 第 1 行.
SQL: SELECT news.id AS id,news.title AS title,news.images AS images,news.description AS description,attr.id AS a_id FROM sun_news news LEFT JOIN sun_news_attr news_attr ON news.id = news_attr.nid RIGHT JOIN sun_attr attr ON news_attr.aid = attr.id WHERE ( `del` = 0 ) AND ( news.cid = 3 ) AND ( attr.id = 2 ) ORDER BY news.id DESC LIMIT 0,1   [ RunTime:0.001791s ]
SQL: SELECT news.id AS id,news.title AS title,news.images AS images,news.description AS description,attr.id AS a_id FROM sun_news news LEFT JOIN sun_news_attr news_attr ON news.id = news_attr.nid RIGHT JOIN sun_attr attr ON news_attr.aid = attr.id WHERE ( `del` = 0 ) AND ( news.cid = 3 ) AND ( attr.id = 2 ) ORDER BY news.id DESC LIMIT 0,1   [ RunTime:0.001764s ]
SQL: SELECT `id`,`title` FROM `sun_news` WHERE ( `del` = 0 ) AND ( `cid` = 3 ) ORDER BY id DESC LIMIT 0,4   [ RunTime:0.014788s ]
SQL: SELECT news.id AS id,news.title AS title,news.images AS images,news.description AS description,attr.id AS a_id FROM sun_news news LEFT JOIN sun_news_attr news_attr ON news.id = news_attr.nid RIGHT JOIN sun_attr attr ON news_attr.aid = attr.id WHERE ( `del` = 0 ) AND ( news.cid = 12 ) AND ( attr.id = 2 ) ORDER BY news.id DESC LIMIT 0,1   [ RunTime:0.000763s ]
NOTIC: [8] Use of undefined constant images - assumed 'images' D:\wamp5.3\www\Cache\Cache\Index\8ed2c844f6ed837cbecd724df679eeb0.php 第 1 行.
SQL: SELECT news.id AS id,news.title AS title,news.images AS images,news.description AS description,attr.id AS a_id FROM sun_news news LEFT JOIN sun_news_attr news_attr ON news.id = news_attr.nid RIGHT JOIN sun_attr attr ON news_attr.aid = attr.id WHERE ( `del` = 0 ) AND ( news.cid = 12 ) AND ( attr.id = 2 ) ORDER BY news.id DESC LIMIT 0,1   [ RunTime:0.000889s ]
SQL: SELECT news.id AS id,news.title AS title,news.images AS images,news.description AS description,attr.id AS a_id FROM sun_news news LEFT JOIN sun_news_attr news_attr ON news.id = news_attr.nid RIGHT JOIN sun_attr attr ON news_attr.aid = attr.id WHERE ( `del` = 0 ) AND ( news.cid = 12 ) AND ( attr.id = 2 ) ORDER BY news.id DESC LIMIT 1,1   [ RunTime:0.000776s ]
NOTIC: [8] Use of undefined constant images - assumed 'images' D:\wamp5.3\www\Cache\Cache\Index\8ed2c844f6ed837cbecd724df679eeb0.php 第 1 行.
SQL: SELECT news.id AS id,news.title AS title,news.images AS images,news.description AS description,attr.id AS a_id FROM sun_news news LEFT JOIN sun_news_attr news_attr ON news.id = news_attr.nid RIGHT JOIN sun_attr attr ON news_attr.aid = attr.id WHERE ( `del` = 0 ) AND ( news.cid = 12 ) AND ( attr.id = 2 ) ORDER BY news.id DESC LIMIT 1,1   [ RunTime:0.000855s ]
SQL: SELECT news.id AS id,news.title AS title,news.images AS images,news.description AS description,attr.id AS a_id FROM sun_news news LEFT JOIN sun_news_attr news_attr ON news.id = news_attr.nid RIGHT JOIN sun_attr attr ON news_attr.aid = attr.id WHERE ( `del` = 0 ) AND ( news.cid = 12 ) AND ( attr.id = 2 ) ORDER BY news.id DESC LIMIT 2,1   [ RunTime:0.001035s ]
NOTIC: [8] Use of undefined constant images - assumed 'images' D:\wamp5.3\www\Cache\Cache\Index\8ed2c844f6ed837cbecd724df679eeb0.php 第 1 行.
SQL: SELECT news.id AS id,news.title AS title,news.images AS images,news.description AS description,attr.id AS a_id FROM sun_news news LEFT JOIN sun_news_attr news_attr ON news.id = news_attr.nid RIGHT JOIN sun_attr attr ON news_attr.aid = attr.id WHERE ( `del` = 0 ) AND ( news.cid = 12 ) AND ( attr.id = 2 ) ORDER BY news.id DESC LIMIT 2,1   [ RunTime:0.000872s ]
SQL: SELECT `id`,`title` FROM `sun_news` WHERE ( `del` = 0 ) AND ( `cid` = 10 ) ORDER BY id DESC LIMIT 0,6   [ RunTime:0.000745s ]
SQL: SELECT news.id AS id,news.title AS title,news.images AS images,news.description AS description,attr.id AS a_id FROM sun_news news LEFT JOIN sun_news_attr news_attr ON news.id = news_attr.nid RIGHT JOIN sun_attr attr ON news_attr.aid = attr.id WHERE ( `del` = 0 ) AND ( news.cid = 10 ) AND ( attr.id = 2 ) ORDER BY news.id DESC LIMIT 0,1   [ RunTime:0.000896s ]
NOTIC: [8] Use of undefined constant images - assumed 'images' D:\wamp5.3\www\Cache\Cache\Index\8ed2c844f6ed837cbecd724df679eeb0.php 第 1 行.
SQL: SELECT news.id AS id,news.title AS title,news.images AS images,news.description AS description,attr.id AS a_id FROM sun_news news LEFT JOIN sun_news_attr news_attr ON news.id = news_attr.nid RIGHT JOIN sun_attr attr ON news_attr.aid = attr.id WHERE ( `del` = 0 ) AND ( news.cid = 10 ) AND ( attr.id = 2 ) ORDER BY news.id DESC LIMIT 0,1   [ RunTime:0.000974s ]
SQL: SELECT news.id AS id,news.title AS title,news.images AS images,news.description AS description,attr.id AS a_id FROM sun_news news LEFT JOIN sun_news_attr news_attr ON news.id = news_attr.nid RIGHT JOIN sun_attr attr ON news_attr.aid = attr.id WHERE ( `del` = 0 ) AND ( news.cid = 10 ) AND ( attr.id = 2 ) ORDER BY news.id DESC LIMIT 1,1   [ RunTime:0.000782s ]
NOTIC: [8] Use of undefined constant images - assumed 'images' D:\wamp5.3\www\Cache\Cache\Index\8ed2c844f6ed837cbecd724df679eeb0.php 第 1 行.
SQL: SELECT news.id AS id,news.title AS title,news.images AS images,news.description AS description,attr.id AS a_id FROM sun_news news LEFT JOIN sun_news_attr news_attr ON news.id = news_attr.nid RIGHT JOIN sun_attr attr ON news_attr.aid = attr.id WHERE ( `del` = 0 ) AND ( news.cid = 10 ) AND ( attr.id = 2 ) ORDER BY news.id DESC LIMIT 1,1   [ RunTime:0.000977s ]
SQL: SELECT news.id AS id,news.title AS title,news.images AS images,news.description AS description,attr.id AS a_id FROM sun_news news LEFT JOIN sun_news_attr news_attr ON news.id = news_attr.nid RIGHT JOIN sun_attr attr ON news_attr.aid = attr.id WHERE ( `del` = 0 ) AND ( news.cid = 28 ) AND ( attr.id = 2 ) ORDER BY news.id DESC LIMIT 0,1   [ RunTime:0.000967s ]
SQL: SELECT news.id AS id,news.title AS title,news.images AS images,news.description AS description,attr.id AS a_id FROM sun_news news LEFT JOIN sun_news_attr news_attr ON news.id = news_attr.nid RIGHT JOIN sun_attr attr ON news_attr.aid = attr.id WHERE ( `del` = 0 ) AND ( news.cid = 28 ) AND ( attr.id = 2 ) ORDER BY news.id DESC LIMIT 0,1   [ RunTime:0.000702s ]
NOTIC: [8] Use of undefined constant images - assumed 'images' D:\wamp5.3\www\Cache\Cache\Index\8ed2c844f6ed837cbecd724df679eeb0.php 第 1 行.
SQL: SELECT news.id AS id,news.title AS title,news.images AS images,news.description AS description,attr.id AS a_id FROM sun_news news LEFT JOIN sun_news_attr news_attr ON news.id = news_attr.nid RIGHT JOIN sun_attr attr ON news_attr.aid = attr.id WHERE ( `del` = 0 ) AND ( news.cid = 28 ) AND ( attr.id = 2 ) ORDER BY news.id DESC LIMIT 0,1   [ RunTime:0.001163s ]
SQL: SELECT news.id AS id,news.title AS title,news.images AS images,news.description AS description,attr.id AS a_id FROM sun_news news LEFT JOIN sun_news_attr news_attr ON news.id = news_attr.nid RIGHT JOIN sun_attr attr ON news_attr.aid = attr.id WHERE ( `del` = 0 ) AND ( news.cid = 28 ) AND ( attr.id = 2 ) ORDER BY news.id DESC LIMIT 1,1   [ RunTime:0.000747s ]
SQL: SELECT news.id AS id,news.title AS title,news.images AS images,news.description AS description,attr.id AS a_id FROM sun_news news LEFT JOIN sun_news_attr news_attr ON news.id = news_attr.nid RIGHT JOIN sun_attr attr ON news_attr.aid = attr.id WHERE ( `del` = 0 ) AND ( news.cid = 28 ) AND ( attr.id = 2 ) ORDER BY news.id DESC LIMIT 1,1   [ RunTime:0.000725s ]
NOTIC: [8] Use of undefined constant images - assumed 'images' D:\wamp5.3\www\Cache\Cache\Index\8ed2c844f6ed837cbecd724df679eeb0.php 第 1 行.
SQL: SELECT news.id AS id,news.title AS title,news.images AS images,news.description AS description,attr.id AS a_id FROM sun_news news LEFT JOIN sun_news_attr news_attr ON news.id = news_attr.nid RIGHT JOIN sun_attr attr ON news_attr.aid = attr.id WHERE ( `del` = 0 ) AND ( news.cid = 28 ) AND ( attr.id = 2 ) ORDER BY news.id DESC LIMIT 1,1   [ RunTime:0.000517s ]
SQL: SELECT news.id AS id,news.title AS title,news.images AS images,news.description AS description,attr.id AS a_id FROM sun_news news LEFT JOIN sun_news_attr news_attr ON news.id = news_attr.nid RIGHT JOIN sun_attr attr ON news_attr.aid = attr.id WHERE ( `del` = 0 ) AND ( news.cid = 25 ) AND ( attr.id = 2 ) ORDER BY news.id DESC LIMIT 0,1   [ RunTime:0.000563s ]
SQL: SELECT news.id AS id,news.title AS title,news.images AS images,news.description AS description,attr.id AS a_id FROM sun_news news LEFT JOIN sun_news_attr news_attr ON news.id = news_attr.nid RIGHT JOIN sun_attr attr ON news_attr.aid = attr.id WHERE ( `del` = 0 ) AND ( news.cid = 25 ) AND ( attr.id = 2 ) ORDER BY news.id DESC LIMIT 0,1   [ RunTime:0.000553s ]
NOTIC: [8] Use of undefined constant images - assumed 'images' D:\wamp5.3\www\Cache\Cache\Index\8ed2c844f6ed837cbecd724df679eeb0.php 第 1 行.
SQL: SELECT news.id AS id,news.title AS title,news.images AS images,news.description AS description,attr.id AS a_id FROM sun_news news LEFT JOIN sun_news_attr news_attr ON news.id = news_attr.nid RIGHT JOIN sun_attr attr ON news_attr.aid = attr.id WHERE ( `del` = 0 ) AND ( news.cid = 25 ) AND ( attr.id = 2 ) ORDER BY news.id DESC LIMIT 0,1   [ RunTime:0.000799s ]
SQL: SELECT news.id AS id,news.title AS title,news.images AS images,news.description AS description,attr.id AS a_id FROM sun_news news LEFT JOIN sun_news_attr news_attr ON news.id = news_attr.nid RIGHT JOIN sun_attr attr ON news_attr.aid = attr.id WHERE ( `del` = 0 ) AND ( news.cid = 25 ) AND ( attr.id = 2 ) ORDER BY news.id DESC LIMIT 1,1   [ RunTime:0.000650s ]
SQL: SELECT news.id AS id,news.title AS title,news.images AS images,news.description AS description,attr.id AS a_id FROM sun_news news LEFT JOIN sun_news_attr news_attr ON news.id = news_attr.nid RIGHT JOIN sun_attr attr ON news_attr.aid = attr.id WHERE ( `del` = 0 ) AND ( news.cid = 25 ) AND ( attr.id = 2 ) ORDER BY news.id DESC LIMIT 1,1   [ RunTime:0.000603s ]
NOTIC: [8] Use of undefined constant images - assumed 'images' D:\wamp5.3\www\Cache\Cache\Index\8ed2c844f6ed837cbecd724df679eeb0.php 第 1 行.
SQL: SELECT news.id AS id,news.title AS title,news.images AS images,news.description AS description,attr.id AS a_id FROM sun_news news LEFT JOIN sun_news_attr news_attr ON news.id = news_attr.nid RIGHT JOIN sun_attr attr ON news_attr.aid = attr.id WHERE ( `del` = 0 ) AND ( news.cid = 25 ) AND ( attr.id = 2 ) ORDER BY news.id DESC LIMIT 1,1   [ RunTime:0.000740s ]
SQL: SELECT news.id AS id,news.title AS title,news.images AS images,news.description AS description,attr.id AS a_id FROM sun_news news LEFT JOIN sun_news_attr news_attr ON news.id = news_attr.nid RIGHT JOIN sun_attr attr ON news_attr.aid = attr.id WHERE ( `del` = 0 ) AND ( news.cid = 24 ) AND ( attr.id = 2 ) ORDER BY news.id DESC LIMIT 0,1   [ RunTime:0.000915s ]
SQL: SELECT news.id AS id,news.title AS title,news.images AS images,news.description AS description,attr.id AS a_id FROM sun_news news LEFT JOIN sun_news_attr news_attr ON news.id = news_attr.nid RIGHT JOIN sun_attr attr ON news_attr.aid = attr.id WHERE ( `del` = 0 ) AND ( news.cid = 24 ) AND ( attr.id = 2 ) ORDER BY news.id DESC LIMIT 0,1   [ RunTime:0.000631s ]
NOTIC: [8] Use of undefined constant images - assumed 'images' D:\wamp5.3\www\Cache\Cache\Index\8ed2c844f6ed837cbecd724df679eeb0.php 第 1 行.
SQL: SELECT news.id AS id,news.title AS title,news.images AS images,news.description AS description,attr.id AS a_id FROM sun_news news LEFT JOIN sun_news_attr news_attr ON news.id = news_attr.nid RIGHT JOIN sun_attr attr ON news_attr.aid = attr.id WHERE ( `del` = 0 ) AND ( news.cid = 24 ) AND ( attr.id = 2 ) ORDER BY news.id DESC LIMIT 0,1   [ RunTime:0.000480s ]
SQL: SELECT news.id AS id,news.title AS title,news.images AS images,news.description AS description,attr.id AS a_id FROM sun_news news LEFT JOIN sun_news_attr news_attr ON news.id = news_attr.nid RIGHT JOIN sun_attr attr ON news_attr.aid = attr.id WHERE ( `del` = 0 ) AND ( news.cid = 24 ) AND ( attr.id = 2 ) ORDER BY news.id DESC LIMIT 1,1   [ RunTime:0.000856s ]
SQL: SELECT news.id AS id,news.title AS title,news.images AS images,news.description AS description,attr.id AS a_id FROM sun_news news LEFT JOIN sun_news_attr news_attr ON news.id = news_attr.nid RIGHT JOIN sun_attr attr ON news_attr.aid = attr.id WHERE ( `del` = 0 ) AND ( news.cid = 24 ) AND ( attr.id = 2 ) ORDER BY news.id DESC LIMIT 1,1   [ RunTime:0.000827s ]
NOTIC: [8] Use of undefined constant images - assumed 'images' D:\wamp5.3\www\Cache\Cache\Index\8ed2c844f6ed837cbecd724df679eeb0.php 第 1 行.
SQL: SELECT news.id AS id,news.title AS title,news.images AS images,news.description AS description,attr.id AS a_id FROM sun_news news LEFT JOIN sun_news_attr news_attr ON news.id = news_attr.nid RIGHT JOIN sun_attr attr ON news_attr.aid = attr.id WHERE ( `del` = 0 ) AND ( news.cid = 24 ) AND ( attr.id = 2 ) ORDER BY news.id DESC LIMIT 1,1   [ RunTime:0.000939s ]
SQL: SELECT news.id AS id,news.title AS title,news.images AS images,news.description AS description,attr.id AS a_id FROM sun_news news LEFT JOIN sun_news_attr news_attr ON news.id = news_attr.nid RIGHT JOIN sun_attr attr ON news_attr.aid = attr.id WHERE ( `del` = 0 ) AND ( news.cid = 5 ) AND ( attr.id = 2 ) ORDER BY news.id DESC LIMIT 0,1   [ RunTime:0.000693s ]
SQL: SELECT news.id AS id,news.title AS title,news.images AS images,news.description AS description,attr.id AS a_id FROM sun_news news LEFT JOIN sun_news_attr news_attr ON news.id = news_attr.nid RIGHT JOIN sun_attr attr ON news_attr.aid = attr.id WHERE ( `del` = 0 ) AND ( news.cid = 5 ) AND ( attr.id = 2 ) ORDER BY news.id DESC LIMIT 0,1   [ RunTime:0.000833s ]
NOTIC: [8] Use of undefined constant images - assumed 'images' D:\wamp5.3\www\Cache\Cache\Index\8ed2c844f6ed837cbecd724df679eeb0.php 第 1 行.
SQL: SELECT news.id AS id,news.title AS title,news.images AS images,news.description AS description,attr.id AS a_id FROM sun_news news LEFT JOIN sun_news_attr news_attr ON news.id = news_attr.nid RIGHT JOIN sun_attr attr ON news_attr.aid = attr.id WHERE ( `del` = 0 ) AND ( news.cid = 5 ) AND ( attr.id = 2 ) ORDER BY news.id DESC LIMIT 0,1   [ RunTime:0.000826s ]
SQL: SELECT news.id AS id,news.title AS title,news.images AS images,news.description AS description,attr.id AS a_id FROM sun_news news LEFT JOIN sun_news_attr news_attr ON news.id = news_attr.nid RIGHT JOIN sun_attr attr ON news_attr.aid = attr.id WHERE ( `del` = 0 ) AND ( news.cid = 5 ) AND ( attr.id = 2 ) ORDER BY news.id DESC LIMIT 1,1   [ RunTime:0.000729s ]
SQL: SELECT news.id AS id,news.title AS title,news.images AS images,news.description AS description,attr.id AS a_id FROM sun_news news LEFT JOIN sun_news_attr news_attr ON news.id = news_attr.nid RIGHT JOIN sun_attr attr ON news_attr.aid = attr.id WHERE ( `del` = 0 ) AND ( news.cid = 5 ) AND ( attr.id = 2 ) ORDER BY news.id DESC LIMIT 1,1   [ RunTime:0.000565s ]
NOTIC: [8] Use of undefined constant images - assumed 'images' D:\wamp5.3\www\Cache\Cache\Index\8ed2c844f6ed837cbecd724df679eeb0.php 第 1 行.
SQL: SELECT news.id AS id,news.title AS title,news.images AS images,news.description AS description,attr.id AS a_id FROM sun_news news LEFT JOIN sun_news_attr news_attr ON news.id = news_attr.nid RIGHT JOIN sun_attr attr ON news_attr.aid = attr.id WHERE ( `del` = 0 ) AND ( news.cid = 5 ) AND ( attr.id = 2 ) ORDER BY news.id DESC LIMIT 1,1   [ RunTime:0.000761s ]
SQL: SELECT news.id AS id,news.title AS title,news.images AS images,news.description AS description,attr.id AS a_id FROM sun_news news LEFT JOIN sun_news_attr news_attr ON news.id = news_attr.nid RIGHT JOIN sun_attr attr ON news_attr.aid = attr.id WHERE ( `del` = 0 ) AND ( news.cid = 9 ) AND ( attr.id = 2 ) ORDER BY news.id DESC LIMIT 0,1   [ RunTime:0.000604s ]
NOTIC: [8] Use of undefined constant images - assumed 'images' D:\wamp5.3\www\Cache\Cache\Index\8ed2c844f6ed837cbecd724df679eeb0.php 第 1 行.
SQL: SELECT news.id AS id,news.title AS title,news.images AS images,news.description AS description,attr.id AS a_id FROM sun_news news LEFT JOIN sun_news_attr news_attr ON news.id = news_attr.nid RIGHT JOIN sun_attr attr ON news_attr.aid = attr.id WHERE ( `del` = 0 ) AND ( news.cid = 9 ) AND ( attr.id = 2 ) ORDER BY news.id DESC LIMIT 0,1   [ RunTime:0.000512s ]
SQL: SELECT news.id AS id,news.title AS title,news.images AS images,news.description AS description,attr.id AS a_id FROM sun_news news LEFT JOIN sun_news_attr news_attr ON news.id = news_attr.nid RIGHT JOIN sun_attr attr ON news_attr.aid = attr.id WHERE ( `del` = 0 ) AND ( news.cid = 9 ) AND ( attr.id = 2 ) ORDER BY news.id DESC LIMIT 1,1   [ RunTime:0.000517s ]
NOTIC: [8] Use of undefined constant images - assumed 'images' D:\wamp5.3\www\Cache\Cache\Index\8ed2c844f6ed837cbecd724df679eeb0.php 第 1 行.
SQL: SELECT news.id AS id,news.title AS title,news.images AS images,news.description AS description,attr.id AS a_id FROM sun_news news LEFT JOIN sun_news_attr news_attr ON news.id = news_attr.nid RIGHT JOIN sun_attr attr ON news_attr.aid = attr.id WHERE ( `del` = 0 ) AND ( news.cid = 9 ) AND ( attr.id = 2 ) ORDER BY news.id DESC LIMIT 1,1   [ RunTime:0.000747s ]
SQL: SELECT news.id AS id,news.title AS title,news.images AS images,news.description AS description,attr.id AS a_id FROM sun_news news LEFT JOIN sun_news_attr news_attr ON news.id = news_attr.nid RIGHT JOIN sun_attr attr ON news_attr.aid = attr.id WHERE ( `del` = 0 ) AND ( news.cid = 9 ) AND ( attr.id = 2 ) ORDER BY news.id DESC LIMIT 2,1   [ RunTime:0.000666s ]
NOTIC: [8] Use of undefined constant images - assumed 'images' D:\wamp5.3\www\Cache\Cache\Index\8ed2c844f6ed837cbecd724df679eeb0.php 第 1 行.
SQL: SELECT news.id AS id,news.title AS title,news.images AS images,news.description AS description,attr.id AS a_id FROM sun_news news LEFT JOIN sun_news_attr news_attr ON news.id = news_attr.nid RIGHT JOIN sun_attr attr ON news_attr.aid = attr.id WHERE ( `del` = 0 ) AND ( news.cid = 9 ) AND ( attr.id = 2 ) ORDER BY news.id DESC LIMIT 2,1   [ RunTime:0.000481s ]
SQL: SELECT news.id AS id,news.title AS title,news.images AS images,news.description AS description,attr.id AS a_id FROM sun_news news LEFT JOIN sun_news_attr news_attr ON news.id = news_attr.nid RIGHT JOIN sun_attr attr ON news_attr.aid = attr.id WHERE ( `del` = 0 ) AND ( news.cid = 9 ) AND ( attr.id = 2 ) ORDER BY news.id DESC LIMIT 3,1   [ RunTime:0.000472s ]
NOTIC: [8] Use of undefined constant images - assumed 'images' D:\wamp5.3\www\Cache\Cache\Index\8ed2c844f6ed837cbecd724df679eeb0.php 第 1 行.
SQL: SELECT news.id AS id,news.title AS title,news.images AS images,news.description AS description,attr.id AS a_id FROM sun_news news LEFT JOIN sun_news_attr news_attr ON news.id = news_attr.nid RIGHT JOIN sun_attr attr ON news_attr.aid = attr.id WHERE ( `del` = 0 ) AND ( news.cid = 9 ) AND ( attr.id = 2 ) ORDER BY news.id DESC LIMIT 3,1   [ RunTime:0.000682s ]
SQL: SELECT news.id AS id,news.title AS title,news.images AS images,news.description AS description,attr.id AS a_id FROM sun_news news LEFT JOIN sun_news_attr news_attr ON news.id = news_attr.nid RIGHT JOIN sun_attr attr ON news_attr.aid = attr.id WHERE ( `del` = 0 ) AND ( news.cid = 9 ) AND ( attr.id = 2 ) ORDER BY news.id DESC LIMIT 4,1   [ RunTime:0.000692s ]
NOTIC: [8] Use of undefined constant images - assumed 'images' D:\wamp5.3\www\Cache\Cache\Index\8ed2c844f6ed837cbecd724df679eeb0.php 第 1 行.
SQL: SELECT news.id AS id,news.title AS title,news.images AS images,news.description AS description,attr.id AS a_id FROM sun_news news LEFT JOIN sun_news_attr news_attr ON news.id = news_attr.nid RIGHT JOIN sun_attr attr ON news_attr.aid = attr.id WHERE ( `del` = 0 ) AND ( news.cid = 9 ) AND ( attr.id = 2 ) ORDER BY news.id DESC LIMIT 4,1   [ RunTime:0.000871s ]
SQL: SELECT news.id AS id,news.title AS title,news.images AS images,news.description AS description,attr.id AS a_id FROM sun_news news LEFT JOIN sun_news_attr news_attr ON news.id = news_attr.nid RIGHT JOIN sun_attr attr ON news_attr.aid = attr.id WHERE ( `del` = 0 ) AND ( news.cid = 26 ) AND ( attr.id = 2 ) ORDER BY news.id DESC LIMIT 0,1   [ RunTime:0.000744s ]
NOTIC: [8] Use of undefined constant images - assumed 'images' D:\wamp5.3\www\Cache\Cache\Index\8ed2c844f6ed837cbecd724df679eeb0.php 第 1 行.
SQL: SELECT news.id AS id,news.title AS title,news.images AS images,news.description AS description,attr.id AS a_id FROM sun_news news LEFT JOIN sun_news_attr news_attr ON news.id = news_attr.nid RIGHT JOIN sun_attr attr ON news_attr.aid = attr.id WHERE ( `del` = 0 ) AND ( news.cid = 26 ) AND ( attr.id = 2 ) ORDER BY news.id DESC LIMIT 0,1   [ RunTime:0.000775s ]
SQL: SELECT news.id AS id,news.title AS title,news.images AS images,news.description AS description,attr.id AS a_id FROM sun_news news LEFT JOIN sun_news_attr news_attr ON news.id = news_attr.nid RIGHT JOIN sun_attr attr ON news_attr.aid = attr.id WHERE ( `del` = 0 ) AND ( news.cid = 26 ) AND ( attr.id = 2 ) ORDER BY news.id DESC LIMIT 0,1   [ RunTime:0.000740s ]
SQL: SELECT `id`,`title` FROM `sun_news` WHERE ( `del` = 0 ) AND ( `cid` = 26 ) ORDER BY id DESC LIMIT 0,7   [ RunTime:0.000593s ]
SQL: SELECT news.id AS id,news.title AS title,news.images AS images,news.description AS description,attr.id AS a_id FROM sun_news news LEFT JOIN sun_news_attr news_attr ON news.id = news_attr.nid RIGHT JOIN sun_attr attr ON news_attr.aid = attr.id WHERE ( `del` = 0 ) AND ( news.cid = 27 ) AND ( attr.id = 2 ) ORDER BY news.id DESC LIMIT 0,1   [ RunTime:0.000909s ]
NOTIC: [8] Use of undefined constant images - assumed 'images' D:\wamp5.3\www\Cache\Cache\Index\8ed2c844f6ed837cbecd724df679eeb0.php 第 1 行.
SQL: SELECT news.id AS id,news.title AS title,news.images AS images,news.description AS description,attr.id AS a_id FROM sun_news news LEFT JOIN sun_news_attr news_attr ON news.id = news_attr.nid RIGHT JOIN sun_attr attr ON news_attr.aid = attr.id WHERE ( `del` = 0 ) AND ( news.cid = 27 ) AND ( attr.id = 2 ) ORDER BY news.id DESC LIMIT 0,1   [ RunTime:0.000946s ]
SQL: SELECT news.id AS id,news.title AS title,news.images AS images,news.description AS description,attr.id AS a_id FROM sun_news news LEFT JOIN sun_news_attr news_attr ON news.id = news_attr.nid RIGHT JOIN sun_attr attr ON news_attr.aid = attr.id WHERE ( `del` = 0 ) AND ( news.cid = 27 ) AND ( attr.id = 2 ) ORDER BY news.id DESC LIMIT 0,1   [ RunTime:0.000727s ]
SQL: SELECT `id`,`title` FROM `sun_news` WHERE ( `del` = 0 ) AND ( `cid` = 27 ) ORDER BY id DESC LIMIT 0,7   [ RunTime:0.000491s ]
INFO: ParseTemplate Behavior ::run [ RunTime:1.430387s ]
INFO: [ view_parse ] --END-- [ RunTime:1.430588s ]
INFO: [ view_filter ] --START--
INFO: ContentReplace Behavior ::run [ RunTime:0.012463s ]
INFO: TokenBuild Behavior ::run [ RunTime:0.003942s ]
INFO: WriteHtmlCache Behavior ::run [ RunTime:0.004616s ]
INFO: ShowRuntime Behavior ::run [ RunTime:0.009438s ]
INFO: [ view_filter ] --END-- [ RunTime:0.030921s ]
INFO: [ view_end ] --START--
INFO: ShowPageTrace Behavior ::run [ RunTime:0.013256s ]
INFO: [ view_end ] --END-- [ RunTime:0.013443s ]

