[ 2014-04-03T10:50:41+08:00 ] 127.0.0.1 /login.html
INFO: [ route_check ] --START--
INFO: CheckRoute Behavior ::run [ RunTime:0.001912s ]
INFO: [ route_check ] --END-- [ RunTime:0.002075s ]
INFO: [ app_begin ] --START--
INFO: ReadHtmlCache Behavior ::run [ RunTime:0.000684s ]
INFO: [ app_begin ] --END-- [ RunTime:0.000801s ]
INFO: [ view_parse ] --START--
INFO: ParseTemplate Behavior ::run [ RunTime:0.026693s ]
INFO: [ view_parse ] --END-- [ RunTime:0.026871s ]
INFO: [ view_filter ] --START--
INFO: ContentReplace Behavior ::run [ RunTime:0.000708s ]
INFO: TokenBuild Behavior ::run [ RunTime:0.000639s ]
INFO: WriteHtmlCache Behavior ::run [ RunTime:0.000493s ]
INFO: ShowRuntime Behavior ::run [ RunTime:0.000741s ]
INFO: [ view_filter ] --END-- [ RunTime:0.002893s ]
INFO: [ view_end ] --START--
INFO: ShowPageTrace Behavior ::run [ RunTime:0.000784s ]
INFO: [ view_end ] --END-- [ RunTime:0.000899s ]

[ 2014-04-03T10:50:41+08:00 ] 127.0.0.1 /verify.html
INFO: [ route_check ] --START--
INFO: CheckRoute Behavior ::run [ RunTime:0.001881s ]
INFO: [ route_check ] --END-- [ RunTime:0.002031s ]
INFO: [ app_begin ] --START--
INFO: ReadHtmlCache Behavior ::run [ RunTime:0.000654s ]
INFO: [ app_begin ] --END-- [ RunTime:0.000772s ]

[ 2014-04-03T10:50:43+08:00 ] 127.0.0.1 /qqlogin.html
INFO: [ route_check ] --START--
INFO: CheckRoute Behavior ::run [ RunTime:0.001895s ]
INFO: [ route_check ] --END-- [ RunTime:0.002070s ]
INFO: [ app_begin ] --START--
INFO: ReadHtmlCache Behavior ::run [ RunTime:0.000776s ]
INFO: [ app_begin ] --END-- [ RunTime:0.000900s ]
NOTIC: [8] A session had already been started - ignoring session_start() D:\wamp5.3\www\Index\Connect\API\qqConnectAPI.class.php 第 2 行.
NOTIC: [8] Undefined index: state D:\wamp5.3\www\Index\Connect\API\class\Oauth.class.php 第 57 行.
NOTIC: [8] Undefined index: code D:\wamp5.3\www\Index\Connect\API\class\Oauth.class.php 第 67 行.
NOTIC: [2] file_get_contents() [<a href='function.file-get-contents'>function.file-get-contents</a>]: Unable to find the wrapper &quot;https&quot; - did you forget to enable it when you configured PHP? D:\wamp5.3\www\Index\Connect\API\class\URL.class.php 第 49 行.
NOTIC: [2] file_get_contents(https://graph.qq.com/oauth2.0/token?grant_type=authorization_code&amp;client_id=101053078&amp;redirect_uri=http%3A%2F%2Flocalhost&amp;client_secret=7c90916d098ddcd2113b84f6ff3bc57c&amp;code=) [<a href='function.file-get-contents'>function.file-get-contents</a>]: failed to open stream: No such file or directory D:\wamp5.3\www\Index\Connect\API\class\URL.class.php 第 49 行.

